<?xml version="1.0" encoding="UTF-8"?>
<testsuite name="com.littlesight.springboot.web.HelloControllerTest" tests="2" skipped="0" failures="0" errors="0" timestamp="2020-09-05T14:26:51" hostname="springboot-webservice" time="0.306">
  <properties/>
  <testcase name="helloDto_return" classname="com.littlesight.springboot.web.HelloControllerTest" time="0.285"/>
  <testcase name="hello_return" classname="com.littlesight.springboot.web.HelloControllerTest" time="0.019"/>
  <system-out><![CDATA[2020-09-05 23:26:50.183  INFO 3527 --- [    Test worker] .b.t.a.w.s.WebMvcTestContextBootstrapper : Neither @ContextConfiguration nor @ContextHierarchy found for test class [com.littlesight.springboot.web.HelloControllerTest], using SpringBootContextLoader
2020-09-05 23:26:50.185  INFO 3527 --- [    Test worker] o.s.t.c.support.AbstractContextLoader    : Could not detect default resource locations for test class [com.littlesight.springboot.web.HelloControllerTest]: no resource found for suffixes {-context.xml, Context.groovy}.
2020-09-05 23:26:50.187  INFO 3527 --- [    Test worker] t.c.s.AnnotationConfigContextLoaderUtils : Could not detect default configuration classes for test class [com.littlesight.springboot.web.HelloControllerTest]: HelloControllerTest does not declare any static, non-private, non-final, nested classes annotated with @Configuration.
2020-09-05 23:26:50.250  INFO 3527 --- [    Test worker] .b.t.c.SpringBootTestContextBootstrapper : Found @SpringBootConfiguration com.littlesight.springboot.Application for test class com.littlesight.springboot.web.HelloControllerTest
2020-09-05 23:26:50.253  INFO 3527 --- [    Test worker] .b.t.a.w.s.WebMvcTestContextBootstrapper : Loaded default TestExecutionListener class names from location [META-INF/spring.factories]: [org.springframework.security.test.context.support.WithSecurityContextTestExecutionListener, org.springframework.security.test.context.support.ReactorContextTestExecutionListener, org.springframework.boot.test.autoconfigure.restdocs.RestDocsTestExecutionListener, org.springframework.boot.test.autoconfigure.web.client.MockRestServiceServerResetTestExecutionListener, org.springframework.boot.test.autoconfigure.web.servlet.MockMvcPrintOnlyOnFailureTestExecutionListener, org.springframework.boot.test.autoconfigure.web.servlet.WebDriverTestExecutionListener, org.springframework.boot.test.mock.mockito.MockitoTestExecutionListener, org.springframework.boot.test.mock.mockito.ResetMocksTestExecutionListener, org.springframework.test.context.web.ServletTestExecutionListener, org.springframework.test.context.support.DirtiesContextBeforeModesTestExecutionListener, org.springframework.test.context.support.DependencyInjectionTestExecutionListener, org.springframework.test.context.support.DirtiesContextTestExecutionListener, org.springframework.test.context.transaction.TransactionalTestExecutionListener, org.springframework.test.context.jdbc.SqlScriptsTestExecutionListener]
2020-09-05 23:26:50.254  INFO 3527 --- [    Test worker] .b.t.a.w.s.WebMvcTestContextBootstrapper : Using TestExecutionListeners: [org.springframework.test.context.web.ServletTestExecutionListener@2facb0c6, org.springframework.test.context.support.DirtiesContextBeforeModesTestExecutionListener@60ad53d3, org.springframework.boot.test.mock.mockito.MockitoTestExecutionListener@183296fb, org.springframework.boot.test.autoconfigure.SpringBootDependencyInjectionTestExecutionListener@58b87293, org.springframework.test.context.support.DirtiesContextTestExecutionListener@1258c3c2, org.springframework.test.context.transaction.TransactionalTestExecutionListener@18e13991, org.springframework.test.context.jdbc.SqlScriptsTestExecutionListener@14e8e138, org.springframework.security.test.context.support.WithSecurityContextTestExecutionListener@fdf25dc, org.springframework.security.test.context.support.ReactorContextTestExecutionListener@5b4db136, org.springframework.boot.test.autoconfigure.restdocs.RestDocsTestExecutionListener@4af1367f, org.springframework.boot.test.autoconfigure.web.client.MockRestServiceServerResetTestExecutionListener@1943ff38, org.springframework.boot.test.autoconfigure.web.servlet.MockMvcPrintOnlyOnFailureTestExecutionListener@6f44c809, org.springframework.boot.test.autoconfigure.web.servlet.WebDriverTestExecutionListener@593610d6, org.springframework.boot.test.mock.mockito.ResetMocksTestExecutionListener@1ab79741]

  .   ____          _            __ _ _
 /\\ / ___'_ __ _ _(_)_ __  __ _ \ \ \ \
( ( )\___ | '_ | '_| | '_ \/ _` | \ \ \ \
 \\/  ___)| |_)| | | | | || (_| |  ) ) ) )
  '  |____| .__|_| |_|_| |_\__, | / / / /
 =========|_|==============|___/=/_/_/_/
 :: Spring Boot ::        (v2.1.7.RELEASE)

2020-09-05 23:26:50.315  INFO 3527 --- [    Test worker] c.l.springboot.web.HelloControllerTest   : Starting HelloControllerTest on springboot-webservice with PID 3527 (started by ec2-user in /home/ec2-user/app/step1/springboot)
2020-09-05 23:26:50.319  INFO 3527 --- [    Test worker] c.l.springboot.web.HelloControllerTest   : No active profile set, falling back to default profiles: default
2020-09-05 23:26:51.114  INFO 3527 --- [    Test worker] o.s.s.concurrent.ThreadPoolTaskExecutor  : Initializing ExecutorService 'applicationTaskExecutor'
2020-09-05 23:26:51.193  INFO 3527 --- [    Test worker] o.s.b.a.w.s.WelcomePageHandlerMapping    : Adding welcome page template: index
2020-09-05 23:26:51.568  INFO 3527 --- [    Test worker] .s.s.UserDetailsServiceAutoConfiguration : 

Using generated security password: 0138b3cc-614d-40e2-b3ac-926803c19940

2020-09-05 23:26:51.793  INFO 3527 --- [    Test worker] o.s.s.web.DefaultSecurityFilterChain     : Creating filter chain: any request, [org.springframework.security.web.context.request.async.WebAsyncManagerIntegrationFilter@a5e160d, org.springframework.security.web.context.SecurityContextPersistenceFilter@cfe9d2b, org.springframework.security.web.header.HeaderWriterFilter@57d4757b, org.springframework.security.web.csrf.CsrfFilter@43bc7227, org.springframework.security.web.authentication.logout.LogoutFilter@2ecefef0, org.springframework.security.web.authentication.UsernamePasswordAuthenticationFilter@71cc702a, org.springframework.security.web.authentication.ui.DefaultLoginPageGeneratingFilter@7ca1f86f, org.springframework.security.web.authentication.ui.DefaultLogoutPageGeneratingFilter@1d93c7d6, org.springframework.security.web.authentication.www.BasicAuthenticationFilter@73d1bbb1, org.springframework.security.web.savedrequest.RequestCacheAwareFilter@378bd2bc, org.springframework.security.web.servletapi.SecurityContextHolderAwareRequestFilter@4300069b, org.springframework.security.web.authentication.AnonymousAuthenticationFilter@63e1fbe6, org.springframework.security.web.session.SessionManagementFilter@775918ec, org.springframework.security.web.access.ExceptionTranslationFilter@494e4008, org.springframework.security.web.access.intercept.FilterSecurityInterceptor@5478525a]
2020-09-05 23:26:51.860  INFO 3527 --- [    Test worker] o.s.b.t.m.w.SpringBootMockServletContext : Initializing Spring TestDispatcherServlet ''
2020-09-05 23:26:51.865  INFO 3527 --- [    Test worker] o.s.t.web.servlet.TestDispatcherServlet  : Initializing Servlet ''
2020-09-05 23:26:51.886  INFO 3527 --- [    Test worker] o.s.t.web.servlet.TestDispatcherServlet  : Completed initialization in 21 ms
2020-09-05 23:26:51.943  INFO 3527 --- [    Test worker] c.l.springboot.web.HelloControllerTest   : Started HelloControllerTest in 1.669 seconds (JVM running for 17.909)
]]></system-out>
  <system-err><![CDATA[]]></system-err>
</testsuite>
