<?xml version="1.0" encoding="UTF-8"?>
<<<<<<< Updated upstream
<testsuite name="com.littlesight.springboot.web.dto.HelloResponseDtoTest" tests="1" skipped="0" failures="0" errors="0" timestamp="2020-09-01T13:30:24" hostname="DESKTOP-Q41C016" time="0.003">
=======
<testsuite name="com.littlesight.springboot.web.dto.HelloResponseDtoTest" tests="1" skipped="0" failures="0" errors="0" timestamp="2020-09-05T13:38:42" hostname="springboot-webservice" time="0.005">
>>>>>>> Stashed changes
  <properties/>
  <testcase name="lombok_function_test" classname="com.littlesight.springboot.web.dto.HelloResponseDtoTest" time="0.005"/>
  <system-out><![CDATA[]]></system-out>
  <system-err><![CDATA[]]></system-err>
</testsuite>
