<?xml version="1.0" encoding="UTF-8"?>
<<<<<<< Updated upstream
<testsuite name="com.littlesight.springboot.web.IndexControllerTest" tests="1" skipped="0" failures="0" errors="0" timestamp="2020-09-01T13:30:31" hostname="DESKTOP-Q41C016" time="0.235">
  <properties/>
  <testcase name="mainPage_Loading" classname="com.littlesight.springboot.web.IndexControllerTest" time="0.235"/>
  <system-out><![CDATA[2020-09-01 22:30:26.875  INFO 32492 --- [    Test worker] .b.t.c.SpringBootTestContextBootstrapper : Neither @ContextConfiguration nor @ContextHierarchy found for test class [com.littlesight.springboot.web.IndexControllerTest], using SpringBootContextLoader
2020-09-01 22:30:26.878  INFO 32492 --- [    Test worker] o.s.t.c.support.AbstractContextLoader    : Could not detect default resource locations for test class [com.littlesight.springboot.web.IndexControllerTest]: no resource found for suffixes {-context.xml, Context.groovy}.
2020-09-01 22:30:26.880  INFO 32492 --- [    Test worker] t.c.s.AnnotationConfigContextLoaderUtils : Could not detect default configuration classes for test class [com.littlesight.springboot.web.IndexControllerTest]: IndexControllerTest does not declare any static, non-private, non-final, nested classes annotated with @Configuration.
2020-09-01 22:30:26.884  INFO 32492 --- [    Test worker] .b.t.c.SpringBootTestContextBootstrapper : Found @SpringBootConfiguration com.littlesight.springboot.Application for test class com.littlesight.springboot.web.IndexControllerTest
2020-09-01 22:30:26.888  INFO 32492 --- [    Test worker] .b.t.c.SpringBootTestContextBootstrapper : Loaded default TestExecutionListener class names from location [META-INF/spring.factories]: [org.springframework.security.test.context.support.WithSecurityContextTestExecutionListener, org.springframework.security.test.context.support.ReactorContextTestExecutionListener, org.springframework.boot.test.autoconfigure.restdocs.RestDocsTestExecutionListener, org.springframework.boot.test.autoconfigure.web.client.MockRestServiceServerResetTestExecutionListener, org.springframework.boot.test.autoconfigure.web.servlet.MockMvcPrintOnlyOnFailureTestExecutionListener, org.springframework.boot.test.autoconfigure.web.servlet.WebDriverTestExecutionListener, org.springframework.boot.test.mock.mockito.MockitoTestExecutionListener, org.springframework.boot.test.mock.mockito.ResetMocksTestExecutionListener, org.springframework.test.context.web.ServletTestExecutionListener, org.springframework.test.context.support.DirtiesContextBeforeModesTestExecutionListener, org.springframework.test.context.support.DependencyInjectionTestExecutionListener, org.springframework.test.context.support.DirtiesContextTestExecutionListener, org.springframework.test.context.transaction.TransactionalTestExecutionListener, org.springframework.test.context.jdbc.SqlScriptsTestExecutionListener]
2020-09-01 22:30:26.890  INFO 32492 --- [    Test worker] .b.t.c.SpringBootTestContextBootstrapper : Using TestExecutionListeners: [org.springframework.test.context.web.ServletTestExecutionListener@77e65f9b, org.springframework.test.context.support.DirtiesContextBeforeModesTestExecutionListener@16f5ec36, org.springframework.boot.test.mock.mockito.MockitoTestExecutionListener@7e865549, org.springframework.boot.test.autoconfigure.SpringBootDependencyInjectionTestExecutionListener@b27dfc4, org.springframework.test.context.support.DirtiesContextTestExecutionListener@4ef853bc, org.springframework.test.context.transaction.TransactionalTestExecutionListener@77559209, org.springframework.test.context.jdbc.SqlScriptsTestExecutionListener@3bb5adb7, org.springframework.security.test.context.support.WithSecurityContextTestExecutionListener@ed99cfa, org.springframework.security.test.context.support.ReactorContextTestExecutionListener@2304b2e, org.springframework.boot.test.autoconfigure.restdocs.RestDocsTestExecutionListener@592e44bb, org.springframework.boot.test.autoconfigure.web.client.MockRestServiceServerResetTestExecutionListener@4fe0823c, org.springframework.boot.test.autoconfigure.web.servlet.MockMvcPrintOnlyOnFailureTestExecutionListener@d1cf976, org.springframework.boot.test.autoconfigure.web.servlet.WebDriverTestExecutionListener@d75bac0, org.springframework.boot.test.mock.mockito.ResetMocksTestExecutionListener@26553c49]
=======
<testsuite name="com.littlesight.springboot.web.IndexControllerTest" tests="1" skipped="0" failures="0" errors="0" timestamp="2020-09-05T13:38:42" hostname="springboot-webservice" time="0.361">
  <properties/>
  <testcase name="mainPage_Loading" classname="com.littlesight.springboot.web.IndexControllerTest" time="0.361"/>
  <system-out><![CDATA[2020-09-05 22:38:37.921  INFO 2970 --- [    Test worker] .b.t.c.SpringBootTestContextBootstrapper : Neither @ContextConfiguration nor @ContextHierarchy found for test class [com.littlesight.springboot.web.IndexControllerTest], using SpringBootContextLoader
2020-09-05 22:38:37.925  INFO 2970 --- [    Test worker] o.s.t.c.support.AbstractContextLoader    : Could not detect default resource locations for test class [com.littlesight.springboot.web.IndexControllerTest]: no resource found for suffixes {-context.xml, Context.groovy}.
2020-09-05 22:38:37.928  INFO 2970 --- [    Test worker] t.c.s.AnnotationConfigContextLoaderUtils : Could not detect default configuration classes for test class [com.littlesight.springboot.web.IndexControllerTest]: IndexControllerTest does not declare any static, non-private, non-final, nested classes annotated with @Configuration.
2020-09-05 22:38:37.930  INFO 2970 --- [    Test worker] .b.t.c.SpringBootTestContextBootstrapper : Found @SpringBootConfiguration com.littlesight.springboot.Application for test class com.littlesight.springboot.web.IndexControllerTest
2020-09-05 22:38:37.932  INFO 2970 --- [    Test worker] .b.t.c.SpringBootTestContextBootstrapper : Loaded default TestExecutionListener class names from location [META-INF/spring.factories]: [org.springframework.security.test.context.support.WithSecurityContextTestExecutionListener, org.springframework.security.test.context.support.ReactorContextTestExecutionListener, org.springframework.boot.test.autoconfigure.restdocs.RestDocsTestExecutionListener, org.springframework.boot.test.autoconfigure.web.client.MockRestServiceServerResetTestExecutionListener, org.springframework.boot.test.autoconfigure.web.servlet.MockMvcPrintOnlyOnFailureTestExecutionListener, org.springframework.boot.test.autoconfigure.web.servlet.WebDriverTestExecutionListener, org.springframework.boot.test.mock.mockito.MockitoTestExecutionListener, org.springframework.boot.test.mock.mockito.ResetMocksTestExecutionListener, org.springframework.test.context.web.ServletTestExecutionListener, org.springframework.test.context.support.DirtiesContextBeforeModesTestExecutionListener, org.springframework.test.context.support.DependencyInjectionTestExecutionListener, org.springframework.test.context.support.DirtiesContextTestExecutionListener, org.springframework.test.context.transaction.TransactionalTestExecutionListener, org.springframework.test.context.jdbc.SqlScriptsTestExecutionListener]
2020-09-05 22:38:37.935  INFO 2970 --- [    Test worker] .b.t.c.SpringBootTestContextBootstrapper : Using TestExecutionListeners: [org.springframework.test.context.web.ServletTestExecutionListener@8de094f, org.springframework.test.context.support.DirtiesContextBeforeModesTestExecutionListener@de07072, org.springframework.boot.test.mock.mockito.MockitoTestExecutionListener@6de28049, org.springframework.boot.test.autoconfigure.SpringBootDependencyInjectionTestExecutionListener@3ca84d02, org.springframework.test.context.support.DirtiesContextTestExecutionListener@4444bfa9, org.springframework.test.context.transaction.TransactionalTestExecutionListener@4a2924b3, org.springframework.test.context.jdbc.SqlScriptsTestExecutionListener@33b01577, org.springframework.security.test.context.support.WithSecurityContextTestExecutionListener@4d8e9e5e, org.springframework.security.test.context.support.ReactorContextTestExecutionListener@2cd6d9b1, org.springframework.boot.test.autoconfigure.restdocs.RestDocsTestExecutionListener@2f597c24, org.springframework.boot.test.autoconfigure.web.client.MockRestServiceServerResetTestExecutionListener@1c71cf15, org.springframework.boot.test.autoconfigure.web.servlet.MockMvcPrintOnlyOnFailureTestExecutionListener@2534deab, org.springframework.boot.test.autoconfigure.web.servlet.WebDriverTestExecutionListener@3f3590ed, org.springframework.boot.test.mock.mockito.ResetMocksTestExecutionListener@5b697373]
>>>>>>> Stashed changes

  .   ____          _            __ _ _
 /\\ / ___'_ __ _ _(_)_ __  __ _ \ \ \ \
( ( )\___ | '_ | '_| | '_ \/ _` | \ \ \ \
 \\/  ___)| |_)| | | | | || (_| |  ) ) ) )
  '  |____| .__|_| |_|_| |_\__, | / / / /
 =========|_|==============|___/=/_/_/_/
 :: Spring Boot ::        (v2.1.7.RELEASE)

<<<<<<< Updated upstream
2020-09-01 22:30:26.979  INFO 32492 --- [    Test worker] c.l.springboot.web.IndexControllerTest   : Starting IndexControllerTest on DESKTOP-Q41C016 with PID 32492 (started by SysLab in D:\MyCode\springboot)
2020-09-01 22:30:26.983  INFO 32492 --- [    Test worker] c.l.springboot.web.IndexControllerTest   : No active profile set, falling back to default profiles: default
2020-09-01 22:30:27.547  INFO 32492 --- [    Test worker] .s.d.r.c.RepositoryConfigurationDelegate : Bootstrapping Spring Data repositories in DEFAULT mode.
2020-09-01 22:30:27.643  INFO 32492 --- [    Test worker] .s.d.r.c.RepositoryConfigurationDelegate : Finished Spring Data repository scanning in 91ms. Found 2 repository interfaces.
2020-09-01 22:30:27.899  INFO 32492 --- [    Test worker] trationDelegate$BeanPostProcessorChecker : Bean 'org.springframework.transaction.annotation.ProxyTransactionManagementConfiguration' of type [org.springframework.transaction.annotation.ProxyTransactionManagementConfiguration$$EnhancerBySpringCGLIB$$b87d0025] is not eligible for getting processed by all BeanPostProcessors (for example: not eligible for auto-proxying)
2020-09-01 22:30:28.456  INFO 32492 --- [    Test worker] o.s.b.w.embedded.tomcat.TomcatWebServer  : Tomcat initialized with port(s): 0 (http)
2020-09-01 22:30:28.505  INFO 32492 --- [    Test worker] o.apache.catalina.core.StandardService   : Starting service [Tomcat]
2020-09-01 22:30:28.507  INFO 32492 --- [    Test worker] org.apache.catalina.core.StandardEngine  : Starting Servlet engine: [Apache Tomcat/9.0.22]
2020-09-01 22:30:28.870  INFO 32492 --- [    Test worker] o.a.c.c.C.[Tomcat].[localhost].[/]       : Initializing Spring embedded WebApplicationContext
2020-09-01 22:30:28.870  INFO 32492 --- [    Test worker] o.s.web.context.ContextLoader            : Root WebApplicationContext: initialization completed in 1882 ms
2020-09-01 22:30:29.309  INFO 32492 --- [    Test worker] com.zaxxer.hikari.HikariDataSource       : HikariPool-2 - Starting...
2020-09-01 22:30:29.310  INFO 32492 --- [    Test worker] com.zaxxer.hikari.HikariDataSource       : HikariPool-2 - Start completed.
2020-09-01 22:30:29.391  INFO 32492 --- [    Test worker] o.hibernate.jpa.internal.util.LogHelper  : HHH000204: Processing PersistenceUnitInfo [
	name: default
	...]
2020-09-01 22:30:29.408  INFO 32492 --- [    Test worker] org.hibernate.dialect.Dialect            : HHH000400: Using dialect: org.hibernate.dialect.H2Dialect
=======
2020-09-05 22:38:37.987  INFO 2970 --- [    Test worker] c.l.springboot.web.IndexControllerTest   : Starting IndexControllerTest on springboot-webservice with PID 2970 (started by ec2-user in /home/ec2-user/app/step1/springboot)
2020-09-05 22:38:37.995  INFO 2970 --- [    Test worker] c.l.springboot.web.IndexControllerTest   : No active profile set, falling back to default profiles: default
2020-09-05 22:38:38.402  INFO 2970 --- [    Test worker] .s.d.r.c.RepositoryConfigurationDelegate : Bootstrapping Spring Data repositories in DEFAULT mode.
2020-09-05 22:38:38.433  INFO 2970 --- [    Test worker] .s.d.r.c.RepositoryConfigurationDelegate : Finished Spring Data repository scanning in 24ms. Found 2 repository interfaces.
2020-09-05 22:38:38.645  INFO 2970 --- [    Test worker] trationDelegate$BeanPostProcessorChecker : Bean 'org.springframework.transaction.annotation.ProxyTransactionManagementConfiguration' of type [org.springframework.transaction.annotation.ProxyTransactionManagementConfiguration$$EnhancerBySpringCGLIB$$773384d7] is not eligible for getting processed by all BeanPostProcessors (for example: not eligible for auto-proxying)
2020-09-05 22:38:39.115  INFO 2970 --- [    Test worker] o.s.b.w.embedded.tomcat.TomcatWebServer  : Tomcat initialized with port(s): 0 (http)
2020-09-05 22:38:39.196  INFO 2970 --- [    Test worker] o.apache.catalina.core.StandardService   : Starting service [Tomcat]
2020-09-05 22:38:39.200  INFO 2970 --- [    Test worker] org.apache.catalina.core.StandardEngine  : Starting Servlet engine: [Apache Tomcat/9.0.22]
2020-09-05 22:38:39.501  INFO 2970 --- [    Test worker] o.a.c.c.C.[Tomcat].[localhost].[/]       : Initializing Spring embedded WebApplicationContext
2020-09-05 22:38:39.502  INFO 2970 --- [    Test worker] o.s.web.context.ContextLoader            : Root WebApplicationContext: initialization completed in 1505 ms
2020-09-05 22:38:39.975  INFO 2970 --- [    Test worker] com.zaxxer.hikari.HikariDataSource       : HikariPool-2 - Starting...
2020-09-05 22:38:39.981  INFO 2970 --- [    Test worker] com.zaxxer.hikari.HikariDataSource       : HikariPool-2 - Start completed.
2020-09-05 22:38:40.027  INFO 2970 --- [    Test worker] o.hibernate.jpa.internal.util.LogHelper  : HHH000204: Processing PersistenceUnitInfo [
	name: default
	...]
2020-09-05 22:38:40.042  INFO 2970 --- [    Test worker] org.hibernate.dialect.Dialect            : HHH000400: Using dialect: org.hibernate.dialect.H2Dialect
>>>>>>> Stashed changes
Hibernate: drop table posts if exists
Hibernate: drop table user if exists
Hibernate: create table posts (id bigint generated by default as identity, created_time timestamp, modified_time timestamp, author varchar(255), content TEXT not null, title varchar(500) not null, primary key (id))
Hibernate: create table user (id bigint generated by default as identity, created_time timestamp, modified_time timestamp, email varchar(255) not null, name varchar(255) not null, picture varchar(255), role varchar(255) not null, primary key (id))
<<<<<<< Updated upstream
2020-09-01 22:30:29.527  INFO 32492 --- [    Test worker] o.h.t.schema.internal.SchemaCreatorImpl  : HHH000476: Executing import script 'org.hibernate.tool.schema.internal.exec.ScriptSourceInputNonExistentImpl@5450b35c'
2020-09-01 22:30:29.528  INFO 32492 --- [    Test worker] j.LocalContainerEntityManagerFactoryBean : Initialized JPA EntityManagerFactory for persistence unit 'default'
2020-09-01 22:30:30.197  INFO 32492 --- [    Test worker] o.h.h.i.QueryTranslatorFactoryInitiator  : HHH000397: Using ASTQueryTranslatorFactory
2020-09-01 22:30:30.552  INFO 32492 --- [    Test worker] o.s.s.web.DefaultSecurityFilterChain     : Creating filter chain: any request, [org.springframework.security.web.context.request.async.WebAsyncManagerIntegrationFilter@16cec43a, org.springframework.security.web.context.SecurityContextPersistenceFilter@55f6c9f0, org.springframework.security.web.header.HeaderWriterFilter@23ff3e53, org.springframework.security.web.authentication.logout.LogoutFilter@18ae0017, org.springframework.security.oauth2.client.web.OAuth2AuthorizationRequestRedirectFilter@6b580e03, org.springframework.security.oauth2.client.web.OAuth2LoginAuthenticationFilter@2fa919ef, org.springframework.security.web.authentication.ui.DefaultLoginPageGeneratingFilter@7bf4efd0, org.springframework.security.web.authentication.ui.DefaultLogoutPageGeneratingFilter@30ab836f, org.springframework.security.web.savedrequest.RequestCacheAwareFilter@368ea2c0, org.springframework.security.web.servletapi.SecurityContextHolderAwareRequestFilter@6c590fe4, org.springframework.security.web.authentication.AnonymousAuthenticationFilter@1ba8bb6f, org.springframework.security.web.session.SessionManagementFilter@3b8587f8, org.springframework.security.web.access.ExceptionTranslationFilter@5ccdaf4, org.springframework.security.web.access.intercept.FilterSecurityInterceptor@1cf7568a]
2020-09-01 22:30:30.914  INFO 32492 --- [    Test worker] o.s.s.concurrent.ThreadPoolTaskExecutor  : Initializing ExecutorService 'applicationTaskExecutor'
2020-09-01 22:30:30.931  WARN 32492 --- [    Test worker] aWebConfiguration$JpaWebMvcConfiguration : spring.jpa.open-in-view is enabled by default. Therefore, database queries may be performed during view rendering. Explicitly configure spring.jpa.open-in-view to disable this warning
2020-09-01 22:30:30.969  INFO 32492 --- [    Test worker] o.s.b.a.w.s.WelcomePageHandlerMapping    : Adding welcome page template: index
2020-09-01 22:30:31.339  INFO 32492 --- [    Test worker] s.a.ScheduledAnnotationBeanPostProcessor : No TaskScheduler/ScheduledExecutorService bean found for scheduled processing
2020-09-01 22:30:31.366  INFO 32492 --- [    Test worker] o.s.b.w.embedded.tomcat.TomcatWebServer  : Tomcat started on port(s): 13810 (http) with context path ''
2020-09-01 22:30:31.369  INFO 32492 --- [    Test worker] c.l.springboot.web.IndexControllerTest   : Started IndexControllerTest in 4.457 seconds (JVM running for 21.553)
2020-09-01 22:30:31.483  INFO 32492 --- [o-auto-1-exec-1] o.a.c.c.C.[Tomcat].[localhost].[/]       : Initializing Spring DispatcherServlet 'dispatcherServlet'
2020-09-01 22:30:31.484  INFO 32492 --- [o-auto-1-exec-1] o.s.web.servlet.DispatcherServlet        : Initializing Servlet 'dispatcherServlet'
2020-09-01 22:30:31.519  INFO 32492 --- [o-auto-1-exec-1] o.s.web.servlet.DispatcherServlet        : Completed initialization in 35 ms
=======
2020-09-05 22:38:40.192  INFO 2970 --- [    Test worker] o.h.t.schema.internal.SchemaCreatorImpl  : HHH000476: Executing import script 'org.hibernate.tool.schema.internal.exec.ScriptSourceInputNonExistentImpl@4dd34c29'
2020-09-05 22:38:40.193  INFO 2970 --- [    Test worker] j.LocalContainerEntityManagerFactoryBean : Initialized JPA EntityManagerFactory for persistence unit 'default'
2020-09-05 22:38:40.829  INFO 2970 --- [    Test worker] o.h.h.i.QueryTranslatorFactoryInitiator  : HHH000397: Using ASTQueryTranslatorFactory
2020-09-05 22:38:41.125  INFO 2970 --- [    Test worker] o.s.s.web.DefaultSecurityFilterChain     : Creating filter chain: any request, [org.springframework.security.web.context.request.async.WebAsyncManagerIntegrationFilter@59a083ef, org.springframework.security.web.context.SecurityContextPersistenceFilter@7ebd7dae, org.springframework.security.web.header.HeaderWriterFilter@53db933a, org.springframework.security.web.authentication.logout.LogoutFilter@669954ba, org.springframework.security.oauth2.client.web.OAuth2AuthorizationRequestRedirectFilter@475d733e, org.springframework.security.oauth2.client.web.OAuth2LoginAuthenticationFilter@703a9911, org.springframework.security.web.authentication.ui.DefaultLoginPageGeneratingFilter@73dc0762, org.springframework.security.web.authentication.ui.DefaultLogoutPageGeneratingFilter@1eb29c11, org.springframework.security.web.savedrequest.RequestCacheAwareFilter@13cd6072, org.springframework.security.web.servletapi.SecurityContextHolderAwareRequestFilter@1c006372, org.springframework.security.web.authentication.AnonymousAuthenticationFilter@32dac87a, org.springframework.security.web.session.SessionManagementFilter@4015e4d4, org.springframework.security.web.access.ExceptionTranslationFilter@64613f94, org.springframework.security.web.access.intercept.FilterSecurityInterceptor@2b1d990b]
2020-09-05 22:38:41.512  INFO 2970 --- [    Test worker] o.s.s.concurrent.ThreadPoolTaskExecutor  : Initializing ExecutorService 'applicationTaskExecutor'
2020-09-05 22:38:41.554  WARN 2970 --- [    Test worker] aWebConfiguration$JpaWebMvcConfiguration : spring.jpa.open-in-view is enabled by default. Therefore, database queries may be performed during view rendering. Explicitly configure spring.jpa.open-in-view to disable this warning
2020-09-05 22:38:41.602  INFO 2970 --- [    Test worker] o.s.b.a.w.s.WelcomePageHandlerMapping    : Adding welcome page template: index
2020-09-05 22:38:42.126  INFO 2970 --- [    Test worker] s.a.ScheduledAnnotationBeanPostProcessor : No TaskScheduler/ScheduledExecutorService bean found for scheduled processing
2020-09-05 22:38:42.180  INFO 2970 --- [    Test worker] o.s.b.w.embedded.tomcat.TomcatWebServer  : Tomcat started on port(s): 44899 (http) with context path ''
2020-09-05 22:38:42.182  INFO 2970 --- [    Test worker] c.l.springboot.web.IndexControllerTest   : Started IndexControllerTest in 4.241 seconds (JVM running for 21.843)
2020-09-05 22:38:42.369  INFO 2970 --- [o-auto-1-exec-1] o.a.c.c.C.[Tomcat].[localhost].[/]       : Initializing Spring DispatcherServlet 'dispatcherServlet'
2020-09-05 22:38:42.370  INFO 2970 --- [o-auto-1-exec-1] o.s.web.servlet.DispatcherServlet        : Initializing Servlet 'dispatcherServlet'
2020-09-05 22:38:42.390  INFO 2970 --- [o-auto-1-exec-1] o.s.web.servlet.DispatcherServlet        : Completed initialization in 20 ms
>>>>>>> Stashed changes
Hibernate: select posts0_.id as id1_0_, posts0_.created_time as created_2_0_, posts0_.modified_time as modified3_0_, posts0_.author as author4_0_, posts0_.content as content5_0_, posts0_.title as title6_0_ from posts posts0_ order by posts0_.id DESC
]]></system-out>
  <system-err><![CDATA[]]></system-err>
</testsuite>
