<?xml version="1.0" encoding="UTF-8"?>
<testsuite name="com.littlesight.springboot.web.HelloControllerTest" tests="2" skipped="0" failures="0" errors="0" timestamp="2020-09-10T08:44:51" hostname="springboot-webservice" time="0.311">
  <properties/>
  <testcase name="helloDto_return" classname="com.littlesight.springboot.web.HelloControllerTest" time="0.286"/>
  <testcase name="hello_return" classname="com.littlesight.springboot.web.HelloControllerTest" time="0.023"/>
  <system-out><![CDATA[2020-09-10 17:44:49.587  INFO 4617 --- [    Test worker] .b.t.a.w.s.WebMvcTestContextBootstrapper : Neither @ContextConfiguration nor @ContextHierarchy found for test class [com.littlesight.springboot.web.HelloControllerTest], using SpringBootContextLoader
2020-09-10 17:44:49.595  INFO 4617 --- [    Test worker] o.s.t.c.support.AbstractContextLoader    : Could not detect default resource locations for test class [com.littlesight.springboot.web.HelloControllerTest]: no resource found for suffixes {-context.xml, Context.groovy}.
2020-09-10 17:44:49.595  INFO 4617 --- [    Test worker] t.c.s.AnnotationConfigContextLoaderUtils : Could not detect default configuration classes for test class [com.littlesight.springboot.web.HelloControllerTest]: HelloControllerTest does not declare any static, non-private, non-final, nested classes annotated with @Configuration.
2020-09-10 17:44:49.640  INFO 4617 --- [    Test worker] .b.t.c.SpringBootTestContextBootstrapper : Found @SpringBootConfiguration com.littlesight.springboot.Application for test class com.littlesight.springboot.web.HelloControllerTest
2020-09-10 17:44:49.646  INFO 4617 --- [    Test worker] .b.t.a.w.s.WebMvcTestContextBootstrapper : Loaded default TestExecutionListener class names from location [META-INF/spring.factories]: [org.springframework.security.test.context.support.WithSecurityContextTestExecutionListener, org.springframework.security.test.context.support.ReactorContextTestExecutionListener, org.springframework.boot.test.autoconfigure.restdocs.RestDocsTestExecutionListener, org.springframework.boot.test.autoconfigure.web.client.MockRestServiceServerResetTestExecutionListener, org.springframework.boot.test.autoconfigure.web.servlet.MockMvcPrintOnlyOnFailureTestExecutionListener, org.springframework.boot.test.autoconfigure.web.servlet.WebDriverTestExecutionListener, org.springframework.boot.test.mock.mockito.MockitoTestExecutionListener, org.springframework.boot.test.mock.mockito.ResetMocksTestExecutionListener, org.springframework.test.context.web.ServletTestExecutionListener, org.springframework.test.context.support.DirtiesContextBeforeModesTestExecutionListener, org.springframework.test.context.support.DependencyInjectionTestExecutionListener, org.springframework.test.context.support.DirtiesContextTestExecutionListener, org.springframework.test.context.transaction.TransactionalTestExecutionListener, org.springframework.test.context.jdbc.SqlScriptsTestExecutionListener]
2020-09-10 17:44:49.647  INFO 4617 --- [    Test worker] .b.t.a.w.s.WebMvcTestContextBootstrapper : Using TestExecutionListeners: [org.springframework.test.context.web.ServletTestExecutionListener@6abb4793, org.springframework.test.context.support.DirtiesContextBeforeModesTestExecutionListener@4c268c93, org.springframework.boot.test.mock.mockito.MockitoTestExecutionListener@7d1ce36d, org.springframework.boot.test.autoconfigure.SpringBootDependencyInjectionTestExecutionListener@14152c9c, org.springframework.test.context.support.DirtiesContextTestExecutionListener@24a27652, org.springframework.test.context.transaction.TransactionalTestExecutionListener@5c182441, org.springframework.test.context.jdbc.SqlScriptsTestExecutionListener@4685b324, org.springframework.security.test.context.support.WithSecurityContextTestExecutionListener@7b4906a4, org.springframework.security.test.context.support.ReactorContextTestExecutionListener@4c6eef79, org.springframework.boot.test.autoconfigure.restdocs.RestDocsTestExecutionListener@5149e099, org.springframework.boot.test.autoconfigure.web.client.MockRestServiceServerResetTestExecutionListener@3a3e7507, org.springframework.boot.test.autoconfigure.web.servlet.MockMvcPrintOnlyOnFailureTestExecutionListener@9f138c2, org.springframework.boot.test.autoconfigure.web.servlet.WebDriverTestExecutionListener@325f0ba2, org.springframework.boot.test.mock.mockito.ResetMocksTestExecutionListener@2c8c7858]

  .   ____          _            __ _ _
 /\\ / ___'_ __ _ _(_)_ __  __ _ \ \ \ \
( ( )\___ | '_ | '_| | '_ \/ _` | \ \ \ \
 \\/  ___)| |_)| | | | | || (_| |  ) ) ) )
  '  |____| .__|_| |_|_| |_\__, | / / / /
 =========|_|==============|___/=/_/_/_/
 :: Spring Boot ::        (v2.1.7.RELEASE)

2020-09-10 17:44:49.706  INFO 4617 --- [    Test worker] c.l.springboot.web.HelloControllerTest   : Starting HelloControllerTest on springboot-webservice with PID 4617 (started by ec2-user in /home/ec2-user/app/step1/springboot)
2020-09-10 17:44:49.711  INFO 4617 --- [    Test worker] c.l.springboot.web.HelloControllerTest   : No active profile set, falling back to default profiles: default
2020-09-10 17:44:50.604  INFO 4617 --- [    Test worker] o.s.s.concurrent.ThreadPoolTaskExecutor  : Initializing ExecutorService 'applicationTaskExecutor'
2020-09-10 17:44:50.694  INFO 4617 --- [    Test worker] o.s.b.a.w.s.WelcomePageHandlerMapping    : Adding welcome page template: index
2020-09-10 17:44:51.052  INFO 4617 --- [    Test worker] .s.s.UserDetailsServiceAutoConfiguration : 

Using generated security password: f9f9e72d-b911-485f-8379-c35e1cfa8bf2

2020-09-10 17:44:51.270  INFO 4617 --- [    Test worker] o.s.s.web.DefaultSecurityFilterChain     : Creating filter chain: any request, [org.springframework.security.web.context.request.async.WebAsyncManagerIntegrationFilter@378bd2bc, org.springframework.security.web.context.SecurityContextPersistenceFilter@277ecb29, org.springframework.security.web.header.HeaderWriterFilter@70d08462, org.springframework.security.web.csrf.CsrfFilter@116b6dd6, org.springframework.security.web.authentication.logout.LogoutFilter@2386ead7, org.springframework.security.web.authentication.UsernamePasswordAuthenticationFilter@43bc7227, org.springframework.security.web.authentication.ui.DefaultLoginPageGeneratingFilter@3d8eeafd, org.springframework.security.web.authentication.ui.DefaultLogoutPageGeneratingFilter@4300069b, org.springframework.security.web.authentication.www.BasicAuthenticationFilter@775918ec, org.springframework.security.web.savedrequest.RequestCacheAwareFilter@9c5d532, org.springframework.security.web.servletapi.SecurityContextHolderAwareRequestFilter@7d42b3fc, org.springframework.security.web.authentication.AnonymousAuthenticationFilter@7ca1f86f, org.springframework.security.web.session.SessionManagementFilter@3a9f4273, org.springframework.security.web.access.ExceptionTranslationFilter@5c2e577b, org.springframework.security.web.access.intercept.FilterSecurityInterceptor@3c3a8e2]
2020-09-10 17:44:51.346  INFO 4617 --- [    Test worker] o.s.b.t.m.w.SpringBootMockServletContext : Initializing Spring TestDispatcherServlet ''
2020-09-10 17:44:51.347  INFO 4617 --- [    Test worker] o.s.t.web.servlet.TestDispatcherServlet  : Initializing Servlet ''
2020-09-10 17:44:51.369  INFO 4617 --- [    Test worker] o.s.t.web.servlet.TestDispatcherServlet  : Completed initialization in 22 ms
2020-09-10 17:44:51.427  INFO 4617 --- [    Test worker] c.l.springboot.web.HelloControllerTest   : Started HelloControllerTest in 1.773 seconds (JVM running for 16.947)
]]></system-out>
  <system-err><![CDATA[]]></system-err>
</testsuite>
