<?xml version="1.0" encoding="UTF-8"?>
<testsuite name="com.littlesight.springboot.domain.posts.PostsRepositoryTest" tests="2" skipped="0" failures="0" errors="0" timestamp="2020-09-05T14:26:49" hostname="springboot-webservice" time="0.607">
  <properties/>
  <testcase name="read_load" classname="com.littlesight.springboot.domain.posts.PostsRepositoryTest" time="0.577"/>
  <testcase name="BaseTimeEntity_Register" classname="com.littlesight.springboot.domain.posts.PostsRepositoryTest" time="0.026"/>
  <system-out><![CDATA[23:26:35.498 [Test worker] DEBUG org.springframework.test.context.junit4.SpringJUnit4ClassRunner - SpringJUnit4ClassRunner constructor called with [class com.littlesight.springboot.domain.posts.PostsRepositoryTest]
23:26:35.518 [Test worker] DEBUG org.springframework.test.context.BootstrapUtils - Instantiating CacheAwareContextLoaderDelegate from class [org.springframework.test.context.cache.DefaultCacheAwareContextLoaderDelegate]
23:26:35.535 [Test worker] DEBUG org.springframework.test.context.BootstrapUtils - Instantiating BootstrapContext using constructor [public org.springframework.test.context.support.DefaultBootstrapContext(java.lang.Class,org.springframework.test.context.CacheAwareContextLoaderDelegate)]
23:26:35.578 [Test worker] DEBUG org.springframework.test.context.BootstrapUtils - Instantiating TestContextBootstrapper for test class [com.littlesight.springboot.domain.posts.PostsRepositoryTest] from class [org.springframework.boot.test.context.SpringBootTestContextBootstrapper]
23:26:35.596 [Test worker] INFO org.springframework.boot.test.context.SpringBootTestContextBootstrapper - Neither @ContextConfiguration nor @ContextHierarchy found for test class [com.littlesight.springboot.domain.posts.PostsRepositoryTest], using SpringBootContextLoader
23:26:35.601 [Test worker] DEBUG org.springframework.test.context.support.AbstractContextLoader - Did not detect default resource location for test class [com.littlesight.springboot.domain.posts.PostsRepositoryTest]: class path resource [com/littlesight/springboot/domain/posts/PostsRepositoryTest-context.xml] does not exist
23:26:35.602 [Test worker] DEBUG org.springframework.test.context.support.AbstractContextLoader - Did not detect default resource location for test class [com.littlesight.springboot.domain.posts.PostsRepositoryTest]: class path resource [com/littlesight/springboot/domain/posts/PostsRepositoryTestContext.groovy] does not exist
23:26:35.602 [Test worker] INFO org.springframework.test.context.support.AbstractContextLoader - Could not detect default resource locations for test class [com.littlesight.springboot.domain.posts.PostsRepositoryTest]: no resource found for suffixes {-context.xml, Context.groovy}.
23:26:35.603 [Test worker] INFO org.springframework.test.context.support.AnnotationConfigContextLoaderUtils - Could not detect default configuration classes for test class [com.littlesight.springboot.domain.posts.PostsRepositoryTest]: PostsRepositoryTest does not declare any static, non-private, non-final, nested classes annotated with @Configuration.
23:26:35.710 [Test worker] DEBUG org.springframework.test.context.support.ActiveProfilesUtils - Could not find an 'annotation declaring class' for annotation type [org.springframework.test.context.ActiveProfiles] and class [com.littlesight.springboot.domain.posts.PostsRepositoryTest]
23:26:35.888 [Test worker] DEBUG org.springframework.context.annotation.ClassPathScanningCandidateComponentProvider - Identified candidate component class: file [/home/ec2-user/app/step1/springboot/build/classes/java/main/com/littlesight/springboot/Application.class]
23:26:35.889 [Test worker] INFO org.springframework.boot.test.context.SpringBootTestContextBootstrapper - Found @SpringBootConfiguration com.littlesight.springboot.Application for test class com.littlesight.springboot.domain.posts.PostsRepositoryTest
23:26:36.100 [Test worker] DEBUG org.springframework.boot.test.context.SpringBootTestContextBootstrapper - @TestExecutionListeners is not present for class [com.littlesight.springboot.domain.posts.PostsRepositoryTest]: using defaults.
23:26:36.101 [Test worker] INFO org.springframework.boot.test.context.SpringBootTestContextBootstrapper - Loaded default TestExecutionListener class names from location [META-INF/spring.factories]: [org.springframework.security.test.context.support.WithSecurityContextTestExecutionListener, org.springframework.security.test.context.support.ReactorContextTestExecutionListener, org.springframework.boot.test.autoconfigure.restdocs.RestDocsTestExecutionListener, org.springframework.boot.test.autoconfigure.web.client.MockRestServiceServerResetTestExecutionListener, org.springframework.boot.test.autoconfigure.web.servlet.MockMvcPrintOnlyOnFailureTestExecutionListener, org.springframework.boot.test.autoconfigure.web.servlet.WebDriverTestExecutionListener, org.springframework.boot.test.mock.mockito.MockitoTestExecutionListener, org.springframework.boot.test.mock.mockito.ResetMocksTestExecutionListener, org.springframework.test.context.web.ServletTestExecutionListener, org.springframework.test.context.support.DirtiesContextBeforeModesTestExecutionListener, org.springframework.test.context.support.DependencyInjectionTestExecutionListener, org.springframework.test.context.support.DirtiesContextTestExecutionListener, org.springframework.test.context.transaction.TransactionalTestExecutionListener, org.springframework.test.context.jdbc.SqlScriptsTestExecutionListener]
23:26:36.151 [Test worker] INFO org.springframework.boot.test.context.SpringBootTestContextBootstrapper - Using TestExecutionListeners: [org.springframework.test.context.web.ServletTestExecutionListener@61fdfbdb, org.springframework.test.context.support.DirtiesContextBeforeModesTestExecutionListener@24e8335d, org.springframework.boot.test.mock.mockito.MockitoTestExecutionListener@82aa22d, org.springframework.boot.test.autoconfigure.SpringBootDependencyInjectionTestExecutionListener@499b07a0, org.springframework.test.context.support.DirtiesContextTestExecutionListener@47360e6b, org.springframework.test.context.transaction.TransactionalTestExecutionListener@2221bf0b, org.springframework.test.context.jdbc.SqlScriptsTestExecutionListener@7f475aa8, org.springframework.security.test.context.support.WithSecurityContextTestExecutionListener@6e70e4e7, org.springframework.security.test.context.support.ReactorContextTestExecutionListener@1942fa14, org.springframework.boot.test.autoconfigure.restdocs.RestDocsTestExecutionListener@3634c7d0, org.springframework.boot.test.autoconfigure.web.client.MockRestServiceServerResetTestExecutionListener@736359a4, org.springframework.boot.test.autoconfigure.web.servlet.MockMvcPrintOnlyOnFailureTestExecutionListener@1adddcf3, org.springframework.boot.test.autoconfigure.web.servlet.WebDriverTestExecutionListener@144107e6, org.springframework.boot.test.mock.mockito.ResetMocksTestExecutionListener@45b58f9]
23:26:36.156 [Test worker] DEBUG org.springframework.test.annotation.ProfileValueUtils - Retrieved @ProfileValueSourceConfiguration [null] for test class [com.littlesight.springboot.domain.posts.PostsRepositoryTest]
23:26:36.157 [Test worker] DEBUG org.springframework.test.annotation.ProfileValueUtils - Retrieved ProfileValueSource type [class org.springframework.test.annotation.SystemProfileValueSource] for class [com.littlesight.springboot.domain.posts.PostsRepositoryTest]
23:26:36.158 [Test worker] DEBUG org.springframework.test.annotation.ProfileValueUtils - Retrieved @ProfileValueSourceConfiguration [null] for test class [com.littlesight.springboot.domain.posts.PostsRepositoryTest]
23:26:36.163 [Test worker] DEBUG org.springframework.test.annotation.ProfileValueUtils - Retrieved ProfileValueSource type [class org.springframework.test.annotation.SystemProfileValueSource] for class [com.littlesight.springboot.domain.posts.PostsRepositoryTest]
23:26:36.169 [Test worker] DEBUG org.springframework.test.context.support.AbstractDirtiesContextTestExecutionListener - Before test class: context [DefaultTestContext@4d20ad67 testClass = PostsRepositoryTest, testInstance = [null], testMethod = [null], testException = [null], mergedContextConfiguration = [WebMergedContextConfiguration@6334a2a3 testClass = PostsRepositoryTest, locations = '{}', classes = '{class com.littlesight.springboot.Application}', contextInitializerClasses = '[]', activeProfiles = '{}', propertySourceLocations = '{}', propertySourceProperties = '{org.springframework.boot.test.context.SpringBootTestContextBootstrapper=true}', contextCustomizers = set[org.springframework.boot.test.autoconfigure.properties.PropertyMappingContextCustomizer@0, org.springframework.boot.test.autoconfigure.web.servlet.WebDriverContextCustomizerFactory$Customizer@191115a4, org.springframework.boot.test.context.filter.ExcludeFilterContextCustomizer@43805865, org.springframework.boot.test.json.DuplicateJsonObjectContextCustomizerFactory$DuplicateJsonObjectContextCustomizer@6cf79c4f, org.springframework.boot.test.mock.mockito.MockitoContextCustomizer@0, org.springframework.boot.test.web.client.TestRestTemplateContextCustomizer@6954ac18], resourceBasePath = 'src/main/webapp', contextLoader = 'org.springframework.boot.test.context.SpringBootContextLoader', parent = [null]], attributes = map['org.springframework.test.context.web.ServletTestExecutionListener.activateListener' -> true]], class annotated with @DirtiesContext [false] with mode [null].
23:26:36.171 [Test worker] DEBUG org.springframework.test.annotation.ProfileValueUtils - Retrieved @ProfileValueSourceConfiguration [null] for test class [com.littlesight.springboot.domain.posts.PostsRepositoryTest]
23:26:36.173 [Test worker] DEBUG org.springframework.test.annotation.ProfileValueUtils - Retrieved ProfileValueSource type [class org.springframework.test.annotation.SystemProfileValueSource] for class [com.littlesight.springboot.domain.posts.PostsRepositoryTest]
23:26:36.216 [Test worker] DEBUG org.springframework.test.context.support.TestPropertySourceUtils - Adding inlined properties to environment: {spring.jmx.enabled=false, org.springframework.boot.test.context.SpringBootTestContextBootstrapper=true, server.port=-1}

  .   ____          _            __ _ _
 /\\ / ___'_ __ _ _(_)_ __  __ _ \ \ \ \
( ( )\___ | '_ | '_| | '_ \/ _` | \ \ \ \
 \\/  ___)| |_)| | | | | || (_| |  ) ) ) )
  '  |____| .__|_| |_|_| |_\__, | / / / /
 =========|_|==============|___/=/_/_/_/
 :: Spring Boot ::        (v2.1.7.RELEASE)

2020-09-05 23:26:36.936  INFO 3527 --- [    Test worker] c.l.s.domain.posts.PostsRepositoryTest   : Starting PostsRepositoryTest on springboot-webservice with PID 3527 (started by ec2-user in /home/ec2-user/app/step1/springboot)
2020-09-05 23:26:36.954  INFO 3527 --- [    Test worker] c.l.s.domain.posts.PostsRepositoryTest   : No active profile set, falling back to default profiles: default
2020-09-05 23:26:39.528  INFO 3527 --- [    Test worker] .s.d.r.c.RepositoryConfigurationDelegate : Bootstrapping Spring Data repositories in DEFAULT mode.
2020-09-05 23:26:39.729  INFO 3527 --- [    Test worker] .s.d.r.c.RepositoryConfigurationDelegate : Finished Spring Data repository scanning in 179ms. Found 2 repository interfaces.
2020-09-05 23:26:41.032  INFO 3527 --- [    Test worker] trationDelegate$BeanPostProcessorChecker : Bean 'org.springframework.transaction.annotation.ProxyTransactionManagementConfiguration' of type [org.springframework.transaction.annotation.ProxyTransactionManagementConfiguration$$EnhancerBySpringCGLIB$$7f912410] is not eligible for getting processed by all BeanPostProcessors (for example: not eligible for auto-proxying)
2020-09-05 23:26:41.585  INFO 3527 --- [    Test worker] com.zaxxer.hikari.HikariDataSource       : HikariPool-1 - Starting...
2020-09-05 23:26:42.002  INFO 3527 --- [    Test worker] com.zaxxer.hikari.HikariDataSource       : HikariPool-1 - Start completed.
2020-09-05 23:26:42.285  INFO 3527 --- [    Test worker] o.hibernate.jpa.internal.util.LogHelper  : HHH000204: Processing PersistenceUnitInfo [
	name: default
	...]
2020-09-05 23:26:42.444  INFO 3527 --- [    Test worker] org.hibernate.Version                    : HHH000412: Hibernate Core {5.3.10.Final}
2020-09-05 23:26:42.452  INFO 3527 --- [    Test worker] org.hibernate.cfg.Environment            : HHH000206: hibernate.properties not found
2020-09-05 23:26:42.799  INFO 3527 --- [    Test worker] o.hibernate.annotations.common.Version   : HCANN000001: Hibernate Commons Annotations {5.0.4.Final}
2020-09-05 23:26:43.161  INFO 3527 --- [    Test worker] org.hibernate.dialect.Dialect            : HHH000400: Using dialect: org.hibernate.dialect.H2Dialect
Hibernate: drop table posts if exists
Hibernate: drop table user if exists
Hibernate: create table posts (id bigint generated by default as identity, created_time timestamp, modified_time timestamp, author varchar(255), content TEXT not null, title varchar(500) not null, primary key (id))
Hibernate: create table user (id bigint generated by default as identity, created_time timestamp, modified_time timestamp, email varchar(255) not null, name varchar(255) not null, picture varchar(255), role varchar(255) not null, primary key (id))
2020-09-05 23:26:44.475  INFO 3527 --- [    Test worker] o.h.t.schema.internal.SchemaCreatorImpl  : HHH000476: Executing import script 'org.hibernate.tool.schema.internal.exec.ScriptSourceInputNonExistentImpl@731094a'
2020-09-05 23:26:44.486  INFO 3527 --- [    Test worker] j.LocalContainerEntityManagerFactoryBean : Initialized JPA EntityManagerFactory for persistence unit 'default'
2020-09-05 23:26:45.897  INFO 3527 --- [    Test worker] o.h.h.i.QueryTranslatorFactoryInitiator  : HHH000397: Using ASTQueryTranslatorFactory
2020-09-05 23:26:46.852  INFO 3527 --- [    Test worker] o.s.s.web.DefaultSecurityFilterChain     : Creating filter chain: any request, [org.springframework.security.web.context.request.async.WebAsyncManagerIntegrationFilter@4ecc5b13, org.springframework.security.web.context.SecurityContextPersistenceFilter@16285f5b, org.springframework.security.web.header.HeaderWriterFilter@ce53c16, org.springframework.security.web.authentication.logout.LogoutFilter@67dec6cb, org.springframework.security.oauth2.client.web.OAuth2AuthorizationRequestRedirectFilter@4c12bc68, org.springframework.security.oauth2.client.web.OAuth2LoginAuthenticationFilter@47f99e92, org.springframework.security.web.authentication.ui.DefaultLoginPageGeneratingFilter@9198e33, org.springframework.security.web.authentication.ui.DefaultLogoutPageGeneratingFilter@33577cfc, org.springframework.security.web.savedrequest.RequestCacheAwareFilter@561a2555, org.springframework.security.web.servletapi.SecurityContextHolderAwareRequestFilter@111ecd00, org.springframework.security.web.authentication.AnonymousAuthenticationFilter@acefc1b, org.springframework.security.web.session.SessionManagementFilter@4aa27b7b, org.springframework.security.web.access.ExceptionTranslationFilter@37dee0e2, org.springframework.security.web.access.intercept.FilterSecurityInterceptor@5739fe98]
2020-09-05 23:26:48.146  INFO 3527 --- [    Test worker] o.s.s.concurrent.ThreadPoolTaskExecutor  : Initializing ExecutorService 'applicationTaskExecutor'
2020-09-05 23:26:48.272  WARN 3527 --- [    Test worker] aWebConfiguration$JpaWebMvcConfiguration : spring.jpa.open-in-view is enabled by default. Therefore, database queries may be performed during view rendering. Explicitly configure spring.jpa.open-in-view to disable this warning
2020-09-05 23:26:48.393  INFO 3527 --- [    Test worker] o.s.b.a.w.s.WelcomePageHandlerMapping    : Adding welcome page template: index
2020-09-05 23:26:49.495  INFO 3527 --- [    Test worker] s.a.ScheduledAnnotationBeanPostProcessor : No TaskScheduler/ScheduledExecutorService bean found for scheduled processing
2020-09-05 23:26:49.518  INFO 3527 --- [    Test worker] c.l.s.domain.posts.PostsRepositoryTest   : Started PostsRepositoryTest in 13.272 seconds (JVM running for 15.484)
Hibernate: insert into posts (id, created_time, modified_time, author, content, title) values (null, ?, ?, ?, ?, ?)
Hibernate: select posts0_.id as id1_0_, posts0_.created_time as created_2_0_, posts0_.modified_time as modified3_0_, posts0_.author as author4_0_, posts0_.content as content5_0_, posts0_.title as title6_0_ from posts posts0_
Hibernate: select posts0_.id as id1_0_, posts0_.created_time as created_2_0_, posts0_.modified_time as modified3_0_, posts0_.author as author4_0_, posts0_.content as content5_0_, posts0_.title as title6_0_ from posts posts0_
Hibernate: delete from posts where id=?
Hibernate: insert into posts (id, created_time, modified_time, author, content, title) values (null, ?, ?, ?, ?, ?)
Hibernate: select posts0_.id as id1_0_, posts0_.created_time as created_2_0_, posts0_.modified_time as modified3_0_, posts0_.author as author4_0_, posts0_.content as content5_0_, posts0_.title as title6_0_ from posts posts0_
CreateDate = 2020-09-05T23:26:50.147 modifiedDate = 2020-09-05T23:26:50.147
Hibernate: select posts0_.id as id1_0_, posts0_.created_time as created_2_0_, posts0_.modified_time as modified3_0_, posts0_.author as author4_0_, posts0_.content as content5_0_, posts0_.title as title6_0_ from posts posts0_
Hibernate: delete from posts where id=?
]]></system-out>
  <system-err><![CDATA[]]></system-err>
</testsuite>
