<?xml version="1.0" encoding="UTF-8"?>
<testsuite name="com.littlesight.springboot.web.IndexControllerTest" tests="1" skipped="0" failures="0" errors="0" timestamp="2020-09-08T07:04:58" hostname="DESKTOP-Q41C016" time="0.365">
  <properties/>
  <testcase name="mainPage_Loading" classname="com.littlesight.springboot.web.IndexControllerTest" time="0.365"/>
  <system-out><![CDATA[2020-09-08 16:04:55.405  INFO 19308 --- [    Test worker] .b.t.c.SpringBootTestContextBootstrapper : Neither @ContextConfiguration nor @ContextHierarchy found for test class [com.littlesight.springboot.web.IndexControllerTest], using SpringBootContextLoader
2020-09-08 16:04:55.406  INFO 19308 --- [    Test worker] o.s.t.c.support.AbstractContextLoader    : Could not detect default resource locations for test class [com.littlesight.springboot.web.IndexControllerTest]: no resource found for suffixes {-context.xml, Context.groovy}.
2020-09-08 16:04:55.407  INFO 19308 --- [    Test worker] t.c.s.AnnotationConfigContextLoaderUtils : Could not detect default configuration classes for test class [com.littlesight.springboot.web.IndexControllerTest]: IndexControllerTest does not declare any static, non-private, non-final, nested classes annotated with @Configuration.
2020-09-08 16:04:55.410  INFO 19308 --- [    Test worker] .b.t.c.SpringBootTestContextBootstrapper : Found @SpringBootConfiguration com.littlesight.springboot.Application for test class com.littlesight.springboot.web.IndexControllerTest
2020-09-08 16:04:55.412  INFO 19308 --- [    Test worker] .b.t.c.SpringBootTestContextBootstrapper : Loaded default TestExecutionListener class names from location [META-INF/spring.factories]: [org.springframework.security.test.context.support.WithSecurityContextTestExecutionListener, org.springframework.security.test.context.support.ReactorContextTestExecutionListener, org.springframework.boot.test.autoconfigure.restdocs.RestDocsTestExecutionListener, org.springframework.boot.test.autoconfigure.web.client.MockRestServiceServerResetTestExecutionListener, org.springframework.boot.test.autoconfigure.web.servlet.MockMvcPrintOnlyOnFailureTestExecutionListener, org.springframework.boot.test.autoconfigure.web.servlet.WebDriverTestExecutionListener, org.springframework.boot.test.mock.mockito.MockitoTestExecutionListener, org.springframework.boot.test.mock.mockito.ResetMocksTestExecutionListener, org.springframework.test.context.web.ServletTestExecutionListener, org.springframework.test.context.support.DirtiesContextBeforeModesTestExecutionListener, org.springframework.test.context.support.DependencyInjectionTestExecutionListener, org.springframework.test.context.support.DirtiesContextTestExecutionListener, org.springframework.test.context.transaction.TransactionalTestExecutionListener, org.springframework.test.context.jdbc.SqlScriptsTestExecutionListener]
2020-09-08 16:04:55.415  INFO 19308 --- [    Test worker] .b.t.c.SpringBootTestContextBootstrapper : Using TestExecutionListeners: [org.springframework.test.context.web.ServletTestExecutionListener@4ad4341e, org.springframework.test.context.support.DirtiesContextBeforeModesTestExecutionListener@a0d93ab, org.springframework.boot.test.mock.mockito.MockitoTestExecutionListener@6ba618c9, org.springframework.boot.test.autoconfigure.SpringBootDependencyInjectionTestExecutionListener@16d0b98d, org.springframework.test.context.support.DirtiesContextTestExecutionListener@7dcf0b8d, org.springframework.test.context.transaction.TransactionalTestExecutionListener@1bb95f54, org.springframework.test.context.jdbc.SqlScriptsTestExecutionListener@40827cba, org.springframework.security.test.context.support.WithSecurityContextTestExecutionListener@530da9f6, org.springframework.security.test.context.support.ReactorContextTestExecutionListener@569b5379, org.springframework.boot.test.autoconfigure.restdocs.RestDocsTestExecutionListener@789e501, org.springframework.boot.test.autoconfigure.web.client.MockRestServiceServerResetTestExecutionListener@543d2ee6, org.springframework.boot.test.autoconfigure.web.servlet.MockMvcPrintOnlyOnFailureTestExecutionListener@6a416f8e, org.springframework.boot.test.autoconfigure.web.servlet.WebDriverTestExecutionListener@66cde924, org.springframework.boot.test.mock.mockito.ResetMocksTestExecutionListener@2e24a911]

  .   ____          _            __ _ _
 /\\ / ___'_ __ _ _(_)_ __  __ _ \ \ \ \
( ( )\___ | '_ | '_| | '_ \/ _` | \ \ \ \
 \\/  ___)| |_)| | | | | || (_| |  ) ) ) )
  '  |____| .__|_| |_|_| |_\__, | / / / /
 =========|_|==============|___/=/_/_/_/
 :: Spring Boot ::        (v2.1.7.RELEASE)

2020-09-08 16:04:55.474  INFO 19308 --- [    Test worker] c.l.springboot.web.IndexControllerTest   : Starting IndexControllerTest on DESKTOP-Q41C016 with PID 19308 (started by SysLab in D:\MyCode\springboot)
2020-09-08 16:04:55.474  INFO 19308 --- [    Test worker] c.l.springboot.web.IndexControllerTest   : No active profile set, falling back to default profiles: default
2020-09-08 16:04:55.831  INFO 19308 --- [    Test worker] .s.d.r.c.RepositoryConfigurationDelegate : Bootstrapping Spring Data repositories in DEFAULT mode.
2020-09-08 16:04:55.861  INFO 19308 --- [    Test worker] .s.d.r.c.RepositoryConfigurationDelegate : Finished Spring Data repository scanning in 30ms. Found 2 repository interfaces.
2020-09-08 16:04:56.011  INFO 19308 --- [    Test worker] trationDelegate$BeanPostProcessorChecker : Bean 'org.springframework.transaction.annotation.ProxyTransactionManagementConfiguration' of type [org.springframework.transaction.annotation.ProxyTransactionManagementConfiguration$$EnhancerBySpringCGLIB$$d5cc9cfc] is not eligible for getting processed by all BeanPostProcessors (for example: not eligible for auto-proxying)
2020-09-08 16:04:56.344  INFO 19308 --- [    Test worker] o.s.b.w.embedded.tomcat.TomcatWebServer  : Tomcat initialized with port(s): 0 (http)
2020-09-08 16:04:56.389  INFO 19308 --- [    Test worker] o.apache.catalina.core.StandardService   : Starting service [Tomcat]
2020-09-08 16:04:56.390  INFO 19308 --- [    Test worker] org.apache.catalina.core.StandardEngine  : Starting Servlet engine: [Apache Tomcat/9.0.22]
2020-09-08 16:04:56.669  INFO 19308 --- [    Test worker] o.a.c.c.C.[Tomcat].[localhost].[/]       : Initializing Spring embedded WebApplicationContext
2020-09-08 16:04:56.669  INFO 19308 --- [    Test worker] o.s.web.context.ContextLoader            : Root WebApplicationContext: initialization completed in 1192 ms
2020-09-08 16:04:56.965  INFO 19308 --- [    Test worker] com.zaxxer.hikari.HikariDataSource       : HikariPool-2 - Starting...
2020-09-08 16:04:56.967  INFO 19308 --- [    Test worker] com.zaxxer.hikari.HikariDataSource       : HikariPool-2 - Start completed.
2020-09-08 16:04:57.032  INFO 19308 --- [    Test worker] o.hibernate.jpa.internal.util.LogHelper  : HHH000204: Processing PersistenceUnitInfo [
	name: default
	...]
2020-09-08 16:04:57.046  INFO 19308 --- [    Test worker] org.hibernate.dialect.Dialect            : HHH000400: Using dialect: org.hibernate.dialect.H2Dialect
Hibernate: drop table posts if exists
Hibernate: drop table user if exists
Hibernate: create table posts (id bigint generated by default as identity, created_time timestamp, modified_time timestamp, author varchar(255), content TEXT not null, title varchar(500) not null, primary key (id))
Hibernate: create table user (id bigint generated by default as identity, created_time timestamp, modified_time timestamp, email varchar(255) not null, name varchar(255) not null, picture varchar(255), role varchar(255) not null, primary key (id))
2020-09-08 16:04:57.126  INFO 19308 --- [    Test worker] o.h.t.schema.internal.SchemaCreatorImpl  : HHH000476: Executing import script 'org.hibernate.tool.schema.internal.exec.ScriptSourceInputNonExistentImpl@599a2343'
2020-09-08 16:04:57.126  INFO 19308 --- [    Test worker] j.LocalContainerEntityManagerFactoryBean : Initialized JPA EntityManagerFactory for persistence unit 'default'
2020-09-08 16:04:57.605  INFO 19308 --- [    Test worker] o.h.h.i.QueryTranslatorFactoryInitiator  : HHH000397: Using ASTQueryTranslatorFactory
2020-09-08 16:04:57.859  INFO 19308 --- [    Test worker] o.s.s.web.DefaultSecurityFilterChain     : Creating filter chain: any request, [org.springframework.security.web.context.request.async.WebAsyncManagerIntegrationFilter@4d6240ff, org.springframework.security.web.context.SecurityContextPersistenceFilter@4be5a919, org.springframework.security.web.header.HeaderWriterFilter@4b3384b9, org.springframework.security.web.authentication.logout.LogoutFilter@2ca0dcca, org.springframework.security.oauth2.client.web.OAuth2AuthorizationRequestRedirectFilter@489f669c, org.springframework.security.oauth2.client.web.OAuth2LoginAuthenticationFilter@1465ca95, org.springframework.security.web.authentication.ui.DefaultLoginPageGeneratingFilter@4a6b19ff, org.springframework.security.web.authentication.ui.DefaultLogoutPageGeneratingFilter@56a57aa5, org.springframework.security.web.savedrequest.RequestCacheAwareFilter@56280174, org.springframework.security.web.servletapi.SecurityContextHolderAwareRequestFilter@1695144, org.springframework.security.web.authentication.AnonymousAuthenticationFilter@653d5d6b, org.springframework.security.web.session.SessionManagementFilter@6685b997, org.springframework.security.web.access.ExceptionTranslationFilter@465b7160, org.springframework.security.web.access.intercept.FilterSecurityInterceptor@3ae42719]
2020-09-08 16:04:58.101  INFO 19308 --- [    Test worker] o.s.s.concurrent.ThreadPoolTaskExecutor  : Initializing ExecutorService 'applicationTaskExecutor'
2020-09-08 16:04:58.119  WARN 19308 --- [    Test worker] aWebConfiguration$JpaWebMvcConfiguration : spring.jpa.open-in-view is enabled by default. Therefore, database queries may be performed during view rendering. Explicitly configure spring.jpa.open-in-view to disable this warning
2020-09-08 16:04:58.156  INFO 19308 --- [    Test worker] o.s.b.a.w.s.WelcomePageHandlerMapping    : Adding welcome page template: index
2020-09-08 16:04:58.641  INFO 19308 --- [    Test worker] s.a.ScheduledAnnotationBeanPostProcessor : No TaskScheduler/ScheduledExecutorService bean found for scheduled processing
2020-09-08 16:04:58.673  INFO 19308 --- [    Test worker] o.s.b.w.embedded.tomcat.TomcatWebServer  : Tomcat started on port(s): 10954 (http) with context path ''
2020-09-08 16:04:58.675  INFO 19308 --- [    Test worker] c.l.springboot.web.IndexControllerTest   : Started IndexControllerTest in 3.257 seconds (JVM running for 19.541)
2020-09-08 16:04:58.853  INFO 19308 --- [o-auto-1-exec-1] o.a.c.c.C.[Tomcat].[localhost].[/]       : Initializing Spring DispatcherServlet 'dispatcherServlet'
2020-09-08 16:04:58.853  INFO 19308 --- [o-auto-1-exec-1] o.s.web.servlet.DispatcherServlet        : Initializing Servlet 'dispatcherServlet'
2020-09-08 16:04:58.892  INFO 19308 --- [o-auto-1-exec-1] o.s.web.servlet.DispatcherServlet        : Completed initialization in 39 ms
Hibernate: select posts0_.id as id1_0_, posts0_.created_time as created_2_0_, posts0_.modified_time as modified3_0_, posts0_.author as author4_0_, posts0_.content as content5_0_, posts0_.title as title6_0_ from posts posts0_ order by posts0_.id DESC
]]></system-out>
  <system-err><![CDATA[]]></system-err>
</testsuite>
