<?xml version="1.0" encoding="UTF-8"?>
<testsuite name="com.hw.mixvoice.web.PostsApiControllerTest" tests="2" skipped="0" failures="0" errors="0" timestamp="2024-04-14T06:17:03" hostname="DESKTOP-5TJ7OBF" time="0.09">
  <properties/>
  <testcase name="Posts_regist" classname="com.hw.mixvoice.web.PostsApiControllerTest" time="0.083"/>
  <testcase name="Posts_update" classname="com.hw.mixvoice.web.PostsApiControllerTest" time="0.006"/>
  <system-out><![CDATA[2024-04-14 15:17:00.073  INFO 73220 --- [    Test worker] .b.t.c.SpringBootTestContextBootstrapper : Neither @ContextConfiguration nor @ContextHierarchy found for test class [com.hw.mixvoice.web.PostsApiControllerTest], using SpringBootContextLoader
2024-04-14 15:17:00.074  INFO 73220 --- [    Test worker] o.s.t.c.support.AbstractContextLoader    : Could not detect default resource locations for test class [com.hw.mixvoice.web.PostsApiControllerTest]: no resource found for suffixes {-context.xml, Context.groovy}.
2024-04-14 15:17:00.074  INFO 73220 --- [    Test worker] t.c.s.AnnotationConfigContextLoaderUtils : Could not detect default configuration classes for test class [com.hw.mixvoice.web.PostsApiControllerTest]: PostsApiControllerTest does not declare any static, non-private, non-final, nested classes annotated with @Configuration.
2024-04-14 15:17:00.091  INFO 73220 --- [    Test worker] .b.t.c.SpringBootTestContextBootstrapper : Found @SpringBootConfiguration com.hw.mixvoice.Application for test class com.hw.mixvoice.web.PostsApiControllerTest
2024-04-14 15:17:00.101  INFO 73220 --- [    Test worker] .b.t.c.SpringBootTestContextBootstrapper : Loaded default TestExecutionListener class names from location [META-INF/spring.factories]: [org.springframework.security.test.context.support.WithSecurityContextTestExecutionListener, org.springframework.security.test.context.support.ReactorContextTestExecutionListener, org.springframework.boot.test.autoconfigure.restdocs.RestDocsTestExecutionListener, org.springframework.boot.test.autoconfigure.web.client.MockRestServiceServerResetTestExecutionListener, org.springframework.boot.test.autoconfigure.web.servlet.MockMvcPrintOnlyOnFailureTestExecutionListener, org.springframework.boot.test.autoconfigure.web.servlet.WebDriverTestExecutionListener, org.springframework.boot.test.mock.mockito.MockitoTestExecutionListener, org.springframework.boot.test.mock.mockito.ResetMocksTestExecutionListener, org.springframework.test.context.web.ServletTestExecutionListener, org.springframework.test.context.support.DirtiesContextBeforeModesTestExecutionListener, org.springframework.test.context.support.DependencyInjectionTestExecutionListener, org.springframework.test.context.support.DirtiesContextTestExecutionListener, org.springframework.test.context.transaction.TransactionalTestExecutionListener, org.springframework.test.context.jdbc.SqlScriptsTestExecutionListener]
2024-04-14 15:17:00.102  INFO 73220 --- [    Test worker] .b.t.c.SpringBootTestContextBootstrapper : Using TestExecutionListeners: [org.springframework.test.context.web.ServletTestExecutionListener@6437b527, org.springframework.test.context.support.DirtiesContextBeforeModesTestExecutionListener@e68b3af, org.springframework.boot.test.mock.mockito.MockitoTestExecutionListener@495ee26e, org.springframework.boot.test.autoconfigure.SpringBootDependencyInjectionTestExecutionListener@770c632, org.springframework.test.context.support.DirtiesContextTestExecutionListener@5e37c576, org.springframework.test.context.transaction.TransactionalTestExecutionListener@1589f0d4, org.springframework.test.context.jdbc.SqlScriptsTestExecutionListener@2bfa2d99, org.springframework.security.test.context.support.WithSecurityContextTestExecutionListener@2aba3f82, org.springframework.security.test.context.support.ReactorContextTestExecutionListener@4a4653d6, org.springframework.boot.test.autoconfigure.restdocs.RestDocsTestExecutionListener@1013151a, org.springframework.boot.test.autoconfigure.web.client.MockRestServiceServerResetTestExecutionListener@6a7f7464, org.springframework.boot.test.autoconfigure.web.servlet.MockMvcPrintOnlyOnFailureTestExecutionListener@11c21086, org.springframework.boot.test.autoconfigure.web.servlet.WebDriverTestExecutionListener@69e2398b, org.springframework.boot.test.mock.mockito.ResetMocksTestExecutionListener@61514a68]

  .   ____          _            __ _ _
 /\\ / ___'_ __ _ _(_)_ __  __ _ \ \ \ \
( ( )\___ | '_ | '_| | '_ \/ _` | \ \ \ \
 \\/  ___)| |_)| | | | | || (_| |  ) ) ) )
  '  |____| .__|_| |_|_| |_\__, | / / / /
 =========|_|==============|___/=/_/_/_/
 :: Spring Boot ::        (v2.1.7.RELEASE)

2024-04-14 15:17:00.216  INFO 73220 --- [    Test worker] c.h.mixvoice.web.PostsApiControllerTest  : Starting PostsApiControllerTest on DESKTOP-5TJ7OBF with PID 73220 (started by HyeonWoo in D:\GitRepository_HW\web\springboot)
2024-04-14 15:17:00.216  INFO 73220 --- [    Test worker] c.h.mixvoice.web.PostsApiControllerTest  : No active profile set, falling back to default profiles: default
2024-04-14 15:17:00.878  INFO 73220 --- [    Test worker] .s.d.r.c.RepositoryConfigurationDelegate : Bootstrapping Spring Data repositories in DEFAULT mode.
2024-04-14 15:17:00.921  INFO 73220 --- [    Test worker] .s.d.r.c.RepositoryConfigurationDelegate : Finished Spring Data repository scanning in 42ms. Found 2 repository interfaces.
2024-04-14 15:17:01.093  INFO 73220 --- [    Test worker] trationDelegate$BeanPostProcessorChecker : Bean 'org.springframework.transaction.annotation.ProxyTransactionManagementConfiguration' of type [org.springframework.transaction.annotation.ProxyTransactionManagementConfiguration$$EnhancerBySpringCGLIB$$8cf40588] is not eligible for getting processed by all BeanPostProcessors (for example: not eligible for auto-proxying)
2024-04-14 15:17:01.903  INFO 73220 --- [    Test worker] o.s.b.w.embedded.tomcat.TomcatWebServer  : Tomcat initialized with port(s): 0 (http)
2024-04-14 15:17:02.011  INFO 73220 --- [    Test worker] o.apache.catalina.core.StandardService   : Starting service [Tomcat]
2024-04-14 15:17:02.011  INFO 73220 --- [    Test worker] org.apache.catalina.core.StandardEngine  : Starting Servlet engine: [Apache Tomcat/9.0.22]
2024-04-14 15:17:02.285  INFO 73220 --- [    Test worker] o.a.c.c.C.[Tomcat].[localhost].[/]       : Initializing Spring embedded WebApplicationContext
2024-04-14 15:17:02.285  INFO 73220 --- [    Test worker] o.s.web.context.ContextLoader            : Root WebApplicationContext: initialization completed in 2066 ms
2024-04-14 15:17:02.480  INFO 73220 --- [    Test worker] com.zaxxer.hikari.HikariDataSource       : HikariPool-2 - Starting...
2024-04-14 15:17:02.484  INFO 73220 --- [    Test worker] com.zaxxer.hikari.HikariDataSource       : HikariPool-2 - Start completed.
2024-04-14 15:17:02.512  INFO 73220 --- [    Test worker] o.hibernate.jpa.internal.util.LogHelper  : HHH000204: Processing PersistenceUnitInfo [
	name: default
	...]
2024-04-14 15:17:02.520  INFO 73220 --- [    Test worker] org.hibernate.dialect.Dialect            : HHH000400: Using dialect: org.hibernate.dialect.H2Dialect
Hibernate: drop table posts if exists
Hibernate: drop table user if exists
Hibernate: create table posts (id bigint generated by default as identity, created_time timestamp, modified_time timestamp, author varchar(255), category varchar(255), content TEXT not null, title varchar(500) not null, primary key (id))
Hibernate: create table user (id bigint generated by default as identity, created_time timestamp, modified_time timestamp, email varchar(255) not null, name varchar(255) not null, picture varchar(255), role varchar(255) not null, primary key (id))
2024-04-14 15:17:02.567  INFO 73220 --- [    Test worker] o.h.t.schema.internal.SchemaCreatorImpl  : HHH000476: Executing import script 'org.hibernate.tool.schema.internal.exec.ScriptSourceInputNonExistentImpl@1c76a23b'
2024-04-14 15:17:02.567  INFO 73220 --- [    Test worker] j.LocalContainerEntityManagerFactoryBean : Initialized JPA EntityManagerFactory for persistence unit 'default'
2024-04-14 15:17:02.864  INFO 73220 --- [    Test worker] o.h.h.i.QueryTranslatorFactoryInitiator  : HHH000397: Using ASTQueryTranslatorFactory
2024-04-14 15:17:03.036  INFO 73220 --- [    Test worker] o.s.s.web.DefaultSecurityFilterChain     : Creating filter chain: any request, [org.springframework.security.web.context.request.async.WebAsyncManagerIntegrationFilter@387d13e4, org.springframework.security.web.context.SecurityContextPersistenceFilter@5ff704aa, org.springframework.security.web.header.HeaderWriterFilter@7dda2ca9, org.springframework.security.web.authentication.logout.LogoutFilter@4f5883cd, org.springframework.security.oauth2.client.web.OAuth2AuthorizationRequestRedirectFilter@19e2071e, org.springframework.security.oauth2.client.web.OAuth2LoginAuthenticationFilter@107b427, org.springframework.security.web.authentication.ui.DefaultLoginPageGeneratingFilter@286d003e, org.springframework.security.web.authentication.ui.DefaultLogoutPageGeneratingFilter@cd19f28, org.springframework.security.web.savedrequest.RequestCacheAwareFilter@23d42847, org.springframework.security.web.servletapi.SecurityContextHolderAwareRequestFilter@fc7e7f0, org.springframework.security.web.authentication.AnonymousAuthenticationFilter@582b35b, org.springframework.security.web.session.SessionManagementFilter@1b97835d, org.springframework.security.web.access.ExceptionTranslationFilter@39d8a0eb, org.springframework.security.web.access.intercept.FilterSecurityInterceptor@693d0]
2024-04-14 15:17:03.203  INFO 73220 --- [    Test worker] o.s.s.concurrent.ThreadPoolTaskExecutor  : Initializing ExecutorService 'applicationTaskExecutor'
2024-04-14 15:17:03.213  WARN 73220 --- [    Test worker] aWebConfiguration$JpaWebMvcConfiguration : spring.jpa.open-in-view is enabled by default. Therefore, database queries may be performed during view rendering. Explicitly configure spring.jpa.open-in-view to disable this warning
2024-04-14 15:17:03.235  INFO 73220 --- [    Test worker] o.s.b.a.w.s.WelcomePageHandlerMapping    : Adding welcome page template: index
2024-04-14 15:17:03.452  INFO 73220 --- [    Test worker] s.a.ScheduledAnnotationBeanPostProcessor : No TaskScheduler/ScheduledExecutorService bean found for scheduled processing
2024-04-14 15:17:03.473  INFO 73220 --- [    Test worker] o.s.b.w.embedded.tomcat.TomcatWebServer  : Tomcat started on port(s): 62878 (http) with context path ''
2024-04-14 15:17:03.473  INFO 73220 --- [    Test worker] c.h.mixvoice.web.PostsApiControllerTest  : Started PostsApiControllerTest in 3.353 seconds (JVM running for 14.266)
2024-04-14 15:17:03.483  INFO 73220 --- [    Test worker] o.a.c.c.C.[Tomcat].[localhost].[/]       : Initializing Spring TestDispatcherServlet ''
2024-04-14 15:17:03.484  INFO 73220 --- [    Test worker] o.s.t.web.servlet.TestDispatcherServlet  : Initializing Servlet ''
2024-04-14 15:17:03.494  INFO 73220 --- [    Test worker] o.s.t.web.servlet.TestDispatcherServlet  : Completed initialization in 10 ms
Hibernate: insert into posts (id, created_time, modified_time, author, category, content, title) values (null, ?, ?, ?, ?, ?, ?)
Hibernate: select posts0_.id as id1_0_, posts0_.created_time as created_2_0_, posts0_.modified_time as modified3_0_, posts0_.author as author4_0_, posts0_.category as category5_0_, posts0_.content as content6_0_, posts0_.title as title7_0_ from posts posts0_
Hibernate: select posts0_.id as id1_0_, posts0_.created_time as created_2_0_, posts0_.modified_time as modified3_0_, posts0_.author as author4_0_, posts0_.category as category5_0_, posts0_.content as content6_0_, posts0_.title as title7_0_ from posts posts0_
Hibernate: delete from posts where id=?
2024-04-14 15:17:03.564  INFO 73220 --- [    Test worker] o.a.c.c.C.[Tomcat].[localhost].[/]       : Initializing Spring TestDispatcherServlet ''
2024-04-14 15:17:03.565  INFO 73220 --- [    Test worker] o.s.t.web.servlet.TestDispatcherServlet  : Initializing Servlet ''
2024-04-14 15:17:03.566  INFO 73220 --- [    Test worker] o.s.t.web.servlet.TestDispatcherServlet  : Completed initialization in 1 ms
Hibernate: select posts0_.id as id1_0_, posts0_.created_time as created_2_0_, posts0_.modified_time as modified3_0_, posts0_.author as author4_0_, posts0_.category as category5_0_, posts0_.content as content6_0_, posts0_.title as title7_0_ from posts posts0_
]]></system-out>
  <system-err><![CDATA[]]></system-err>
</testsuite>
