<?xml version="1.0" encoding="UTF-8"?>
<<<<<<< Updated upstream
<testsuite name="com.littlesight.springboot.web.HelloControllerTest" tests="2" skipped="0" failures="0" errors="0" timestamp="2020-09-01T13:30:26" hostname="DESKTOP-Q41C016" time="0.292">
  <properties/>
  <testcase name="helloDto_return" classname="com.littlesight.springboot.web.HelloControllerTest" time="0.267"/>
  <testcase name="hello_return" classname="com.littlesight.springboot.web.HelloControllerTest" time="0.021"/>
  <system-out><![CDATA[2020-09-01 22:30:24.895  INFO 32492 --- [    Test worker] .b.t.a.w.s.WebMvcTestContextBootstrapper : Neither @ContextConfiguration nor @ContextHierarchy found for test class [com.littlesight.springboot.web.HelloControllerTest], using SpringBootContextLoader
2020-09-01 22:30:24.898  INFO 32492 --- [    Test worker] o.s.t.c.support.AbstractContextLoader    : Could not detect default resource locations for test class [com.littlesight.springboot.web.HelloControllerTest]: no resource found for suffixes {-context.xml, Context.groovy}.
2020-09-01 22:30:24.898  INFO 32492 --- [    Test worker] t.c.s.AnnotationConfigContextLoaderUtils : Could not detect default configuration classes for test class [com.littlesight.springboot.web.HelloControllerTest]: HelloControllerTest does not declare any static, non-private, non-final, nested classes annotated with @Configuration.
2020-09-01 22:30:24.930  INFO 32492 --- [    Test worker] .b.t.c.SpringBootTestContextBootstrapper : Found @SpringBootConfiguration com.littlesight.springboot.Application for test class com.littlesight.springboot.web.HelloControllerTest
2020-09-01 22:30:24.930  INFO 32492 --- [    Test worker] .b.t.a.w.s.WebMvcTestContextBootstrapper : Loaded default TestExecutionListener class names from location [META-INF/spring.factories]: [org.springframework.security.test.context.support.WithSecurityContextTestExecutionListener, org.springframework.security.test.context.support.ReactorContextTestExecutionListener, org.springframework.boot.test.autoconfigure.restdocs.RestDocsTestExecutionListener, org.springframework.boot.test.autoconfigure.web.client.MockRestServiceServerResetTestExecutionListener, org.springframework.boot.test.autoconfigure.web.servlet.MockMvcPrintOnlyOnFailureTestExecutionListener, org.springframework.boot.test.autoconfigure.web.servlet.WebDriverTestExecutionListener, org.springframework.boot.test.mock.mockito.MockitoTestExecutionListener, org.springframework.boot.test.mock.mockito.ResetMocksTestExecutionListener, org.springframework.test.context.web.ServletTestExecutionListener, org.springframework.test.context.support.DirtiesContextBeforeModesTestExecutionListener, org.springframework.test.context.support.DependencyInjectionTestExecutionListener, org.springframework.test.context.support.DirtiesContextTestExecutionListener, org.springframework.test.context.transaction.TransactionalTestExecutionListener, org.springframework.test.context.jdbc.SqlScriptsTestExecutionListener]
2020-09-01 22:30:24.932  INFO 32492 --- [    Test worker] .b.t.a.w.s.WebMvcTestContextBootstrapper : Using TestExecutionListeners: [org.springframework.test.context.web.ServletTestExecutionListener@7b047ffd, org.springframework.test.context.support.DirtiesContextBeforeModesTestExecutionListener@47e028e0, org.springframework.boot.test.mock.mockito.MockitoTestExecutionListener@1f4725fd, org.springframework.boot.test.autoconfigure.SpringBootDependencyInjectionTestExecutionListener@4e4baf52, org.springframework.test.context.support.DirtiesContextTestExecutionListener@16e8caf1, org.springframework.test.context.transaction.TransactionalTestExecutionListener@500947e4, org.springframework.test.context.jdbc.SqlScriptsTestExecutionListener@76c7e8d5, org.springframework.security.test.context.support.WithSecurityContextTestExecutionListener@65e5f860, org.springframework.security.test.context.support.ReactorContextTestExecutionListener@350a196f, org.springframework.boot.test.autoconfigure.restdocs.RestDocsTestExecutionListener@2f265e4d, org.springframework.boot.test.autoconfigure.web.client.MockRestServiceServerResetTestExecutionListener@666e8a3c, org.springframework.boot.test.autoconfigure.web.servlet.MockMvcPrintOnlyOnFailureTestExecutionListener@2c825869, org.springframework.boot.test.autoconfigure.web.servlet.WebDriverTestExecutionListener@49a6edf7, org.springframework.boot.test.mock.mockito.ResetMocksTestExecutionListener@54ef06b8]
=======
<testsuite name="com.littlesight.springboot.web.HelloControllerTest" tests="2" skipped="0" failures="0" errors="0" timestamp="2020-09-05T13:38:37" hostname="springboot-webservice" time="0.301">
  <properties/>
  <testcase name="helloDto_return" classname="com.littlesight.springboot.web.HelloControllerTest" time="0.272"/>
  <testcase name="hello_return" classname="com.littlesight.springboot.web.HelloControllerTest" time="0.028"/>
  <system-out><![CDATA[2020-09-05 22:38:35.792  INFO 2970 --- [    Test worker] .b.t.a.w.s.WebMvcTestContextBootstrapper : Neither @ContextConfiguration nor @ContextHierarchy found for test class [com.littlesight.springboot.web.HelloControllerTest], using SpringBootContextLoader
2020-09-05 22:38:35.798  INFO 2970 --- [    Test worker] o.s.t.c.support.AbstractContextLoader    : Could not detect default resource locations for test class [com.littlesight.springboot.web.HelloControllerTest]: no resource found for suffixes {-context.xml, Context.groovy}.
2020-09-05 22:38:35.799  INFO 2970 --- [    Test worker] t.c.s.AnnotationConfigContextLoaderUtils : Could not detect default configuration classes for test class [com.littlesight.springboot.web.HelloControllerTest]: HelloControllerTest does not declare any static, non-private, non-final, nested classes annotated with @Configuration.
2020-09-05 22:38:35.847  INFO 2970 --- [    Test worker] .b.t.c.SpringBootTestContextBootstrapper : Found @SpringBootConfiguration com.littlesight.springboot.Application for test class com.littlesight.springboot.web.HelloControllerTest
2020-09-05 22:38:35.848  INFO 2970 --- [    Test worker] .b.t.a.w.s.WebMvcTestContextBootstrapper : Loaded default TestExecutionListener class names from location [META-INF/spring.factories]: [org.springframework.security.test.context.support.WithSecurityContextTestExecutionListener, org.springframework.security.test.context.support.ReactorContextTestExecutionListener, org.springframework.boot.test.autoconfigure.restdocs.RestDocsTestExecutionListener, org.springframework.boot.test.autoconfigure.web.client.MockRestServiceServerResetTestExecutionListener, org.springframework.boot.test.autoconfigure.web.servlet.MockMvcPrintOnlyOnFailureTestExecutionListener, org.springframework.boot.test.autoconfigure.web.servlet.WebDriverTestExecutionListener, org.springframework.boot.test.mock.mockito.MockitoTestExecutionListener, org.springframework.boot.test.mock.mockito.ResetMocksTestExecutionListener, org.springframework.test.context.web.ServletTestExecutionListener, org.springframework.test.context.support.DirtiesContextBeforeModesTestExecutionListener, org.springframework.test.context.support.DependencyInjectionTestExecutionListener, org.springframework.test.context.support.DirtiesContextTestExecutionListener, org.springframework.test.context.transaction.TransactionalTestExecutionListener, org.springframework.test.context.jdbc.SqlScriptsTestExecutionListener]
2020-09-05 22:38:35.853  INFO 2970 --- [    Test worker] .b.t.a.w.s.WebMvcTestContextBootstrapper : Using TestExecutionListeners: [org.springframework.test.context.web.ServletTestExecutionListener@17ed352e, org.springframework.test.context.support.DirtiesContextBeforeModesTestExecutionListener@21579763, org.springframework.boot.test.mock.mockito.MockitoTestExecutionListener@1dd827c1, org.springframework.boot.test.autoconfigure.SpringBootDependencyInjectionTestExecutionListener@3836c009, org.springframework.test.context.support.DirtiesContextTestExecutionListener@468cc664, org.springframework.test.context.transaction.TransactionalTestExecutionListener@5b7dbd59, org.springframework.test.context.jdbc.SqlScriptsTestExecutionListener@7476fd8, org.springframework.security.test.context.support.WithSecurityContextTestExecutionListener@9ffd1b1, org.springframework.security.test.context.support.ReactorContextTestExecutionListener@29e0990c, org.springframework.boot.test.autoconfigure.restdocs.RestDocsTestExecutionListener@1f417e1c, org.springframework.boot.test.autoconfigure.web.client.MockRestServiceServerResetTestExecutionListener@2344eb83, org.springframework.boot.test.autoconfigure.web.servlet.MockMvcPrintOnlyOnFailureTestExecutionListener@5441c403, org.springframework.boot.test.autoconfigure.web.servlet.WebDriverTestExecutionListener@79441f7e, org.springframework.boot.test.mock.mockito.ResetMocksTestExecutionListener@6de13fd4]
>>>>>>> Stashed changes

  .   ____          _            __ _ _
 /\\ / ___'_ __ _ _(_)_ __  __ _ \ \ \ \
( ( )\___ | '_ | '_| | '_ \/ _` | \ \ \ \
 \\/  ___)| |_)| | | | | || (_| |  ) ) ) )
  '  |____| .__|_| |_|_| |_\__, | / / / /
 =========|_|==============|___/=/_/_/_/
 :: Spring Boot ::        (v2.1.7.RELEASE)

<<<<<<< Updated upstream
2020-09-01 22:30:24.990  INFO 32492 --- [    Test worker] c.l.springboot.web.HelloControllerTest   : Starting HelloControllerTest on DESKTOP-Q41C016 with PID 32492 (started by SysLab in D:\MyCode\springboot)
2020-09-01 22:30:24.995  INFO 32492 --- [    Test worker] c.l.springboot.web.HelloControllerTest   : No active profile set, falling back to default profiles: default
2020-09-01 22:30:25.792  INFO 32492 --- [    Test worker] o.s.s.concurrent.ThreadPoolTaskExecutor  : Initializing ExecutorService 'applicationTaskExecutor'
2020-09-01 22:30:25.838  INFO 32492 --- [    Test worker] o.s.b.a.w.s.WelcomePageHandlerMapping    : Adding welcome page template: index
2020-09-01 22:30:26.188  INFO 32492 --- [    Test worker] .s.s.UserDetailsServiceAutoConfiguration : 

Using generated security password: 54b75c3a-4be6-48ad-a1ae-c27e7ab5aa1c

2020-09-01 22:30:26.465  INFO 32492 --- [    Test worker] o.s.s.web.DefaultSecurityFilterChain     : Creating filter chain: any request, [org.springframework.security.web.context.request.async.WebAsyncManagerIntegrationFilter@58546e9b, org.springframework.security.web.context.SecurityContextPersistenceFilter@61dd8396, org.springframework.security.web.header.HeaderWriterFilter@3b13e8fc, org.springframework.security.web.csrf.CsrfFilter@6e7f4bd5, org.springframework.security.web.authentication.logout.LogoutFilter@5693a9f9, org.springframework.security.web.authentication.UsernamePasswordAuthenticationFilter@5f029761, org.springframework.security.web.authentication.ui.DefaultLoginPageGeneratingFilter@7da9ec67, org.springframework.security.web.authentication.ui.DefaultLogoutPageGeneratingFilter@70696963, org.springframework.security.web.authentication.www.BasicAuthenticationFilter@31687856, org.springframework.security.web.savedrequest.RequestCacheAwareFilter@478c02c8, org.springframework.security.web.servletapi.SecurityContextHolderAwareRequestFilter@63fc56cd, org.springframework.security.web.authentication.AnonymousAuthenticationFilter@2b105f0, org.springframework.security.web.session.SessionManagementFilter@2f263da8, org.springframework.security.web.access.ExceptionTranslationFilter@3e63029f, org.springframework.security.web.access.intercept.FilterSecurityInterceptor@66bc6143]
2020-09-01 22:30:26.509  INFO 32492 --- [    Test worker] o.s.b.t.m.w.SpringBootMockServletContext : Initializing Spring TestDispatcherServlet ''
2020-09-01 22:30:26.510  INFO 32492 --- [    Test worker] o.s.t.web.servlet.TestDispatcherServlet  : Initializing Servlet ''
2020-09-01 22:30:26.529  INFO 32492 --- [    Test worker] o.s.t.web.servlet.TestDispatcherServlet  : Completed initialization in 18 ms
2020-09-01 22:30:26.568  INFO 32492 --- [    Test worker] c.l.springboot.web.HelloControllerTest   : Started HelloControllerTest in 1.632 seconds (JVM running for 16.752)
=======
2020-09-05 22:38:35.913  INFO 2970 --- [    Test worker] c.l.springboot.web.HelloControllerTest   : Starting HelloControllerTest on springboot-webservice with PID 2970 (started by ec2-user in /home/ec2-user/app/step1/springboot)
2020-09-05 22:38:35.918  INFO 2970 --- [    Test worker] c.l.springboot.web.HelloControllerTest   : No active profile set, falling back to default profiles: default
2020-09-05 22:38:36.776  INFO 2970 --- [    Test worker] o.s.s.concurrent.ThreadPoolTaskExecutor  : Initializing ExecutorService 'applicationTaskExecutor'
2020-09-05 22:38:36.853  INFO 2970 --- [    Test worker] o.s.b.a.w.s.WelcomePageHandlerMapping    : Adding welcome page template: index
2020-09-05 22:38:37.209  INFO 2970 --- [    Test worker] .s.s.UserDetailsServiceAutoConfiguration : 

Using generated security password: c2bcfc81-3044-47f3-b3a7-bbb162886b8b

2020-09-05 22:38:37.435  INFO 2970 --- [    Test worker] o.s.s.web.DefaultSecurityFilterChain     : Creating filter chain: any request, [org.springframework.security.web.context.request.async.WebAsyncManagerIntegrationFilter@5dd3ef78, org.springframework.security.web.context.SecurityContextPersistenceFilter@55d75f4c, org.springframework.security.web.header.HeaderWriterFilter@55d7a496, org.springframework.security.web.csrf.CsrfFilter@1d65509a, org.springframework.security.web.authentication.logout.LogoutFilter@b085cea, org.springframework.security.web.authentication.UsernamePasswordAuthenticationFilter@3bf66922, org.springframework.security.web.authentication.ui.DefaultLoginPageGeneratingFilter@530dd1a3, org.springframework.security.web.authentication.ui.DefaultLogoutPageGeneratingFilter@23a52212, org.springframework.security.web.authentication.www.BasicAuthenticationFilter@174beb2a, org.springframework.security.web.savedrequest.RequestCacheAwareFilter@5782ac6b, org.springframework.security.web.servletapi.SecurityContextHolderAwareRequestFilter@3f194119, org.springframework.security.web.authentication.AnonymousAuthenticationFilter@6bff8ff7, org.springframework.security.web.session.SessionManagementFilter@6201df36, org.springframework.security.web.access.ExceptionTranslationFilter@13e226a3, org.springframework.security.web.access.intercept.FilterSecurityInterceptor@257af370]
2020-09-05 22:38:37.513  INFO 2970 --- [    Test worker] o.s.b.t.m.w.SpringBootMockServletContext : Initializing Spring TestDispatcherServlet ''
2020-09-05 22:38:37.514  INFO 2970 --- [    Test worker] o.s.t.web.servlet.TestDispatcherServlet  : Initializing Servlet ''
2020-09-05 22:38:37.535  INFO 2970 --- [    Test worker] o.s.t.web.servlet.TestDispatcherServlet  : Completed initialization in 21 ms
2020-09-05 22:38:37.605  INFO 2970 --- [    Test worker] c.l.springboot.web.HelloControllerTest   : Started HelloControllerTest in 1.743 seconds (JVM running for 17.266)
>>>>>>> Stashed changes
]]></system-out>
  <system-err><![CDATA[]]></system-err>
</testsuite>
