<?xml version="1.0" encoding="UTF-8"?>
<testsuite name="com.hw.mixvoice.web.HelloControllerTest" tests="2" skipped="0" failures="0" errors="0" timestamp="2024-04-14T06:16:59" hostname="DESKTOP-5TJ7OBF" time="0.166">
  <properties/>
  <testcase name="helloDto_return" classname="com.hw.mixvoice.web.HelloControllerTest" time="0.158"/>
  <testcase name="hello_return" classname="com.hw.mixvoice.web.HelloControllerTest" time="0.008"/>
  <system-out><![CDATA[2024-04-14 15:16:59.049  INFO 73220 --- [    Test worker] .b.t.a.w.s.WebMvcTestContextBootstrapper : Neither @ContextConfiguration nor @ContextHierarchy found for test class [com.hw.mixvoice.web.HelloControllerTest], using SpringBootContextLoader
2024-04-14 15:16:59.049  INFO 73220 --- [    Test worker] o.s.t.c.support.AbstractContextLoader    : Could not detect default resource locations for test class [com.hw.mixvoice.web.HelloControllerTest]: no resource found for suffixes {-context.xml, Context.groovy}.
2024-04-14 15:16:59.050  INFO 73220 --- [    Test worker] t.c.s.AnnotationConfigContextLoaderUtils : Could not detect default configuration classes for test class [com.hw.mixvoice.web.HelloControllerTest]: HelloControllerTest does not declare any static, non-private, non-final, nested classes annotated with @Configuration.
2024-04-14 15:16:59.070  INFO 73220 --- [    Test worker] .b.t.c.SpringBootTestContextBootstrapper : Found @SpringBootConfiguration com.hw.mixvoice.Application for test class com.hw.mixvoice.web.HelloControllerTest
2024-04-14 15:16:59.071  INFO 73220 --- [    Test worker] .b.t.a.w.s.WebMvcTestContextBootstrapper : Loaded default TestExecutionListener class names from location [META-INF/spring.factories]: [org.springframework.security.test.context.support.WithSecurityContextTestExecutionListener, org.springframework.security.test.context.support.ReactorContextTestExecutionListener, org.springframework.boot.test.autoconfigure.restdocs.RestDocsTestExecutionListener, org.springframework.boot.test.autoconfigure.web.client.MockRestServiceServerResetTestExecutionListener, org.springframework.boot.test.autoconfigure.web.servlet.MockMvcPrintOnlyOnFailureTestExecutionListener, org.springframework.boot.test.autoconfigure.web.servlet.WebDriverTestExecutionListener, org.springframework.boot.test.mock.mockito.MockitoTestExecutionListener, org.springframework.boot.test.mock.mockito.ResetMocksTestExecutionListener, org.springframework.test.context.web.ServletTestExecutionListener, org.springframework.test.context.support.DirtiesContextBeforeModesTestExecutionListener, org.springframework.test.context.support.DependencyInjectionTestExecutionListener, org.springframework.test.context.support.DirtiesContextTestExecutionListener, org.springframework.test.context.transaction.TransactionalTestExecutionListener, org.springframework.test.context.jdbc.SqlScriptsTestExecutionListener]
2024-04-14 15:16:59.072  INFO 73220 --- [    Test worker] .b.t.a.w.s.WebMvcTestContextBootstrapper : Using TestExecutionListeners: [org.springframework.test.context.web.ServletTestExecutionListener@48b696d5, org.springframework.test.context.support.DirtiesContextBeforeModesTestExecutionListener@7b312949, org.springframework.boot.test.mock.mockito.MockitoTestExecutionListener@6385e075, org.springframework.boot.test.autoconfigure.SpringBootDependencyInjectionTestExecutionListener@3e7b6ef9, org.springframework.test.context.support.DirtiesContextTestExecutionListener@420757dd, org.springframework.test.context.transaction.TransactionalTestExecutionListener@308e45b5, org.springframework.test.context.jdbc.SqlScriptsTestExecutionListener@7cc49d99, org.springframework.security.test.context.support.WithSecurityContextTestExecutionListener@192d385e, org.springframework.security.test.context.support.ReactorContextTestExecutionListener@61ec2d19, org.springframework.boot.test.autoconfigure.restdocs.RestDocsTestExecutionListener@238d7f7c, org.springframework.boot.test.autoconfigure.web.client.MockRestServiceServerResetTestExecutionListener@7bfd06c1, org.springframework.boot.test.autoconfigure.web.servlet.MockMvcPrintOnlyOnFailureTestExecutionListener@be22e28, org.springframework.boot.test.autoconfigure.web.servlet.WebDriverTestExecutionListener@be65ea8, org.springframework.boot.test.mock.mockito.ResetMocksTestExecutionListener@43d8b637]

  .   ____          _            __ _ _
 /\\ / ___'_ __ _ _(_)_ __  __ _ \ \ \ \
( ( )\___ | '_ | '_| | '_ \/ _` | \ \ \ \
 \\/  ___)| |_)| | | | | || (_| |  ) ) ) )
  '  |____| .__|_| |_|_| |_\__, | / / / /
 =========|_|==============|___/=/_/_/_/
 :: Spring Boot ::        (v2.1.7.RELEASE)

2024-04-14 15:16:59.099  INFO 73220 --- [    Test worker] com.hw.mixvoice.web.HelloControllerTest  : Starting HelloControllerTest on DESKTOP-5TJ7OBF with PID 73220 (started by HyeonWoo in D:\GitRepository_HW\web\springboot)
2024-04-14 15:16:59.117  INFO 73220 --- [    Test worker] com.hw.mixvoice.web.HelloControllerTest  : No active profile set, falling back to default profiles: default
2024-04-14 15:16:59.425  INFO 73220 --- [    Test worker] o.s.s.concurrent.ThreadPoolTaskExecutor  : Initializing ExecutorService 'applicationTaskExecutor'
2024-04-14 15:16:59.448  INFO 73220 --- [    Test worker] o.s.b.a.w.s.WelcomePageHandlerMapping    : Adding welcome page template: index
2024-04-14 15:16:59.615  INFO 73220 --- [    Test worker] .s.s.UserDetailsServiceAutoConfiguration : 

Using generated security password: 7220eb9f-95f4-4588-a792-ae9c7d693b4b

2024-04-14 15:16:59.727  INFO 73220 --- [    Test worker] o.s.s.web.DefaultSecurityFilterChain     : Creating filter chain: any request, [org.springframework.security.web.context.request.async.WebAsyncManagerIntegrationFilter@5193c0b8, org.springframework.security.web.context.SecurityContextPersistenceFilter@4467a628, org.springframework.security.web.header.HeaderWriterFilter@18c9f5c7, org.springframework.security.web.csrf.CsrfFilter@49f658e5, org.springframework.security.web.authentication.logout.LogoutFilter@38e2af74, org.springframework.security.web.authentication.UsernamePasswordAuthenticationFilter@2a544829, org.springframework.security.web.authentication.ui.DefaultLoginPageGeneratingFilter@13451fe9, org.springframework.security.web.authentication.ui.DefaultLogoutPageGeneratingFilter@51fe950, org.springframework.security.web.authentication.www.BasicAuthenticationFilter@77587970, org.springframework.security.web.savedrequest.RequestCacheAwareFilter@3ab269a1, org.springframework.security.web.servletapi.SecurityContextHolderAwareRequestFilter@6d02d4fd, org.springframework.security.web.authentication.AnonymousAuthenticationFilter@3138937a, org.springframework.security.web.session.SessionManagementFilter@6303a74b, org.springframework.security.web.access.ExceptionTranslationFilter@3b08b479, org.springframework.security.web.access.intercept.FilterSecurityInterceptor@3300767a]
2024-04-14 15:16:59.852  INFO 73220 --- [    Test worker] o.s.b.t.m.w.SpringBootMockServletContext : Initializing Spring TestDispatcherServlet ''
2024-04-14 15:16:59.853  INFO 73220 --- [    Test worker] o.s.t.web.servlet.TestDispatcherServlet  : Initializing Servlet ''
2024-04-14 15:16:59.870  INFO 73220 --- [    Test worker] o.s.t.web.servlet.TestDispatcherServlet  : Completed initialization in 17 ms
2024-04-14 15:16:59.900  INFO 73220 --- [    Test worker] com.hw.mixvoice.web.HelloControllerTest  : Started HelloControllerTest in 0.827 seconds (JVM running for 10.692)
]]></system-out>
  <system-err><![CDATA[]]></system-err>
</testsuite>
