<?xml version="1.0" encoding="UTF-8"?>
<testsuite name="com.hw.mixvoice.domain.posts.PostsRepositoryTest" tests="2" skipped="0" failures="0" errors="0" timestamp="2024-04-14T06:16:58" hostname="DESKTOP-5TJ7OBF" time="0.269">
  <properties/>
  <testcase name="read_load" classname="com.hw.mixvoice.domain.posts.PostsRepositoryTest" time="0.259"/>
  <testcase name="BaseTimeEntity_Register" classname="com.hw.mixvoice.domain.posts.PostsRepositoryTest" time="0.01"/>
  <system-out><![CDATA[15:16:50.602 [Test worker] DEBUG org.springframework.test.context.junit4.SpringJUnit4ClassRunner - SpringJUnit4ClassRunner constructor called with [class com.hw.mixvoice.domain.posts.PostsRepositoryTest]
15:16:50.612 [Test worker] DEBUG org.springframework.test.context.BootstrapUtils - Instantiating CacheAwareContextLoaderDelegate from class [org.springframework.test.context.cache.DefaultCacheAwareContextLoaderDelegate]
15:16:50.620 [Test worker] DEBUG org.springframework.test.context.BootstrapUtils - Instantiating BootstrapContext using constructor [public org.springframework.test.context.support.DefaultBootstrapContext(java.lang.Class,org.springframework.test.context.CacheAwareContextLoaderDelegate)]
15:16:50.640 [Test worker] DEBUG org.springframework.test.context.BootstrapUtils - Instantiating TestContextBootstrapper for test class [com.hw.mixvoice.domain.posts.PostsRepositoryTest] from class [org.springframework.boot.test.context.SpringBootTestContextBootstrapper]
15:16:50.655 [Test worker] INFO org.springframework.boot.test.context.SpringBootTestContextBootstrapper - Neither @ContextConfiguration nor @ContextHierarchy found for test class [com.hw.mixvoice.domain.posts.PostsRepositoryTest], using SpringBootContextLoader
15:16:50.659 [Test worker] DEBUG org.springframework.test.context.support.AbstractContextLoader - Did not detect default resource location for test class [com.hw.mixvoice.domain.posts.PostsRepositoryTest]: class path resource [com/hw/mixvoice/domain/posts/PostsRepositoryTest-context.xml] does not exist
15:16:50.659 [Test worker] DEBUG org.springframework.test.context.support.AbstractContextLoader - Did not detect default resource location for test class [com.hw.mixvoice.domain.posts.PostsRepositoryTest]: class path resource [com/hw/mixvoice/domain/posts/PostsRepositoryTestContext.groovy] does not exist
15:16:50.659 [Test worker] INFO org.springframework.test.context.support.AbstractContextLoader - Could not detect default resource locations for test class [com.hw.mixvoice.domain.posts.PostsRepositoryTest]: no resource found for suffixes {-context.xml, Context.groovy}.
15:16:50.660 [Test worker] INFO org.springframework.test.context.support.AnnotationConfigContextLoaderUtils - Could not detect default configuration classes for test class [com.hw.mixvoice.domain.posts.PostsRepositoryTest]: PostsRepositoryTest does not declare any static, non-private, non-final, nested classes annotated with @Configuration.
15:16:50.710 [Test worker] DEBUG org.springframework.test.context.support.ActiveProfilesUtils - Could not find an 'annotation declaring class' for annotation type [org.springframework.test.context.ActiveProfiles] and class [com.hw.mixvoice.domain.posts.PostsRepositoryTest]
15:16:50.875 [Test worker] DEBUG org.springframework.context.annotation.ClassPathScanningCandidateComponentProvider - Identified candidate component class: file [D:\GitRepository_HW\web\springboot\build\classes\java\main\com\hw\mixvoice\Application.class]
15:16:50.876 [Test worker] INFO org.springframework.boot.test.context.SpringBootTestContextBootstrapper - Found @SpringBootConfiguration com.hw.mixvoice.Application for test class com.hw.mixvoice.domain.posts.PostsRepositoryTest
15:16:50.998 [Test worker] DEBUG org.springframework.boot.test.context.SpringBootTestContextBootstrapper - @TestExecutionListeners is not present for class [com.hw.mixvoice.domain.posts.PostsRepositoryTest]: using defaults.
15:16:50.999 [Test worker] INFO org.springframework.boot.test.context.SpringBootTestContextBootstrapper - Loaded default TestExecutionListener class names from location [META-INF/spring.factories]: [org.springframework.security.test.context.support.WithSecurityContextTestExecutionListener, org.springframework.security.test.context.support.ReactorContextTestExecutionListener, org.springframework.boot.test.autoconfigure.restdocs.RestDocsTestExecutionListener, org.springframework.boot.test.autoconfigure.web.client.MockRestServiceServerResetTestExecutionListener, org.springframework.boot.test.autoconfigure.web.servlet.MockMvcPrintOnlyOnFailureTestExecutionListener, org.springframework.boot.test.autoconfigure.web.servlet.WebDriverTestExecutionListener, org.springframework.boot.test.mock.mockito.MockitoTestExecutionListener, org.springframework.boot.test.mock.mockito.ResetMocksTestExecutionListener, org.springframework.test.context.web.ServletTestExecutionListener, org.springframework.test.context.support.DirtiesContextBeforeModesTestExecutionListener, org.springframework.test.context.support.DependencyInjectionTestExecutionListener, org.springframework.test.context.support.DirtiesContextTestExecutionListener, org.springframework.test.context.transaction.TransactionalTestExecutionListener, org.springframework.test.context.jdbc.SqlScriptsTestExecutionListener]
15:16:51.029 [Test worker] INFO org.springframework.boot.test.context.SpringBootTestContextBootstrapper - Using TestExecutionListeners: [org.springframework.test.context.web.ServletTestExecutionListener@53b88f08, org.springframework.test.context.support.DirtiesContextBeforeModesTestExecutionListener@2e1a464b, org.springframework.boot.test.mock.mockito.MockitoTestExecutionListener@4f3e61ad, org.springframework.boot.test.autoconfigure.SpringBootDependencyInjectionTestExecutionListener@49533623, org.springframework.test.context.support.DirtiesContextTestExecutionListener@5e0420ce, org.springframework.test.context.transaction.TransactionalTestExecutionListener@22d01d5b, org.springframework.test.context.jdbc.SqlScriptsTestExecutionListener@1edf33a5, org.springframework.security.test.context.support.WithSecurityContextTestExecutionListener@4e6dec73, org.springframework.security.test.context.support.ReactorContextTestExecutionListener@3110a720, org.springframework.boot.test.autoconfigure.restdocs.RestDocsTestExecutionListener@13084e9c, org.springframework.boot.test.autoconfigure.web.client.MockRestServiceServerResetTestExecutionListener@742d0543, org.springframework.boot.test.autoconfigure.web.servlet.MockMvcPrintOnlyOnFailureTestExecutionListener@558261c1, org.springframework.boot.test.autoconfigure.web.servlet.WebDriverTestExecutionListener@619fe5f6, org.springframework.boot.test.mock.mockito.ResetMocksTestExecutionListener@30323bf7]
15:16:51.032 [Test worker] DEBUG org.springframework.test.annotation.ProfileValueUtils - Retrieved @ProfileValueSourceConfiguration [null] for test class [com.hw.mixvoice.domain.posts.PostsRepositoryTest]
15:16:51.033 [Test worker] DEBUG org.springframework.test.annotation.ProfileValueUtils - Retrieved ProfileValueSource type [class org.springframework.test.annotation.SystemProfileValueSource] for class [com.hw.mixvoice.domain.posts.PostsRepositoryTest]
15:16:51.034 [Test worker] DEBUG org.springframework.test.annotation.ProfileValueUtils - Retrieved @ProfileValueSourceConfiguration [null] for test class [com.hw.mixvoice.domain.posts.PostsRepositoryTest]
15:16:51.034 [Test worker] DEBUG org.springframework.test.annotation.ProfileValueUtils - Retrieved ProfileValueSource type [class org.springframework.test.annotation.SystemProfileValueSource] for class [com.hw.mixvoice.domain.posts.PostsRepositoryTest]
15:16:51.039 [Test worker] DEBUG org.springframework.test.context.support.AbstractDirtiesContextTestExecutionListener - Before test class: context [DefaultTestContext@5c604fad testClass = PostsRepositoryTest, testInstance = [null], testMethod = [null], testException = [null], mergedContextConfiguration = [WebMergedContextConfiguration@d1d60ec testClass = PostsRepositoryTest, locations = '{}', classes = '{class com.hw.mixvoice.Application}', contextInitializerClasses = '[]', activeProfiles = '{}', propertySourceLocations = '{}', propertySourceProperties = '{org.springframework.boot.test.context.SpringBootTestContextBootstrapper=true}', contextCustomizers = set[org.springframework.boot.test.autoconfigure.properties.PropertyMappingContextCustomizer@0, org.springframework.boot.test.autoconfigure.web.servlet.WebDriverContextCustomizerFactory$Customizer@2e68486, org.springframework.boot.test.context.filter.ExcludeFilterContextCustomizer@27382c05, org.springframework.boot.test.json.DuplicateJsonObjectContextCustomizerFactory$DuplicateJsonObjectContextCustomizer@4de95a6f, org.springframework.boot.test.mock.mockito.MockitoContextCustomizer@0, org.springframework.boot.test.web.client.TestRestTemplateContextCustomizer@36ca9243], resourceBasePath = 'src/main/webapp', contextLoader = 'org.springframework.boot.test.context.SpringBootContextLoader', parent = [null]], attributes = map['org.springframework.test.context.web.ServletTestExecutionListener.activateListener' -> true]], class annotated with @DirtiesContext [false] with mode [null].
15:16:51.040 [Test worker] DEBUG org.springframework.test.annotation.ProfileValueUtils - Retrieved @ProfileValueSourceConfiguration [null] for test class [com.hw.mixvoice.domain.posts.PostsRepositoryTest]
15:16:51.040 [Test worker] DEBUG org.springframework.test.annotation.ProfileValueUtils - Retrieved ProfileValueSource type [class org.springframework.test.annotation.SystemProfileValueSource] for class [com.hw.mixvoice.domain.posts.PostsRepositoryTest]
15:16:51.059 [Test worker] DEBUG org.springframework.test.context.support.TestPropertySourceUtils - Adding inlined properties to environment: {spring.jmx.enabled=false, org.springframework.boot.test.context.SpringBootTestContextBootstrapper=true, server.port=-1}

  .   ____          _            __ _ _
 /\\ / ___'_ __ _ _(_)_ __  __ _ \ \ \ \
( ( )\___ | '_ | '_| | '_ \/ _` | \ \ \ \
 \\/  ___)| |_)| | | | | || (_| |  ) ) ) )
  '  |____| .__|_| |_|_| |_\__, | / / / /
 =========|_|==============|___/=/_/_/_/
 :: Spring Boot ::        (v2.1.7.RELEASE)

2024-04-14 15:16:51.315  INFO 73220 --- [    Test worker] c.h.m.domain.posts.PostsRepositoryTest   : Starting PostsRepositoryTest on DESKTOP-5TJ7OBF with PID 73220 (started by HyeonWoo in D:\GitRepository_HW\web\springboot)
2024-04-14 15:16:51.317  INFO 73220 --- [    Test worker] c.h.m.domain.posts.PostsRepositoryTest   : No active profile set, falling back to default profiles: default
2024-04-14 15:16:52.103  INFO 73220 --- [    Test worker] .s.d.r.c.RepositoryConfigurationDelegate : Bootstrapping Spring Data repositories in DEFAULT mode.
2024-04-14 15:16:52.180  INFO 73220 --- [    Test worker] .s.d.r.c.RepositoryConfigurationDelegate : Finished Spring Data repository scanning in 65ms. Found 2 repository interfaces.
2024-04-14 15:16:53.605  INFO 73220 --- [    Test worker] trationDelegate$BeanPostProcessorChecker : Bean 'org.springframework.transaction.annotation.ProxyTransactionManagementConfiguration' of type [org.springframework.transaction.annotation.ProxyTransactionManagementConfiguration$$EnhancerBySpringCGLIB$$8cf40588] is not eligible for getting processed by all BeanPostProcessors (for example: not eligible for auto-proxying)
2024-04-14 15:16:54.197  INFO 73220 --- [    Test worker] com.zaxxer.hikari.HikariDataSource       : HikariPool-1 - Starting...
2024-04-14 15:16:54.500  INFO 73220 --- [    Test worker] com.zaxxer.hikari.HikariDataSource       : HikariPool-1 - Start completed.
2024-04-14 15:16:54.607  INFO 73220 --- [    Test worker] o.hibernate.jpa.internal.util.LogHelper  : HHH000204: Processing PersistenceUnitInfo [
	name: default
	...]
2024-04-14 15:16:54.752  INFO 73220 --- [    Test worker] org.hibernate.Version                    : HHH000412: Hibernate Core {5.3.10.Final}
2024-04-14 15:16:54.753  INFO 73220 --- [    Test worker] org.hibernate.cfg.Environment            : HHH000206: hibernate.properties not found
2024-04-14 15:16:54.981  INFO 73220 --- [    Test worker] o.hibernate.annotations.common.Version   : HCANN000001: Hibernate Commons Annotations {5.0.4.Final}
2024-04-14 15:16:55.222  INFO 73220 --- [    Test worker] org.hibernate.dialect.Dialect            : HHH000400: Using dialect: org.hibernate.dialect.H2Dialect
Hibernate: drop table posts if exists
Hibernate: drop table user if exists
Hibernate: create table posts (id bigint generated by default as identity, created_time timestamp, modified_time timestamp, author varchar(255), category varchar(255), content TEXT not null, title varchar(500) not null, primary key (id))
Hibernate: create table user (id bigint generated by default as identity, created_time timestamp, modified_time timestamp, email varchar(255) not null, name varchar(255) not null, picture varchar(255), role varchar(255) not null, primary key (id))
2024-04-14 15:16:56.176  INFO 73220 --- [    Test worker] o.h.t.schema.internal.SchemaCreatorImpl  : HHH000476: Executing import script 'org.hibernate.tool.schema.internal.exec.ScriptSourceInputNonExistentImpl@1c76a23b'
2024-04-14 15:16:56.180  INFO 73220 --- [    Test worker] j.LocalContainerEntityManagerFactoryBean : Initialized JPA EntityManagerFactory for persistence unit 'default'
2024-04-14 15:16:56.800  INFO 73220 --- [    Test worker] o.h.h.i.QueryTranslatorFactoryInitiator  : HHH000397: Using ASTQueryTranslatorFactory
2024-04-14 15:16:57.555  INFO 73220 --- [    Test worker] o.s.s.web.DefaultSecurityFilterChain     : Creating filter chain: any request, [org.springframework.security.web.context.request.async.WebAsyncManagerIntegrationFilter@4fef7b79, org.springframework.security.web.context.SecurityContextPersistenceFilter@6c8461c6, org.springframework.security.web.header.HeaderWriterFilter@38e8c14, org.springframework.security.web.authentication.logout.LogoutFilter@76cf4ad2, org.springframework.security.oauth2.client.web.OAuth2AuthorizationRequestRedirectFilter@2065287e, org.springframework.security.oauth2.client.web.OAuth2LoginAuthenticationFilter@110e55e8, org.springframework.security.web.authentication.ui.DefaultLoginPageGeneratingFilter@1b44081a, org.springframework.security.web.authentication.ui.DefaultLogoutPageGeneratingFilter@1f8bddb4, org.springframework.security.web.savedrequest.RequestCacheAwareFilter@5add73c9, org.springframework.security.web.servletapi.SecurityContextHolderAwareRequestFilter@42e64714, org.springframework.security.web.authentication.AnonymousAuthenticationFilter@679f201e, org.springframework.security.web.session.SessionManagementFilter@13eb70a1, org.springframework.security.web.access.ExceptionTranslationFilter@3479e7e, org.springframework.security.web.access.intercept.FilterSecurityInterceptor@59b8dfaf]
2024-04-14 15:16:58.133  INFO 73220 --- [    Test worker] o.s.s.concurrent.ThreadPoolTaskExecutor  : Initializing ExecutorService 'applicationTaskExecutor'
2024-04-14 15:16:58.193  WARN 73220 --- [    Test worker] aWebConfiguration$JpaWebMvcConfiguration : spring.jpa.open-in-view is enabled by default. Therefore, database queries may be performed during view rendering. Explicitly configure spring.jpa.open-in-view to disable this warning
2024-04-14 15:16:58.237  INFO 73220 --- [    Test worker] o.s.b.a.w.s.WelcomePageHandlerMapping    : Adding welcome page template: index
2024-04-14 15:16:58.738  INFO 73220 --- [    Test worker] s.a.ScheduledAnnotationBeanPostProcessor : No TaskScheduler/ScheduledExecutorService bean found for scheduled processing
2024-04-14 15:16:58.748  INFO 73220 --- [    Test worker] c.h.m.domain.posts.PostsRepositoryTest   : Started PostsRepositoryTest in 7.681 seconds (JVM running for 9.541)
Hibernate: insert into posts (id, created_time, modified_time, author, category, content, title) values (null, ?, ?, ?, ?, ?, ?)
Hibernate: select posts0_.id as id1_0_, posts0_.created_time as created_2_0_, posts0_.modified_time as modified3_0_, posts0_.author as author4_0_, posts0_.category as category5_0_, posts0_.content as content6_0_, posts0_.title as title7_0_ from posts posts0_
Hibernate: select posts0_.id as id1_0_, posts0_.created_time as created_2_0_, posts0_.modified_time as modified3_0_, posts0_.author as author4_0_, posts0_.category as category5_0_, posts0_.content as content6_0_, posts0_.title as title7_0_ from posts posts0_
Hibernate: delete from posts where id=?
Hibernate: insert into posts (id, created_time, modified_time, author, category, content, title) values (null, ?, ?, ?, ?, ?, ?)
Hibernate: select posts0_.id as id1_0_, posts0_.created_time as created_2_0_, posts0_.modified_time as modified3_0_, posts0_.author as author4_0_, posts0_.category as category5_0_, posts0_.content as content6_0_, posts0_.title as title7_0_ from posts posts0_
CreateDate = 2024-04-14T15:16:59.030 modifiedDate = 2024-04-14T15:16:59.030
Hibernate: select posts0_.id as id1_0_, posts0_.created_time as created_2_0_, posts0_.modified_time as modified3_0_, posts0_.author as author4_0_, posts0_.category as category5_0_, posts0_.content as content6_0_, posts0_.title as title7_0_ from posts posts0_
Hibernate: delete from posts where id=?
]]></system-out>
  <system-err><![CDATA[]]></system-err>
</testsuite>
