<?xml version="1.0" encoding="UTF-8"?>
<testsuite name="com.littlesight.springboot.web.HelloControllerTest" tests="2" skipped="0" failures="0" errors="0" timestamp="2020-09-15T09:08:28" hostname="DESKTOP-Q41C016" time="0.353">
  <properties/>
  <testcase name="helloDto_return" classname="com.littlesight.springboot.web.HelloControllerTest" time="0.323"/>
  <testcase name="hello_return" classname="com.littlesight.springboot.web.HelloControllerTest" time="0.029"/>
  <system-out><![CDATA[2020-09-15 18:08:26.644  INFO 29912 --- [    Test worker] .b.t.a.w.s.WebMvcTestContextBootstrapper : Neither @ContextConfiguration nor @ContextHierarchy found for test class [com.littlesight.springboot.web.HelloControllerTest], using SpringBootContextLoader
2020-09-15 18:08:26.645  INFO 29912 --- [    Test worker] o.s.t.c.support.AbstractContextLoader    : Could not detect default resource locations for test class [com.littlesight.springboot.web.HelloControllerTest]: no resource found for suffixes {-context.xml, Context.groovy}.
2020-09-15 18:08:26.645  INFO 29912 --- [    Test worker] t.c.s.AnnotationConfigContextLoaderUtils : Could not detect default configuration classes for test class [com.littlesight.springboot.web.HelloControllerTest]: HelloControllerTest does not declare any static, non-private, non-final, nested classes annotated with @Configuration.
2020-09-15 18:08:26.717  INFO 29912 --- [    Test worker] .b.t.c.SpringBootTestContextBootstrapper : Found @SpringBootConfiguration com.littlesight.springboot.Application for test class com.littlesight.springboot.web.HelloControllerTest
2020-09-15 18:08:26.721  INFO 29912 --- [    Test worker] .b.t.a.w.s.WebMvcTestContextBootstrapper : Loaded default TestExecutionListener class names from location [META-INF/spring.factories]: [org.springframework.security.test.context.support.WithSecurityContextTestExecutionListener, org.springframework.security.test.context.support.ReactorContextTestExecutionListener, org.springframework.boot.test.autoconfigure.restdocs.RestDocsTestExecutionListener, org.springframework.boot.test.autoconfigure.web.client.MockRestServiceServerResetTestExecutionListener, org.springframework.boot.test.autoconfigure.web.servlet.MockMvcPrintOnlyOnFailureTestExecutionListener, org.springframework.boot.test.autoconfigure.web.servlet.WebDriverTestExecutionListener, org.springframework.boot.test.mock.mockito.MockitoTestExecutionListener, org.springframework.boot.test.mock.mockito.ResetMocksTestExecutionListener, org.springframework.test.context.web.ServletTestExecutionListener, org.springframework.test.context.support.DirtiesContextBeforeModesTestExecutionListener, org.springframework.test.context.support.DependencyInjectionTestExecutionListener, org.springframework.test.context.support.DirtiesContextTestExecutionListener, org.springframework.test.context.transaction.TransactionalTestExecutionListener, org.springframework.test.context.jdbc.SqlScriptsTestExecutionListener]
2020-09-15 18:08:26.732  INFO 29912 --- [    Test worker] .b.t.a.w.s.WebMvcTestContextBootstrapper : Using TestExecutionListeners: [org.springframework.test.context.web.ServletTestExecutionListener@2c0c9e5b, org.springframework.test.context.support.DirtiesContextBeforeModesTestExecutionListener@767ac083, org.springframework.boot.test.mock.mockito.MockitoTestExecutionListener@768c0069, org.springframework.boot.test.autoconfigure.SpringBootDependencyInjectionTestExecutionListener@4fc698f4, org.springframework.test.context.support.DirtiesContextTestExecutionListener@7f02911, org.springframework.test.context.transaction.TransactionalTestExecutionListener@27ae9fb4, org.springframework.test.context.jdbc.SqlScriptsTestExecutionListener@31374c60, org.springframework.security.test.context.support.WithSecurityContextTestExecutionListener@4a4d638a, org.springframework.security.test.context.support.ReactorContextTestExecutionListener@4cf36373, org.springframework.boot.test.autoconfigure.restdocs.RestDocsTestExecutionListener@1f731666, org.springframework.boot.test.autoconfigure.web.client.MockRestServiceServerResetTestExecutionListener@142c0da4, org.springframework.boot.test.autoconfigure.web.servlet.MockMvcPrintOnlyOnFailureTestExecutionListener@35dc6d98, org.springframework.boot.test.autoconfigure.web.servlet.WebDriverTestExecutionListener@626368ab, org.springframework.boot.test.mock.mockito.ResetMocksTestExecutionListener@652492a7]

  .   ____          _            __ _ _
 /\\ / ___'_ __ _ _(_)_ __  __ _ \ \ \ \
( ( )\___ | '_ | '_| | '_ \/ _` | \ \ \ \
 \\/  ___)| |_)| | | | | || (_| |  ) ) ) )
  '  |____| .__|_| |_|_| |_\__, | / / / /
 =========|_|==============|___/=/_/_/_/
 :: Spring Boot ::        (v2.1.7.RELEASE)

2020-09-15 18:08:26.833  INFO 29912 --- [    Test worker] c.l.springboot.web.HelloControllerTest   : Starting HelloControllerTest on DESKTOP-Q41C016 with PID 29912 (started by SysLab in D:\MyCode\springboot)
2020-09-15 18:08:26.846  INFO 29912 --- [    Test worker] c.l.springboot.web.HelloControllerTest   : No active profile set, falling back to default profiles: default
2020-09-15 18:08:27.824  INFO 29912 --- [    Test worker] o.s.s.concurrent.ThreadPoolTaskExecutor  : Initializing ExecutorService 'applicationTaskExecutor'
2020-09-15 18:08:27.881  INFO 29912 --- [    Test worker] o.s.b.a.w.s.WelcomePageHandlerMapping    : Adding welcome page template: index
2020-09-15 18:08:28.160  INFO 29912 --- [    Test worker] .s.s.UserDetailsServiceAutoConfiguration : 

Using generated security password: 0bbc8640-070e-44a7-baf5-4d6ed7a22d1d

2020-09-15 18:08:28.467  INFO 29912 --- [    Test worker] o.s.s.web.DefaultSecurityFilterChain     : Creating filter chain: any request, [org.springframework.security.web.context.request.async.WebAsyncManagerIntegrationFilter@43bcf422, org.springframework.security.web.context.SecurityContextPersistenceFilter@16f1ed76, org.springframework.security.web.header.HeaderWriterFilter@3473ace7, org.springframework.security.web.csrf.CsrfFilter@7888a733, org.springframework.security.web.authentication.logout.LogoutFilter@1e7ea20d, org.springframework.security.web.authentication.UsernamePasswordAuthenticationFilter@39666799, org.springframework.security.web.authentication.ui.DefaultLoginPageGeneratingFilter@421dd49b, org.springframework.security.web.authentication.ui.DefaultLogoutPageGeneratingFilter@7a003465, org.springframework.security.web.authentication.www.BasicAuthenticationFilter@667a5d4e, org.springframework.security.web.savedrequest.RequestCacheAwareFilter@1b0c91b6, org.springframework.security.web.servletapi.SecurityContextHolderAwareRequestFilter@323102a4, org.springframework.security.web.authentication.AnonymousAuthenticationFilter@4e248646, org.springframework.security.web.session.SessionManagementFilter@97f3465, org.springframework.security.web.access.ExceptionTranslationFilter@9008e10, org.springframework.security.web.access.intercept.FilterSecurityInterceptor@53451818]
2020-09-15 18:08:28.527  INFO 29912 --- [    Test worker] o.s.b.t.m.w.SpringBootMockServletContext : Initializing Spring TestDispatcherServlet ''
2020-09-15 18:08:28.527  INFO 29912 --- [    Test worker] o.s.t.web.servlet.TestDispatcherServlet  : Initializing Servlet ''
2020-09-15 18:08:28.567  INFO 29912 --- [    Test worker] o.s.t.web.servlet.TestDispatcherServlet  : Completed initialization in 40 ms
2020-09-15 18:08:28.659  INFO 29912 --- [    Test worker] c.l.springboot.web.HelloControllerTest   : Started HelloControllerTest in 1.914 seconds (JVM running for 18.535)
]]></system-out>
  <system-err><![CDATA[]]></system-err>
</testsuite>
