<?xml version="1.0" encoding="UTF-8"?>
<testsuite name="com.littlesight.springboot.web.HelloControllerTest" tests="2" skipped="0" failures="0" errors="0" timestamp="2020-08-18T15:33:33" hostname="DESKTOP-Q41C016" time="0.183">
  <properties/>
  <testcase name="helloDto_return" classname="com.littlesight.springboot.web.HelloControllerTest" time="0.172"/>
  <testcase name="hello_return" classname="com.littlesight.springboot.web.HelloControllerTest" time="0.01"/>
  <system-out><![CDATA[2020-08-19 00:33:32.218  INFO 34528 --- [    Test worker] .b.t.a.w.s.WebMvcTestContextBootstrapper : Neither @ContextConfiguration nor @ContextHierarchy found for test class [com.littlesight.springboot.web.HelloControllerTest], using SpringBootContextLoader
2020-08-19 00:33:32.219  INFO 34528 --- [    Test worker] o.s.t.c.support.AbstractContextLoader    : Could not detect default resource locations for test class [com.littlesight.springboot.web.HelloControllerTest]: no resource found for suffixes {-context.xml, Context.groovy}.
2020-08-19 00:33:32.219  INFO 34528 --- [    Test worker] t.c.s.AnnotationConfigContextLoaderUtils : Could not detect default configuration classes for test class [com.littlesight.springboot.web.HelloControllerTest]: HelloControllerTest does not declare any static, non-private, non-final, nested classes annotated with @Configuration.
2020-08-19 00:33:32.256  INFO 34528 --- [    Test worker] .b.t.c.SpringBootTestContextBootstrapper : Found @SpringBootConfiguration com.littlesight.springboot.Application for test class com.littlesight.springboot.web.HelloControllerTest
2020-08-19 00:33:32.260  INFO 34528 --- [    Test worker] .b.t.a.w.s.WebMvcTestContextBootstrapper : Loaded default TestExecutionListener class names from location [META-INF/spring.factories]: [org.springframework.security.test.context.support.WithSecurityContextTestExecutionListener, org.springframework.security.test.context.support.ReactorContextTestExecutionListener, org.springframework.boot.test.autoconfigure.restdocs.RestDocsTestExecutionListener, org.springframework.boot.test.autoconfigure.web.client.MockRestServiceServerResetTestExecutionListener, org.springframework.boot.test.autoconfigure.web.servlet.MockMvcPrintOnlyOnFailureTestExecutionListener, org.springframework.boot.test.autoconfigure.web.servlet.WebDriverTestExecutionListener, org.springframework.boot.test.mock.mockito.MockitoTestExecutionListener, org.springframework.boot.test.mock.mockito.ResetMocksTestExecutionListener, org.springframework.test.context.web.ServletTestExecutionListener, org.springframework.test.context.support.DirtiesContextBeforeModesTestExecutionListener, org.springframework.test.context.support.DependencyInjectionTestExecutionListener, org.springframework.test.context.support.DirtiesContextTestExecutionListener, org.springframework.test.context.transaction.TransactionalTestExecutionListener, org.springframework.test.context.jdbc.SqlScriptsTestExecutionListener]
2020-08-19 00:33:32.261  INFO 34528 --- [    Test worker] .b.t.a.w.s.WebMvcTestContextBootstrapper : Using TestExecutionListeners: [org.springframework.test.context.web.ServletTestExecutionListener@16e8caf1, org.springframework.test.context.support.DirtiesContextBeforeModesTestExecutionListener@500947e4, org.springframework.boot.test.mock.mockito.MockitoTestExecutionListener@76c7e8d5, org.springframework.boot.test.autoconfigure.SpringBootDependencyInjectionTestExecutionListener@65e5f860, org.springframework.test.context.support.DirtiesContextTestExecutionListener@350a196f, org.springframework.test.context.transaction.TransactionalTestExecutionListener@2f265e4d, org.springframework.test.context.jdbc.SqlScriptsTestExecutionListener@666e8a3c, org.springframework.security.test.context.support.WithSecurityContextTestExecutionListener@2c825869, org.springframework.security.test.context.support.ReactorContextTestExecutionListener@49a6edf7, org.springframework.boot.test.autoconfigure.restdocs.RestDocsTestExecutionListener@54ef06b8, org.springframework.boot.test.autoconfigure.web.client.MockRestServiceServerResetTestExecutionListener@46c24973, org.springframework.boot.test.autoconfigure.web.servlet.MockMvcPrintOnlyOnFailureTestExecutionListener@783d00d2, org.springframework.boot.test.autoconfigure.web.servlet.WebDriverTestExecutionListener@68a9377, org.springframework.boot.test.mock.mockito.ResetMocksTestExecutionListener@2afc8fd8]

  .   ____          _            __ _ _
 /\\ / ___'_ __ _ _(_)_ __  __ _ \ \ \ \
( ( )\___ | '_ | '_| | '_ \/ _` | \ \ \ \
 \\/  ___)| |_)| | | | | || (_| |  ) ) ) )
  '  |____| .__|_| |_|_| |_\__, | / / / /
 =========|_|==============|___/=/_/_/_/
 :: Spring Boot ::        (v2.1.7.RELEASE)

2020-08-19 00:33:32.322  INFO 34528 --- [    Test worker] c.l.springboot.web.HelloControllerTest   : Starting HelloControllerTest on DESKTOP-Q41C016 with PID 34528 (started by SysLab in D:\MyCode\springboot)
2020-08-19 00:33:32.323  INFO 34528 --- [    Test worker] c.l.springboot.web.HelloControllerTest   : No active profile set, falling back to default profiles: default
2020-08-19 00:33:33.030  INFO 34528 --- [    Test worker] o.s.s.concurrent.ThreadPoolTaskExecutor  : Initializing ExecutorService 'applicationTaskExecutor'
2020-08-19 00:33:33.142  INFO 34528 --- [    Test worker] o.s.b.a.w.s.WelcomePageHandlerMapping    : Adding welcome page template: index
2020-08-19 00:33:33.513  INFO 34528 --- [    Test worker] .s.s.UserDetailsServiceAutoConfiguration : 

Using generated security password: b33f5104-3abe-4606-a5d1-048137b13b60

2020-08-19 00:33:33.767  INFO 34528 --- [    Test worker] o.s.s.web.DefaultSecurityFilterChain     : Creating filter chain: any request, [org.springframework.security.web.context.request.async.WebAsyncManagerIntegrationFilter@2d6a0f79, org.springframework.security.web.context.SecurityContextPersistenceFilter@70e50177, org.springframework.security.web.header.HeaderWriterFilter@63fc56cd, org.springframework.security.web.csrf.CsrfFilter@2f263da8, org.springframework.security.web.authentication.logout.LogoutFilter@66bc6143, org.springframework.security.web.authentication.UsernamePasswordAuthenticationFilter@31687856, org.springframework.security.web.authentication.ui.DefaultLoginPageGeneratingFilter@64ebad98, org.springframework.security.web.authentication.ui.DefaultLogoutPageGeneratingFilter@167359c6, org.springframework.security.web.authentication.www.BasicAuthenticationFilter@2b105f0, org.springframework.security.web.savedrequest.RequestCacheAwareFilter@5758d7e1, org.springframework.security.web.servletapi.SecurityContextHolderAwareRequestFilter@5693a9f9, org.springframework.security.web.authentication.AnonymousAuthenticationFilter@1c67407d, org.springframework.security.web.session.SessionManagementFilter@7da9ec67, org.springframework.security.web.access.ExceptionTranslationFilter@478c02c8, org.springframework.security.web.access.intercept.FilterSecurityInterceptor@7a1a41eb]
2020-08-19 00:33:33.816  INFO 34528 --- [    Test worker] o.s.b.t.m.w.SpringBootMockServletContext : Initializing Spring TestDispatcherServlet ''
2020-08-19 00:33:33.817  INFO 34528 --- [    Test worker] o.s.t.web.servlet.TestDispatcherServlet  : Initializing Servlet ''
2020-08-19 00:33:33.834  INFO 34528 --- [    Test worker] o.s.t.web.servlet.TestDispatcherServlet  : Completed initialization in 17 ms
2020-08-19 00:33:33.872  INFO 34528 --- [    Test worker] c.l.springboot.web.HelloControllerTest   : Started HelloControllerTest in 1.604 seconds (JVM running for 12.493)
]]></system-out>
  <system-err><![CDATA[]]></system-err>
</testsuite>
