<?xml version="1.0" encoding="UTF-8"?>
<testsuite name="com.hw.mixvoice.web.dto.HelloResponseDtoTest" tests="1" skipped="0" failures="0" errors="0" timestamp="2024-04-14T06:16:59" hostname="DESKTOP-5TJ7OBF" time="0.002">
  <properties/>
  <testcase name="lombok_function_test" classname="com.hw.mixvoice.web.dto.HelloResponseDtoTest" time="0.002"/>
  <system-out><![CDATA[]]></system-out>
  <system-err><![CDATA[]]></system-err>
</testsuite>
