<?xml version="1.0" encoding="UTF-8"?>
<testsuite name="com.littlesight.springboot.web.HelloControllerTest" tests="2" skipped="0" failures="0" errors="0" timestamp="2020-09-08T07:04:55" hostname="DESKTOP-Q41C016" time="0.221">
  <properties/>
  <testcase name="helloDto_return" classname="com.littlesight.springboot.web.HelloControllerTest" time="0.205"/>
  <testcase name="hello_return" classname="com.littlesight.springboot.web.HelloControllerTest" time="0.016"/>
  <system-out><![CDATA[2020-09-08 16:04:53.142  INFO 19308 --- [    Test worker] .b.t.a.w.s.WebMvcTestContextBootstrapper : Neither @ContextConfiguration nor @ContextHierarchy found for test class [com.littlesight.springboot.web.HelloControllerTest], using SpringBootContextLoader
2020-09-08 16:04:53.146  INFO 19308 --- [    Test worker] o.s.t.c.support.AbstractContextLoader    : Could not detect default resource locations for test class [com.littlesight.springboot.web.HelloControllerTest]: no resource found for suffixes {-context.xml, Context.groovy}.
2020-09-08 16:04:53.148  INFO 19308 --- [    Test worker] t.c.s.AnnotationConfigContextLoaderUtils : Could not detect default configuration classes for test class [com.littlesight.springboot.web.HelloControllerTest]: HelloControllerTest does not declare any static, non-private, non-final, nested classes annotated with @Configuration.
2020-09-08 16:04:53.192  INFO 19308 --- [    Test worker] .b.t.c.SpringBootTestContextBootstrapper : Found @SpringBootConfiguration com.littlesight.springboot.Application for test class com.littlesight.springboot.web.HelloControllerTest
2020-09-08 16:04:53.194  INFO 19308 --- [    Test worker] .b.t.a.w.s.WebMvcTestContextBootstrapper : Loaded default TestExecutionListener class names from location [META-INF/spring.factories]: [org.springframework.security.test.context.support.WithSecurityContextTestExecutionListener, org.springframework.security.test.context.support.ReactorContextTestExecutionListener, org.springframework.boot.test.autoconfigure.restdocs.RestDocsTestExecutionListener, org.springframework.boot.test.autoconfigure.web.client.MockRestServiceServerResetTestExecutionListener, org.springframework.boot.test.autoconfigure.web.servlet.MockMvcPrintOnlyOnFailureTestExecutionListener, org.springframework.boot.test.autoconfigure.web.servlet.WebDriverTestExecutionListener, org.springframework.boot.test.mock.mockito.MockitoTestExecutionListener, org.springframework.boot.test.mock.mockito.ResetMocksTestExecutionListener, org.springframework.test.context.web.ServletTestExecutionListener, org.springframework.test.context.support.DirtiesContextBeforeModesTestExecutionListener, org.springframework.test.context.support.DependencyInjectionTestExecutionListener, org.springframework.test.context.support.DirtiesContextTestExecutionListener, org.springframework.test.context.transaction.TransactionalTestExecutionListener, org.springframework.test.context.jdbc.SqlScriptsTestExecutionListener]
2020-09-08 16:04:53.220  INFO 19308 --- [    Test worker] .b.t.a.w.s.WebMvcTestContextBootstrapper : Using TestExecutionListeners: [org.springframework.test.context.web.ServletTestExecutionListener@768c0069, org.springframework.test.context.support.DirtiesContextBeforeModesTestExecutionListener@4fc698f4, org.springframework.boot.test.mock.mockito.MockitoTestExecutionListener@7f02911, org.springframework.boot.test.autoconfigure.SpringBootDependencyInjectionTestExecutionListener@27ae9fb4, org.springframework.test.context.support.DirtiesContextTestExecutionListener@31374c60, org.springframework.test.context.transaction.TransactionalTestExecutionListener@4a4d638a, org.springframework.test.context.jdbc.SqlScriptsTestExecutionListener@4cf36373, org.springframework.security.test.context.support.WithSecurityContextTestExecutionListener@1f731666, org.springframework.security.test.context.support.ReactorContextTestExecutionListener@142c0da4, org.springframework.boot.test.autoconfigure.restdocs.RestDocsTestExecutionListener@35dc6d98, org.springframework.boot.test.autoconfigure.web.client.MockRestServiceServerResetTestExecutionListener@626368ab, org.springframework.boot.test.autoconfigure.web.servlet.MockMvcPrintOnlyOnFailureTestExecutionListener@652492a7, org.springframework.boot.test.autoconfigure.web.servlet.WebDriverTestExecutionListener@1111f28a, org.springframework.boot.test.mock.mockito.ResetMocksTestExecutionListener@47f7ed9d]

  .   ____          _            __ _ _
 /\\ / ___'_ __ _ _(_)_ __  __ _ \ \ \ \
( ( )\___ | '_ | '_| | '_ \/ _` | \ \ \ \
 \\/  ___)| |_)| | | | | || (_| |  ) ) ) )
  '  |____| .__|_| |_|_| |_\__, | / / / /
 =========|_|==============|___/=/_/_/_/
 :: Spring Boot ::        (v2.1.7.RELEASE)

2020-09-08 16:04:53.314  INFO 19308 --- [    Test worker] c.l.springboot.web.HelloControllerTest   : Starting HelloControllerTest on DESKTOP-Q41C016 with PID 19308 (started by SysLab in D:\MyCode\springboot)
2020-09-08 16:04:53.319  INFO 19308 --- [    Test worker] c.l.springboot.web.HelloControllerTest   : No active profile set, falling back to default profiles: default
2020-09-08 16:04:54.364  INFO 19308 --- [    Test worker] o.s.s.concurrent.ThreadPoolTaskExecutor  : Initializing ExecutorService 'applicationTaskExecutor'
2020-09-08 16:04:54.477  INFO 19308 --- [    Test worker] o.s.b.a.w.s.WelcomePageHandlerMapping    : Adding welcome page template: index
2020-09-08 16:04:54.814  INFO 19308 --- [    Test worker] .s.s.UserDetailsServiceAutoConfiguration : 

Using generated security password: d10e8f77-58ca-42a0-bedd-8804637083b4

2020-09-08 16:04:55.040  INFO 19308 --- [    Test worker] o.s.s.web.DefaultSecurityFilterChain     : Creating filter chain: any request, [org.springframework.security.web.context.request.async.WebAsyncManagerIntegrationFilter@4e248646, org.springframework.security.web.context.SecurityContextPersistenceFilter@323102a4, org.springframework.security.web.header.HeaderWriterFilter@16f1ed76, org.springframework.security.web.csrf.CsrfFilter@9008e10, org.springframework.security.web.authentication.logout.LogoutFilter@19814068, org.springframework.security.web.authentication.UsernamePasswordAuthenticationFilter@1754fac7, org.springframework.security.web.authentication.ui.DefaultLoginPageGeneratingFilter@2460a007, org.springframework.security.web.authentication.ui.DefaultLogoutPageGeneratingFilter@48fe595e, org.springframework.security.web.authentication.www.BasicAuthenticationFilter@43bcf422, org.springframework.security.web.savedrequest.RequestCacheAwareFilter@421dd49b, org.springframework.security.web.servletapi.SecurityContextHolderAwareRequestFilter@5b1e1bf3, org.springframework.security.web.authentication.AnonymousAuthenticationFilter@6cc7a987, org.springframework.security.web.session.SessionManagementFilter@1b0c91b6, org.springframework.security.web.access.ExceptionTranslationFilter@97f3465, org.springframework.security.web.access.intercept.FilterSecurityInterceptor@2a77f2dd]
2020-09-08 16:04:55.101  INFO 19308 --- [    Test worker] o.s.b.t.m.w.SpringBootMockServletContext : Initializing Spring TestDispatcherServlet ''
2020-09-08 16:04:55.101  INFO 19308 --- [    Test worker] o.s.t.web.servlet.TestDispatcherServlet  : Initializing Servlet ''
2020-09-08 16:04:55.123  INFO 19308 --- [    Test worker] o.s.t.web.servlet.TestDispatcherServlet  : Completed initialization in 21 ms
2020-09-08 16:04:55.174  INFO 19308 --- [    Test worker] c.l.springboot.web.HelloControllerTest   : Started HelloControllerTest in 1.946 seconds (JVM running for 16.04)
]]></system-out>
  <system-err><![CDATA[]]></system-err>
</testsuite>
