<?xml version="1.0" encoding="UTF-8"?>
<testsuite name="com.littlesight.springboot.web.IndexControllerTest" tests="1" skipped="0" failures="0" errors="0" timestamp="2020-09-05T14:26:56" hostname="springboot-webservice" time="0.369">
  <properties/>
  <testcase name="mainPage_Loading" classname="com.littlesight.springboot.web.IndexControllerTest" time="0.369"/>
  <system-out><![CDATA[2020-09-05 23:26:52.257  INFO 3527 --- [    Test worker] .b.t.c.SpringBootTestContextBootstrapper : Neither @ContextConfiguration nor @ContextHierarchy found for test class [com.littlesight.springboot.web.IndexControllerTest], using SpringBootContextLoader
2020-09-05 23:26:52.257  INFO 3527 --- [    Test worker] o.s.t.c.support.AbstractContextLoader    : Could not detect default resource locations for test class [com.littlesight.springboot.web.IndexControllerTest]: no resource found for suffixes {-context.xml, Context.groovy}.
2020-09-05 23:26:52.258  INFO 3527 --- [    Test worker] t.c.s.AnnotationConfigContextLoaderUtils : Could not detect default configuration classes for test class [com.littlesight.springboot.web.IndexControllerTest]: IndexControllerTest does not declare any static, non-private, non-final, nested classes annotated with @Configuration.
2020-09-05 23:26:52.260  INFO 3527 --- [    Test worker] .b.t.c.SpringBootTestContextBootstrapper : Found @SpringBootConfiguration com.littlesight.springboot.Application for test class com.littlesight.springboot.web.IndexControllerTest
2020-09-05 23:26:52.266  INFO 3527 --- [    Test worker] .b.t.c.SpringBootTestContextBootstrapper : Loaded default TestExecutionListener class names from location [META-INF/spring.factories]: [org.springframework.security.test.context.support.WithSecurityContextTestExecutionListener, org.springframework.security.test.context.support.ReactorContextTestExecutionListener, org.springframework.boot.test.autoconfigure.restdocs.RestDocsTestExecutionListener, org.springframework.boot.test.autoconfigure.web.client.MockRestServiceServerResetTestExecutionListener, org.springframework.boot.test.autoconfigure.web.servlet.MockMvcPrintOnlyOnFailureTestExecutionListener, org.springframework.boot.test.autoconfigure.web.servlet.WebDriverTestExecutionListener, org.springframework.boot.test.mock.mockito.MockitoTestExecutionListener, org.springframework.boot.test.mock.mockito.ResetMocksTestExecutionListener, org.springframework.test.context.web.ServletTestExecutionListener, org.springframework.test.context.support.DirtiesContextBeforeModesTestExecutionListener, org.springframework.test.context.support.DependencyInjectionTestExecutionListener, org.springframework.test.context.support.DirtiesContextTestExecutionListener, org.springframework.test.context.transaction.TransactionalTestExecutionListener, org.springframework.test.context.jdbc.SqlScriptsTestExecutionListener]
2020-09-05 23:26:52.268  INFO 3527 --- [    Test worker] .b.t.c.SpringBootTestContextBootstrapper : Using TestExecutionListeners: [org.springframework.test.context.web.ServletTestExecutionListener@50192bb, org.springframework.test.context.support.DirtiesContextBeforeModesTestExecutionListener@506d07b8, org.springframework.boot.test.mock.mockito.MockitoTestExecutionListener@5ebad8a3, org.springframework.boot.test.autoconfigure.SpringBootDependencyInjectionTestExecutionListener@65930e42, org.springframework.test.context.support.DirtiesContextTestExecutionListener@6c8edc01, org.springframework.test.context.transaction.TransactionalTestExecutionListener@546656ef, org.springframework.test.context.jdbc.SqlScriptsTestExecutionListener@5c91e300, org.springframework.security.test.context.support.WithSecurityContextTestExecutionListener@218d07ce, org.springframework.security.test.context.support.ReactorContextTestExecutionListener@3b79b92a, org.springframework.boot.test.autoconfigure.restdocs.RestDocsTestExecutionListener@5dce5184, org.springframework.boot.test.autoconfigure.web.client.MockRestServiceServerResetTestExecutionListener@e1420de, org.springframework.boot.test.autoconfigure.web.servlet.MockMvcPrintOnlyOnFailureTestExecutionListener@47eef5a5, org.springframework.boot.test.autoconfigure.web.servlet.WebDriverTestExecutionListener@3128b49b, org.springframework.boot.test.mock.mockito.ResetMocksTestExecutionListener@1ec5914b]

  .   ____          _            __ _ _
 /\\ / ___'_ __ _ _(_)_ __  __ _ \ \ \ \
( ( )\___ | '_ | '_| | '_ \/ _` | \ \ \ \
 \\/  ___)| |_)| | | | | || (_| |  ) ) ) )
  '  |____| .__|_| |_|_| |_\__, | / / / /
 =========|_|==============|___/=/_/_/_/
 :: Spring Boot ::        (v2.1.7.RELEASE)

2020-09-05 23:26:52.315  INFO 3527 --- [    Test worker] c.l.springboot.web.IndexControllerTest   : Starting IndexControllerTest on springboot-webservice with PID 3527 (started by ec2-user in /home/ec2-user/app/step1/springboot)
2020-09-05 23:26:52.318  INFO 3527 --- [    Test worker] c.l.springboot.web.IndexControllerTest   : No active profile set, falling back to default profiles: default
2020-09-05 23:26:52.702  INFO 3527 --- [    Test worker] .s.d.r.c.RepositoryConfigurationDelegate : Bootstrapping Spring Data repositories in DEFAULT mode.
2020-09-05 23:26:52.732  INFO 3527 --- [    Test worker] .s.d.r.c.RepositoryConfigurationDelegate : Finished Spring Data repository scanning in 25ms. Found 2 repository interfaces.
2020-09-05 23:26:52.940  INFO 3527 --- [    Test worker] trationDelegate$BeanPostProcessorChecker : Bean 'org.springframework.transaction.annotation.ProxyTransactionManagementConfiguration' of type [org.springframework.transaction.annotation.ProxyTransactionManagementConfiguration$$EnhancerBySpringCGLIB$$7f912410] is not eligible for getting processed by all BeanPostProcessors (for example: not eligible for auto-proxying)
2020-09-05 23:26:53.418  INFO 3527 --- [    Test worker] o.s.b.w.embedded.tomcat.TomcatWebServer  : Tomcat initialized with port(s): 0 (http)
2020-09-05 23:26:53.494  INFO 3527 --- [    Test worker] o.apache.catalina.core.StandardService   : Starting service [Tomcat]
2020-09-05 23:26:53.494  INFO 3527 --- [    Test worker] org.apache.catalina.core.StandardEngine  : Starting Servlet engine: [Apache Tomcat/9.0.22]
2020-09-05 23:26:53.929  INFO 3527 --- [    Test worker] o.a.c.c.C.[Tomcat].[localhost].[/]       : Initializing Spring embedded WebApplicationContext
2020-09-05 23:26:53.930  INFO 3527 --- [    Test worker] o.s.web.context.ContextLoader            : Root WebApplicationContext: initialization completed in 1611 ms
2020-09-05 23:26:54.230  INFO 3527 --- [    Test worker] com.zaxxer.hikari.HikariDataSource       : HikariPool-2 - Starting...
2020-09-05 23:26:54.237  INFO 3527 --- [    Test worker] com.zaxxer.hikari.HikariDataSource       : HikariPool-2 - Start completed.
2020-09-05 23:26:54.283  INFO 3527 --- [    Test worker] o.hibernate.jpa.internal.util.LogHelper  : HHH000204: Processing PersistenceUnitInfo [
	name: default
	...]
2020-09-05 23:26:54.298  INFO 3527 --- [    Test worker] org.hibernate.dialect.Dialect            : HHH000400: Using dialect: org.hibernate.dialect.H2Dialect
Hibernate: drop table posts if exists
Hibernate: drop table user if exists
Hibernate: create table posts (id bigint generated by default as identity, created_time timestamp, modified_time timestamp, author varchar(255), content TEXT not null, title varchar(500) not null, primary key (id))
Hibernate: create table user (id bigint generated by default as identity, created_time timestamp, modified_time timestamp, email varchar(255) not null, name varchar(255) not null, picture varchar(255), role varchar(255) not null, primary key (id))
2020-09-05 23:26:54.443  INFO 3527 --- [    Test worker] o.h.t.schema.internal.SchemaCreatorImpl  : HHH000476: Executing import script 'org.hibernate.tool.schema.internal.exec.ScriptSourceInputNonExistentImpl@731094a'
2020-09-05 23:26:54.444  INFO 3527 --- [    Test worker] j.LocalContainerEntityManagerFactoryBean : Initialized JPA EntityManagerFactory for persistence unit 'default'
2020-09-05 23:26:55.077  INFO 3527 --- [    Test worker] o.h.h.i.QueryTranslatorFactoryInitiator  : HHH000397: Using ASTQueryTranslatorFactory
2020-09-05 23:26:55.381  INFO 3527 --- [    Test worker] o.s.s.web.DefaultSecurityFilterChain     : Creating filter chain: any request, [org.springframework.security.web.context.request.async.WebAsyncManagerIntegrationFilter@74f7888f, org.springframework.security.web.context.SecurityContextPersistenceFilter@5f0a3fba, org.springframework.security.web.header.HeaderWriterFilter@354bf687, org.springframework.security.web.authentication.logout.LogoutFilter@60769909, org.springframework.security.oauth2.client.web.OAuth2AuthorizationRequestRedirectFilter@552af1d0, org.springframework.security.oauth2.client.web.OAuth2LoginAuthenticationFilter@288d2f39, org.springframework.security.web.authentication.ui.DefaultLoginPageGeneratingFilter@6e8f8c8d, org.springframework.security.web.authentication.ui.DefaultLogoutPageGeneratingFilter@28d778da, org.springframework.security.web.savedrequest.RequestCacheAwareFilter@4ea925fa, org.springframework.security.web.servletapi.SecurityContextHolderAwareRequestFilter@24bc0d66, org.springframework.security.web.authentication.AnonymousAuthenticationFilter@2af1a861, org.springframework.security.web.session.SessionManagementFilter@259dfc80, org.springframework.security.web.access.ExceptionTranslationFilter@60ae3382, org.springframework.security.web.access.intercept.FilterSecurityInterceptor@2a2eca49]
2020-09-05 23:26:55.754  INFO 3527 --- [    Test worker] o.s.s.concurrent.ThreadPoolTaskExecutor  : Initializing ExecutorService 'applicationTaskExecutor'
2020-09-05 23:26:55.790  WARN 3527 --- [    Test worker] aWebConfiguration$JpaWebMvcConfiguration : spring.jpa.open-in-view is enabled by default. Therefore, database queries may be performed during view rendering. Explicitly configure spring.jpa.open-in-view to disable this warning
2020-09-05 23:26:55.841  INFO 3527 --- [    Test worker] o.s.b.a.w.s.WelcomePageHandlerMapping    : Adding welcome page template: index
2020-09-05 23:26:56.336  INFO 3527 --- [    Test worker] s.a.ScheduledAnnotationBeanPostProcessor : No TaskScheduler/ScheduledExecutorService bean found for scheduled processing
2020-09-05 23:26:56.391  INFO 3527 --- [    Test worker] o.s.b.w.embedded.tomcat.TomcatWebServer  : Tomcat started on port(s): 37985 (http) with context path ''
2020-09-05 23:26:56.393  INFO 3527 --- [    Test worker] c.l.springboot.web.IndexControllerTest   : Started IndexControllerTest in 4.124 seconds (JVM running for 22.359)
2020-09-05 23:26:56.593  INFO 3527 --- [o-auto-1-exec-1] o.a.c.c.C.[Tomcat].[localhost].[/]       : Initializing Spring DispatcherServlet 'dispatcherServlet'
2020-09-05 23:26:56.600  INFO 3527 --- [o-auto-1-exec-1] o.s.web.servlet.DispatcherServlet        : Initializing Servlet 'dispatcherServlet'
2020-09-05 23:26:56.619  INFO 3527 --- [o-auto-1-exec-1] o.s.web.servlet.DispatcherServlet        : Completed initialization in 19 ms
Hibernate: select posts0_.id as id1_0_, posts0_.created_time as created_2_0_, posts0_.modified_time as modified3_0_, posts0_.author as author4_0_, posts0_.content as content5_0_, posts0_.title as title6_0_ from posts posts0_ order by posts0_.id DESC
]]></system-out>
  <system-err><![CDATA[]]></system-err>
</testsuite>
