<?xml version="1.0" encoding="UTF-8"?>
<testsuite name="com.littlesight.springboot.web.HelloControllerTest" tests="2" skipped="0" failures="0" errors="0" timestamp="2020-08-31T10:07:28" hostname="DESKTOP-Q41C016" time="0.722">
  <properties/>
  <testcase name="helloDto_return" classname="com.littlesight.springboot.web.HelloControllerTest" time="0.7"/>
  <testcase name="hello_return" classname="com.littlesight.springboot.web.HelloControllerTest" time="0.015"/>
  <system-out><![CDATA[2020-08-31 19:07:25.514  INFO 25548 --- [    Test worker] .b.t.a.w.s.WebMvcTestContextBootstrapper : Neither @ContextConfiguration nor @ContextHierarchy found for test class [com.littlesight.springboot.web.HelloControllerTest], using SpringBootContextLoader
2020-08-31 19:07:25.515  INFO 25548 --- [    Test worker] o.s.t.c.support.AbstractContextLoader    : Could not detect default resource locations for test class [com.littlesight.springboot.web.HelloControllerTest]: no resource found for suffixes {-context.xml, Context.groovy}.
2020-08-31 19:07:25.516  INFO 25548 --- [    Test worker] t.c.s.AnnotationConfigContextLoaderUtils : Could not detect default configuration classes for test class [com.littlesight.springboot.web.HelloControllerTest]: HelloControllerTest does not declare any static, non-private, non-final, nested classes annotated with @Configuration.
2020-08-31 19:07:25.625  INFO 25548 --- [    Test worker] .b.t.c.SpringBootTestContextBootstrapper : Found @SpringBootConfiguration com.littlesight.springboot.Application for test class com.littlesight.springboot.web.HelloControllerTest
2020-08-31 19:07:25.693  INFO 25548 --- [    Test worker] .b.t.a.w.s.WebMvcTestContextBootstrapper : Loaded default TestExecutionListener class names from location [META-INF/spring.factories]: [org.springframework.security.test.context.support.WithSecurityContextTestExecutionListener, org.springframework.security.test.context.support.ReactorContextTestExecutionListener, org.springframework.boot.test.autoconfigure.restdocs.RestDocsTestExecutionListener, org.springframework.boot.test.autoconfigure.web.client.MockRestServiceServerResetTestExecutionListener, org.springframework.boot.test.autoconfigure.web.servlet.MockMvcPrintOnlyOnFailureTestExecutionListener, org.springframework.boot.test.autoconfigure.web.servlet.WebDriverTestExecutionListener, org.springframework.boot.test.mock.mockito.MockitoTestExecutionListener, org.springframework.boot.test.mock.mockito.ResetMocksTestExecutionListener, org.springframework.test.context.web.ServletTestExecutionListener, org.springframework.test.context.support.DirtiesContextBeforeModesTestExecutionListener, org.springframework.test.context.support.DependencyInjectionTestExecutionListener, org.springframework.test.context.support.DirtiesContextTestExecutionListener, org.springframework.test.context.transaction.TransactionalTestExecutionListener, org.springframework.test.context.jdbc.SqlScriptsTestExecutionListener]
2020-08-31 19:07:25.727  INFO 25548 --- [    Test worker] .b.t.a.w.s.WebMvcTestContextBootstrapper : Using TestExecutionListeners: [org.springframework.test.context.web.ServletTestExecutionListener@350a196f, org.springframework.test.context.support.DirtiesContextBeforeModesTestExecutionListener@2f265e4d, org.springframework.boot.test.mock.mockito.MockitoTestExecutionListener@666e8a3c, org.springframework.boot.test.autoconfigure.SpringBootDependencyInjectionTestExecutionListener@2c825869, org.springframework.test.context.support.DirtiesContextTestExecutionListener@49a6edf7, org.springframework.test.context.transaction.TransactionalTestExecutionListener@54ef06b8, org.springframework.test.context.jdbc.SqlScriptsTestExecutionListener@46c24973, org.springframework.security.test.context.support.WithSecurityContextTestExecutionListener@783d00d2, org.springframework.security.test.context.support.ReactorContextTestExecutionListener@68a9377, org.springframework.boot.test.autoconfigure.restdocs.RestDocsTestExecutionListener@2afc8fd8, org.springframework.boot.test.autoconfigure.web.client.MockRestServiceServerResetTestExecutionListener@7ea1c225, org.springframework.boot.test.autoconfigure.web.servlet.MockMvcPrintOnlyOnFailureTestExecutionListener@6e0a66b3, org.springframework.boot.test.autoconfigure.web.servlet.WebDriverTestExecutionListener@3c49412e, org.springframework.boot.test.mock.mockito.ResetMocksTestExecutionListener@72859b30]

  .   ____          _            __ _ _
 /\\ / ___'_ __ _ _(_)_ __  __ _ \ \ \ \
( ( )\___ | '_ | '_| | '_ \/ _` | \ \ \ \
 \\/  ___)| |_)| | | | | || (_| |  ) ) ) )
  '  |____| .__|_| |_|_| |_\__, | / / / /
 =========|_|==============|___/=/_/_/_/
 :: Spring Boot ::        (v2.1.7.RELEASE)

2020-08-31 19:07:25.840  INFO 25548 --- [    Test worker] c.l.springboot.web.HelloControllerTest   : Starting HelloControllerTest on DESKTOP-Q41C016 with PID 25548 (started by SysLab in D:\MyCode\springboot)
2020-08-31 19:07:25.849  INFO 25548 --- [    Test worker] c.l.springboot.web.HelloControllerTest   : No active profile set, falling back to default profiles: default
2020-08-31 19:07:26.772  INFO 25548 --- [    Test worker] o.s.s.concurrent.ThreadPoolTaskExecutor  : Initializing ExecutorService 'applicationTaskExecutor'
2020-08-31 19:07:26.829  INFO 25548 --- [    Test worker] o.s.b.a.w.s.WelcomePageHandlerMapping    : Adding welcome page template: index
2020-08-31 19:07:27.431  INFO 25548 --- [    Test worker] .s.s.UserDetailsServiceAutoConfiguration : 

Using generated security password: a20322c1-b659-4b5a-a8b5-cf1656e681ca

2020-08-31 19:07:27.654  INFO 25548 --- [    Test worker] o.s.s.web.DefaultSecurityFilterChain     : Creating filter chain: any request, [org.springframework.security.web.context.request.async.WebAsyncManagerIntegrationFilter@110faa70, org.springframework.security.web.context.SecurityContextPersistenceFilter@66bc6143, org.springframework.security.web.header.HeaderWriterFilter@3c5df6cb, org.springframework.security.web.csrf.CsrfFilter@5758d7e1, org.springframework.security.web.authentication.logout.LogoutFilter@6bc7e276, org.springframework.security.web.authentication.UsernamePasswordAuthenticationFilter@2d6a0f79, org.springframework.security.web.authentication.ui.DefaultLoginPageGeneratingFilter@7fa99124, org.springframework.security.web.authentication.ui.DefaultLogoutPageGeneratingFilter@54b52adc, org.springframework.security.web.authentication.www.BasicAuthenticationFilter@3bfca38c, org.springframework.security.web.savedrequest.RequestCacheAwareFilter@5f029761, org.springframework.security.web.servletapi.SecurityContextHolderAwareRequestFilter@c3ac9e4, org.springframework.security.web.authentication.AnonymousAuthenticationFilter@a0b1305, org.springframework.security.web.session.SessionManagementFilter@2d2bc97e, org.springframework.security.web.access.ExceptionTranslationFilter@64ebad98, org.springframework.security.web.access.intercept.FilterSecurityInterceptor@56b18382]
2020-08-31 19:07:27.763  INFO 25548 --- [    Test worker] o.s.b.t.m.w.SpringBootMockServletContext : Initializing Spring TestDispatcherServlet ''
2020-08-31 19:07:27.765  INFO 25548 --- [    Test worker] o.s.t.web.servlet.TestDispatcherServlet  : Initializing Servlet ''
2020-08-31 19:07:27.801  INFO 25548 --- [    Test worker] o.s.t.web.servlet.TestDispatcherServlet  : Completed initialization in 32 ms
2020-08-31 19:07:28.111  INFO 25548 --- [    Test worker] c.l.springboot.web.HelloControllerTest   : Started HelloControllerTest in 2.376 seconds (JVM running for 16.356)
]]></system-out>
  <system-err><![CDATA[]]></system-err>
</testsuite>
