<?xml version="1.0" encoding="UTF-8"?>
<testsuite name="com.littlesight.springboot.web.IndexControllerTest" tests="1" skipped="0" failures="0" errors="0" timestamp="2020-09-10T08:44:55" hostname="springboot-webservice" time="0.351">
  <properties/>
  <testcase name="mainPage_Loading" classname="com.littlesight.springboot.web.IndexControllerTest" time="0.351"/>
  <system-out><![CDATA[2020-09-10 17:44:51.749  INFO 4617 --- [    Test worker] .b.t.c.SpringBootTestContextBootstrapper : Neither @ContextConfiguration nor @ContextHierarchy found for test class [com.littlesight.springboot.web.IndexControllerTest], using SpringBootContextLoader
2020-09-10 17:44:51.750  INFO 4617 --- [    Test worker] o.s.t.c.support.AbstractContextLoader    : Could not detect default resource locations for test class [com.littlesight.springboot.web.IndexControllerTest]: no resource found for suffixes {-context.xml, Context.groovy}.
2020-09-10 17:44:51.751  INFO 4617 --- [    Test worker] t.c.s.AnnotationConfigContextLoaderUtils : Could not detect default configuration classes for test class [com.littlesight.springboot.web.IndexControllerTest]: IndexControllerTest does not declare any static, non-private, non-final, nested classes annotated with @Configuration.
2020-09-10 17:44:51.752  INFO 4617 --- [    Test worker] .b.t.c.SpringBootTestContextBootstrapper : Found @SpringBootConfiguration com.littlesight.springboot.Application for test class com.littlesight.springboot.web.IndexControllerTest
2020-09-10 17:44:51.755  INFO 4617 --- [    Test worker] .b.t.c.SpringBootTestContextBootstrapper : Loaded default TestExecutionListener class names from location [META-INF/spring.factories]: [org.springframework.security.test.context.support.WithSecurityContextTestExecutionListener, org.springframework.security.test.context.support.ReactorContextTestExecutionListener, org.springframework.boot.test.autoconfigure.restdocs.RestDocsTestExecutionListener, org.springframework.boot.test.autoconfigure.web.client.MockRestServiceServerResetTestExecutionListener, org.springframework.boot.test.autoconfigure.web.servlet.MockMvcPrintOnlyOnFailureTestExecutionListener, org.springframework.boot.test.autoconfigure.web.servlet.WebDriverTestExecutionListener, org.springframework.boot.test.mock.mockito.MockitoTestExecutionListener, org.springframework.boot.test.mock.mockito.ResetMocksTestExecutionListener, org.springframework.test.context.web.ServletTestExecutionListener, org.springframework.test.context.support.DirtiesContextBeforeModesTestExecutionListener, org.springframework.test.context.support.DependencyInjectionTestExecutionListener, org.springframework.test.context.support.DirtiesContextTestExecutionListener, org.springframework.test.context.transaction.TransactionalTestExecutionListener, org.springframework.test.context.jdbc.SqlScriptsTestExecutionListener]
2020-09-10 17:44:51.756  INFO 4617 --- [    Test worker] .b.t.c.SpringBootTestContextBootstrapper : Using TestExecutionListeners: [org.springframework.test.context.web.ServletTestExecutionListener@60e09157, org.springframework.test.context.support.DirtiesContextBeforeModesTestExecutionListener@2a6c49c0, org.springframework.boot.test.mock.mockito.MockitoTestExecutionListener@476ab11f, org.springframework.boot.test.autoconfigure.SpringBootDependencyInjectionTestExecutionListener@17dc37a1, org.springframework.test.context.support.DirtiesContextTestExecutionListener@73d26624, org.springframework.test.context.transaction.TransactionalTestExecutionListener@3bb813d7, org.springframework.test.context.jdbc.SqlScriptsTestExecutionListener@2948aff6, org.springframework.security.test.context.support.WithSecurityContextTestExecutionListener@5f5fe441, org.springframework.security.test.context.support.ReactorContextTestExecutionListener@3fdc5ac8, org.springframework.boot.test.autoconfigure.restdocs.RestDocsTestExecutionListener@4481c04f, org.springframework.boot.test.autoconfigure.web.client.MockRestServiceServerResetTestExecutionListener@285af036, org.springframework.boot.test.autoconfigure.web.servlet.MockMvcPrintOnlyOnFailureTestExecutionListener@8076490, org.springframework.boot.test.autoconfigure.web.servlet.WebDriverTestExecutionListener@55507542, org.springframework.boot.test.mock.mockito.ResetMocksTestExecutionListener@1f19441f]

  .   ____          _            __ _ _
 /\\ / ___'_ __ _ _(_)_ __  __ _ \ \ \ \
( ( )\___ | '_ | '_| | '_ \/ _` | \ \ \ \
 \\/  ___)| |_)| | | | | || (_| |  ) ) ) )
  '  |____| .__|_| |_|_| |_\__, | / / / /
 =========|_|==============|___/=/_/_/_/
 :: Spring Boot ::        (v2.1.7.RELEASE)

2020-09-10 17:44:51.811  INFO 4617 --- [    Test worker] c.l.springboot.web.IndexControllerTest   : Starting IndexControllerTest on springboot-webservice with PID 4617 (started by ec2-user in /home/ec2-user/app/step1/springboot)
2020-09-10 17:44:51.815  INFO 4617 --- [    Test worker] c.l.springboot.web.IndexControllerTest   : No active profile set, falling back to default profiles: default
2020-09-10 17:44:52.228  INFO 4617 --- [    Test worker] .s.d.r.c.RepositoryConfigurationDelegate : Bootstrapping Spring Data repositories in DEFAULT mode.
2020-09-10 17:44:52.250  INFO 4617 --- [    Test worker] .s.d.r.c.RepositoryConfigurationDelegate : Finished Spring Data repository scanning in 21ms. Found 2 repository interfaces.
2020-09-10 17:44:52.464  INFO 4617 --- [    Test worker] trationDelegate$BeanPostProcessorChecker : Bean 'org.springframework.transaction.annotation.ProxyTransactionManagementConfiguration' of type [org.springframework.transaction.annotation.ProxyTransactionManagementConfiguration$$EnhancerBySpringCGLIB$$bbfceb59] is not eligible for getting processed by all BeanPostProcessors (for example: not eligible for auto-proxying)
2020-09-10 17:44:52.909  INFO 4617 --- [    Test worker] o.s.b.w.embedded.tomcat.TomcatWebServer  : Tomcat initialized with port(s): 0 (http)
2020-09-10 17:44:52.990  INFO 4617 --- [    Test worker] o.apache.catalina.core.StandardService   : Starting service [Tomcat]
2020-09-10 17:44:52.991  INFO 4617 --- [    Test worker] org.apache.catalina.core.StandardEngine  : Starting Servlet engine: [Apache Tomcat/9.0.22]
2020-09-10 17:44:53.467  INFO 4617 --- [    Test worker] o.a.c.c.C.[Tomcat].[localhost].[/]       : Initializing Spring embedded WebApplicationContext
2020-09-10 17:44:53.467  INFO 4617 --- [    Test worker] o.s.web.context.ContextLoader            : Root WebApplicationContext: initialization completed in 1650 ms
2020-09-10 17:44:53.775  INFO 4617 --- [    Test worker] com.zaxxer.hikari.HikariDataSource       : HikariPool-2 - Starting...
2020-09-10 17:44:53.781  INFO 4617 --- [    Test worker] com.zaxxer.hikari.HikariDataSource       : HikariPool-2 - Start completed.
2020-09-10 17:44:53.826  INFO 4617 --- [    Test worker] o.hibernate.jpa.internal.util.LogHelper  : HHH000204: Processing PersistenceUnitInfo [
	name: default
	...]
2020-09-10 17:44:53.842  INFO 4617 --- [    Test worker] org.hibernate.dialect.Dialect            : HHH000400: Using dialect: org.hibernate.dialect.H2Dialect
Hibernate: drop table posts if exists
Hibernate: drop table user if exists
Hibernate: create table posts (id bigint generated by default as identity, created_time timestamp, modified_time timestamp, author varchar(255), content TEXT not null, title varchar(500) not null, primary key (id))
Hibernate: create table user (id bigint generated by default as identity, created_time timestamp, modified_time timestamp, email varchar(255) not null, name varchar(255) not null, picture varchar(255), role varchar(255) not null, primary key (id))
2020-09-10 17:44:53.990  INFO 4617 --- [    Test worker] o.h.t.schema.internal.SchemaCreatorImpl  : HHH000476: Executing import script 'org.hibernate.tool.schema.internal.exec.ScriptSourceInputNonExistentImpl@1d9dcd5c'
2020-09-10 17:44:53.991  INFO 4617 --- [    Test worker] j.LocalContainerEntityManagerFactoryBean : Initialized JPA EntityManagerFactory for persistence unit 'default'
2020-09-10 17:44:54.608  INFO 4617 --- [    Test worker] o.h.h.i.QueryTranslatorFactoryInitiator  : HHH000397: Using ASTQueryTranslatorFactory
2020-09-10 17:44:54.893  INFO 4617 --- [    Test worker] o.s.s.web.DefaultSecurityFilterChain     : Creating filter chain: any request, [org.springframework.security.web.context.request.async.WebAsyncManagerIntegrationFilter@259dfc80, org.springframework.security.web.context.SecurityContextPersistenceFilter@7d1b9202, org.springframework.security.web.header.HeaderWriterFilter@12dcb79a, org.springframework.security.web.authentication.logout.LogoutFilter@69952680, org.springframework.security.oauth2.client.web.OAuth2AuthorizationRequestRedirectFilter@60ae3382, org.springframework.security.oauth2.client.web.OAuth2LoginAuthenticationFilter@354bf687, org.springframework.security.web.authentication.ui.DefaultLoginPageGeneratingFilter@483f2607, org.springframework.security.web.authentication.ui.DefaultLogoutPageGeneratingFilter@5f0a3fba, org.springframework.security.web.savedrequest.RequestCacheAwareFilter@feb66d2, org.springframework.security.web.servletapi.SecurityContextHolderAwareRequestFilter@78fc60d2, org.springframework.security.web.authentication.AnonymousAuthenticationFilter@4ea925fa, org.springframework.security.web.session.SessionManagementFilter@31203a70, org.springframework.security.web.access.ExceptionTranslationFilter@3ce399a, org.springframework.security.web.access.intercept.FilterSecurityInterceptor@1b7c2233]
2020-09-10 17:44:55.260  INFO 4617 --- [    Test worker] o.s.s.concurrent.ThreadPoolTaskExecutor  : Initializing ExecutorService 'applicationTaskExecutor'
2020-09-10 17:44:55.289  WARN 4617 --- [    Test worker] aWebConfiguration$JpaWebMvcConfiguration : spring.jpa.open-in-view is enabled by default. Therefore, database queries may be performed during view rendering. Explicitly configure spring.jpa.open-in-view to disable this warning
2020-09-10 17:44:55.357  INFO 4617 --- [    Test worker] o.s.b.a.w.s.WelcomePageHandlerMapping    : Adding welcome page template: index
2020-09-10 17:44:55.866  INFO 4617 --- [    Test worker] s.a.ScheduledAnnotationBeanPostProcessor : No TaskScheduler/ScheduledExecutorService bean found for scheduled processing
2020-09-10 17:44:55.916  INFO 4617 --- [    Test worker] o.s.b.w.embedded.tomcat.TomcatWebServer  : Tomcat started on port(s): 34665 (http) with context path ''
2020-09-10 17:44:55.920  INFO 4617 --- [    Test worker] c.l.springboot.web.IndexControllerTest   : Started IndexControllerTest in 4.16 seconds (JVM running for 21.44)
2020-09-10 17:44:56.090  INFO 4617 --- [o-auto-1-exec-1] o.a.c.c.C.[Tomcat].[localhost].[/]       : Initializing Spring DispatcherServlet 'dispatcherServlet'
2020-09-10 17:44:56.090  INFO 4617 --- [o-auto-1-exec-1] o.s.web.servlet.DispatcherServlet        : Initializing Servlet 'dispatcherServlet'
2020-09-10 17:44:56.126  INFO 4617 --- [o-auto-1-exec-1] o.s.web.servlet.DispatcherServlet        : Completed initialization in 34 ms
Hibernate: select posts0_.id as id1_0_, posts0_.created_time as created_2_0_, posts0_.modified_time as modified3_0_, posts0_.author as author4_0_, posts0_.content as content5_0_, posts0_.title as title6_0_ from posts posts0_ order by posts0_.id DESC
]]></system-out>
  <system-err><![CDATA[]]></system-err>
</testsuite>
