<?xml version="1.0" encoding="UTF-8"?>
<testsuite name="com.littlesight.springboot.web.dto.HelloResponseDtoTest" tests="1" skipped="0" failures="0" errors="0" timestamp="2020-09-15T09:08:26" hostname="DESKTOP-Q41C016" time="0.005">
  <properties/>
  <testcase name="lombok_function_test" classname="com.littlesight.springboot.web.dto.HelloResponseDtoTest" time="0.005"/>
  <system-out><![CDATA[]]></system-out>
  <system-err><![CDATA[]]></system-err>
</testsuite>
