<?xml version="1.0" encoding="UTF-8"?>
<testsuite name="com.littlesight.springboot.web.IndexControllerTest" tests="1" skipped="0" failures="0" errors="0" timestamp="2020-08-31T10:07:32" hostname="DESKTOP-Q41C016" time="0.386">
  <properties/>
  <testcase name="mainPage_Loading" classname="com.littlesight.springboot.web.IndexControllerTest" time="0.386"/>
  <system-out><![CDATA[2020-08-31 19:07:28.874  INFO 25548 --- [    Test worker] .b.t.c.SpringBootTestContextBootstrapper : Neither @ContextConfiguration nor @ContextHierarchy found for test class [com.littlesight.springboot.web.IndexControllerTest], using SpringBootContextLoader
2020-08-31 19:07:28.875  INFO 25548 --- [    Test worker] o.s.t.c.support.AbstractContextLoader    : Could not detect default resource locations for test class [com.littlesight.springboot.web.IndexControllerTest]: no resource found for suffixes {-context.xml, Context.groovy}.
2020-08-31 19:07:28.875  INFO 25548 --- [    Test worker] t.c.s.AnnotationConfigContextLoaderUtils : Could not detect default configuration classes for test class [com.littlesight.springboot.web.IndexControllerTest]: IndexControllerTest does not declare any static, non-private, non-final, nested classes annotated with @Configuration.
2020-08-31 19:07:28.877  INFO 25548 --- [    Test worker] .b.t.c.SpringBootTestContextBootstrapper : Found @SpringBootConfiguration com.littlesight.springboot.Application for test class com.littlesight.springboot.web.IndexControllerTest
2020-08-31 19:07:28.879  INFO 25548 --- [    Test worker] .b.t.c.SpringBootTestContextBootstrapper : Loaded default TestExecutionListener class names from location [META-INF/spring.factories]: [org.springframework.security.test.context.support.WithSecurityContextTestExecutionListener, org.springframework.security.test.context.support.ReactorContextTestExecutionListener, org.springframework.boot.test.autoconfigure.restdocs.RestDocsTestExecutionListener, org.springframework.boot.test.autoconfigure.web.client.MockRestServiceServerResetTestExecutionListener, org.springframework.boot.test.autoconfigure.web.servlet.MockMvcPrintOnlyOnFailureTestExecutionListener, org.springframework.boot.test.autoconfigure.web.servlet.WebDriverTestExecutionListener, org.springframework.boot.test.mock.mockito.MockitoTestExecutionListener, org.springframework.boot.test.mock.mockito.ResetMocksTestExecutionListener, org.springframework.test.context.web.ServletTestExecutionListener, org.springframework.test.context.support.DirtiesContextBeforeModesTestExecutionListener, org.springframework.test.context.support.DependencyInjectionTestExecutionListener, org.springframework.test.context.support.DirtiesContextTestExecutionListener, org.springframework.test.context.transaction.TransactionalTestExecutionListener, org.springframework.test.context.jdbc.SqlScriptsTestExecutionListener]
2020-08-31 19:07:28.881  INFO 25548 --- [    Test worker] .b.t.c.SpringBootTestContextBootstrapper : Using TestExecutionListeners: [org.springframework.test.context.web.ServletTestExecutionListener@4fe0823c, org.springframework.test.context.support.DirtiesContextBeforeModesTestExecutionListener@d1cf976, org.springframework.boot.test.mock.mockito.MockitoTestExecutionListener@d75bac0, org.springframework.boot.test.autoconfigure.SpringBootDependencyInjectionTestExecutionListener@26553c49, org.springframework.test.context.support.DirtiesContextTestExecutionListener@6defbbdd, org.springframework.test.context.transaction.TransactionalTestExecutionListener@752385f, org.springframework.test.context.jdbc.SqlScriptsTestExecutionListener@27d131cf, org.springframework.security.test.context.support.WithSecurityContextTestExecutionListener@2869e608, org.springframework.security.test.context.support.ReactorContextTestExecutionListener@38c8918b, org.springframework.boot.test.autoconfigure.restdocs.RestDocsTestExecutionListener@2e4ec60d, org.springframework.boot.test.autoconfigure.web.client.MockRestServiceServerResetTestExecutionListener@3fd542, org.springframework.boot.test.autoconfigure.web.servlet.MockMvcPrintOnlyOnFailureTestExecutionListener@67812aeb, org.springframework.boot.test.autoconfigure.web.servlet.WebDriverTestExecutionListener@1bb9bb59, org.springframework.boot.test.mock.mockito.ResetMocksTestExecutionListener@439f788d]

  .   ____          _            __ _ _
 /\\ / ___'_ __ _ _(_)_ __  __ _ \ \ \ \
( ( )\___ | '_ | '_| | '_ \/ _` | \ \ \ \
 \\/  ___)| |_)| | | | | || (_| |  ) ) ) )
  '  |____| .__|_| |_|_| |_\__, | / / / /
 =========|_|==============|___/=/_/_/_/
 :: Spring Boot ::        (v2.1.7.RELEASE)

2020-08-31 19:07:29.190  INFO 25548 --- [    Test worker] c.l.springboot.web.IndexControllerTest   : Starting IndexControllerTest on DESKTOP-Q41C016 with PID 25548 (started by SysLab in D:\MyCode\springboot)
2020-08-31 19:07:29.202  INFO 25548 --- [    Test worker] c.l.springboot.web.IndexControllerTest   : No active profile set, falling back to default profiles: default
2020-08-31 19:07:29.820  INFO 25548 --- [    Test worker] .s.d.r.c.RepositoryConfigurationDelegate : Bootstrapping Spring Data repositories in DEFAULT mode.
2020-08-31 19:07:29.860  INFO 25548 --- [    Test worker] .s.d.r.c.RepositoryConfigurationDelegate : Finished Spring Data repository scanning in 39ms. Found 2 repository interfaces.
2020-08-31 19:07:30.084  INFO 25548 --- [    Test worker] trationDelegate$BeanPostProcessorChecker : Bean 'org.springframework.transaction.annotation.ProxyTransactionManagementConfiguration' of type [org.springframework.transaction.annotation.ProxyTransactionManagementConfiguration$$EnhancerBySpringCGLIB$$b7faf062] is not eligible for getting processed by all BeanPostProcessors (for example: not eligible for auto-proxying)
2020-08-31 19:07:30.501  INFO 25548 --- [    Test worker] o.s.b.w.embedded.tomcat.TomcatWebServer  : Tomcat initialized with port(s): 0 (http)
2020-08-31 19:07:30.551  INFO 25548 --- [    Test worker] o.apache.catalina.core.StandardService   : Starting service [Tomcat]
2020-08-31 19:07:30.551  INFO 25548 --- [    Test worker] org.apache.catalina.core.StandardEngine  : Starting Servlet engine: [Apache Tomcat/9.0.22]
2020-08-31 19:07:30.848  INFO 25548 --- [    Test worker] o.a.c.c.C.[Tomcat].[localhost].[/]       : Initializing Spring embedded WebApplicationContext
2020-08-31 19:07:30.850  INFO 25548 --- [    Test worker] o.s.web.context.ContextLoader            : Root WebApplicationContext: initialization completed in 1642 ms
2020-08-31 19:07:31.173  INFO 25548 --- [    Test worker] com.zaxxer.hikari.HikariDataSource       : HikariPool-2 - Starting...
2020-08-31 19:07:31.175  INFO 25548 --- [    Test worker] com.zaxxer.hikari.HikariDataSource       : HikariPool-2 - Start completed.
2020-08-31 19:07:31.239  INFO 25548 --- [    Test worker] o.hibernate.jpa.internal.util.LogHelper  : HHH000204: Processing PersistenceUnitInfo [
	name: default
	...]
2020-08-31 19:07:31.253  INFO 25548 --- [    Test worker] org.hibernate.dialect.Dialect            : HHH000400: Using dialect: org.hibernate.dialect.H2Dialect
Hibernate: drop table posts if exists
Hibernate: drop table user if exists
Hibernate: create table posts (id bigint generated by default as identity, created_time timestamp, modified_time timestamp, author varchar(255), content TEXT not null, title varchar(500) not null, primary key (id))
Hibernate: create table user (id bigint generated by default as identity, created_time timestamp, modified_time timestamp, email varchar(255) not null, name varchar(255) not null, picture varchar(255), role varchar(255) not null, primary key (id))
2020-08-31 19:07:31.329  INFO 25548 --- [    Test worker] o.h.t.schema.internal.SchemaCreatorImpl  : HHH000476: Executing import script 'org.hibernate.tool.schema.internal.exec.ScriptSourceInputNonExistentImpl@2771b65b'
2020-08-31 19:07:31.329  INFO 25548 --- [    Test worker] j.LocalContainerEntityManagerFactoryBean : Initialized JPA EntityManagerFactory for persistence unit 'default'
2020-08-31 19:07:31.769  INFO 25548 --- [    Test worker] o.h.h.i.QueryTranslatorFactoryInitiator  : HHH000397: Using ASTQueryTranslatorFactory
2020-08-31 19:07:31.983  INFO 25548 --- [    Test worker] o.s.s.web.DefaultSecurityFilterChain     : Creating filter chain: any request, [org.springframework.security.web.context.request.async.WebAsyncManagerIntegrationFilter@31e2ada7, org.springframework.security.web.context.SecurityContextPersistenceFilter@4b67c34f, org.springframework.security.web.header.HeaderWriterFilter@7f773bc5, org.springframework.security.web.authentication.logout.LogoutFilter@274c7f38, org.springframework.security.oauth2.client.web.OAuth2AuthorizationRequestRedirectFilter@2e57ad9c, org.springframework.security.oauth2.client.web.OAuth2LoginAuthenticationFilter@1f3372dd, org.springframework.security.web.authentication.ui.DefaultLoginPageGeneratingFilter@5244b384, org.springframework.security.web.authentication.ui.DefaultLogoutPageGeneratingFilter@11a1235f, org.springframework.security.web.savedrequest.RequestCacheAwareFilter@392b4d7a, org.springframework.security.web.servletapi.SecurityContextHolderAwareRequestFilter@7f44e089, org.springframework.security.web.authentication.AnonymousAuthenticationFilter@28947ba, org.springframework.security.web.session.SessionManagementFilter@23a1d194, org.springframework.security.web.access.ExceptionTranslationFilter@5b753960, org.springframework.security.web.access.intercept.FilterSecurityInterceptor@707a033f]
2020-08-31 19:07:32.266  INFO 25548 --- [    Test worker] o.s.s.concurrent.ThreadPoolTaskExecutor  : Initializing ExecutorService 'applicationTaskExecutor'
2020-08-31 19:07:32.283  WARN 25548 --- [    Test worker] aWebConfiguration$JpaWebMvcConfiguration : spring.jpa.open-in-view is enabled by default. Therefore, database queries may be performed during view rendering. Explicitly configure spring.jpa.open-in-view to disable this warning
2020-08-31 19:07:32.318  INFO 25548 --- [    Test worker] o.s.b.a.w.s.WelcomePageHandlerMapping    : Adding welcome page template: index
2020-08-31 19:07:32.782  INFO 25548 --- [    Test worker] s.a.ScheduledAnnotationBeanPostProcessor : No TaskScheduler/ScheduledExecutorService bean found for scheduled processing
2020-08-31 19:07:32.818  INFO 25548 --- [    Test worker] o.s.b.w.embedded.tomcat.TomcatWebServer  : Tomcat started on port(s): 7744 (http) with context path ''
2020-08-31 19:07:32.828  INFO 25548 --- [    Test worker] c.l.springboot.web.IndexControllerTest   : Started IndexControllerTest in 3.943 seconds (JVM running for 21.073)
2020-08-31 19:07:33.020  INFO 25548 --- [o-auto-1-exec-1] o.a.c.c.C.[Tomcat].[localhost].[/]       : Initializing Spring DispatcherServlet 'dispatcherServlet'
2020-08-31 19:07:33.020  INFO 25548 --- [o-auto-1-exec-1] o.s.web.servlet.DispatcherServlet        : Initializing Servlet 'dispatcherServlet'
2020-08-31 19:07:33.067  INFO 25548 --- [o-auto-1-exec-1] o.s.web.servlet.DispatcherServlet        : Completed initialization in 47 ms
Hibernate: select posts0_.id as id1_0_, posts0_.created_time as created_2_0_, posts0_.modified_time as modified3_0_, posts0_.author as author4_0_, posts0_.content as content5_0_, posts0_.title as title6_0_ from posts posts0_ order by posts0_.id DESC
]]></system-out>
  <system-err><![CDATA[]]></system-err>
</testsuite>
