<?xml version="1.0" encoding="UTF-8"?>
<testsuite name="com.littlesight.springboot.domain.posts.PostsRepositoryTest" tests="2" skipped="0" failures="0" errors="0" timestamp="2020-09-08T07:04:52" hostname="DESKTOP-Q41C016" time="0.555">
  <properties/>
  <testcase name="read_load" classname="com.littlesight.springboot.domain.posts.PostsRepositoryTest" time="0.52"/>
  <testcase name="BaseTimeEntity_Register" classname="com.littlesight.springboot.domain.posts.PostsRepositoryTest" time="0.032"/>
  <system-out><![CDATA[16:04:40.890 [Test worker] DEBUG org.springframework.test.context.junit4.SpringJUnit4ClassRunner - SpringJUnit4ClassRunner constructor called with [class com.littlesight.springboot.domain.posts.PostsRepositoryTest]
16:04:40.910 [Test worker] DEBUG org.springframework.test.context.BootstrapUtils - Instantiating CacheAwareContextLoaderDelegate from class [org.springframework.test.context.cache.DefaultCacheAwareContextLoaderDelegate]
16:04:40.928 [Test worker] DEBUG org.springframework.test.context.BootstrapUtils - Instantiating BootstrapContext using constructor [public org.springframework.test.context.support.DefaultBootstrapContext(java.lang.Class,org.springframework.test.context.CacheAwareContextLoaderDelegate)]
16:04:40.957 [Test worker] DEBUG org.springframework.test.context.BootstrapUtils - Instantiating TestContextBootstrapper for test class [com.littlesight.springboot.domain.posts.PostsRepositoryTest] from class [org.springframework.boot.test.context.SpringBootTestContextBootstrapper]
16:04:40.982 [Test worker] INFO org.springframework.boot.test.context.SpringBootTestContextBootstrapper - Neither @ContextConfiguration nor @ContextHierarchy found for test class [com.littlesight.springboot.domain.posts.PostsRepositoryTest], using SpringBootContextLoader
16:04:40.987 [Test worker] DEBUG org.springframework.test.context.support.AbstractContextLoader - Did not detect default resource location for test class [com.littlesight.springboot.domain.posts.PostsRepositoryTest]: class path resource [com/littlesight/springboot/domain/posts/PostsRepositoryTest-context.xml] does not exist
16:04:40.988 [Test worker] DEBUG org.springframework.test.context.support.AbstractContextLoader - Did not detect default resource location for test class [com.littlesight.springboot.domain.posts.PostsRepositoryTest]: class path resource [com/littlesight/springboot/domain/posts/PostsRepositoryTestContext.groovy] does not exist
16:04:40.988 [Test worker] INFO org.springframework.test.context.support.AbstractContextLoader - Could not detect default resource locations for test class [com.littlesight.springboot.domain.posts.PostsRepositoryTest]: no resource found for suffixes {-context.xml, Context.groovy}.
16:04:40.989 [Test worker] INFO org.springframework.test.context.support.AnnotationConfigContextLoaderUtils - Could not detect default configuration classes for test class [com.littlesight.springboot.domain.posts.PostsRepositoryTest]: PostsRepositoryTest does not declare any static, non-private, non-final, nested classes annotated with @Configuration.
16:04:41.057 [Test worker] DEBUG org.springframework.test.context.support.ActiveProfilesUtils - Could not find an 'annotation declaring class' for annotation type [org.springframework.test.context.ActiveProfiles] and class [com.littlesight.springboot.domain.posts.PostsRepositoryTest]
16:04:41.206 [Test worker] DEBUG org.springframework.context.annotation.ClassPathScanningCandidateComponentProvider - Identified candidate component class: file [D:\MyCode\springboot\build\classes\java\main\com\littlesight\springboot\Application.class]
16:04:41.208 [Test worker] INFO org.springframework.boot.test.context.SpringBootTestContextBootstrapper - Found @SpringBootConfiguration com.littlesight.springboot.Application for test class com.littlesight.springboot.domain.posts.PostsRepositoryTest
16:04:41.351 [Test worker] DEBUG org.springframework.boot.test.context.SpringBootTestContextBootstrapper - @TestExecutionListeners is not present for class [com.littlesight.springboot.domain.posts.PostsRepositoryTest]: using defaults.
16:04:41.352 [Test worker] INFO org.springframework.boot.test.context.SpringBootTestContextBootstrapper - Loaded default TestExecutionListener class names from location [META-INF/spring.factories]: [org.springframework.security.test.context.support.WithSecurityContextTestExecutionListener, org.springframework.security.test.context.support.ReactorContextTestExecutionListener, org.springframework.boot.test.autoconfigure.restdocs.RestDocsTestExecutionListener, org.springframework.boot.test.autoconfigure.web.client.MockRestServiceServerResetTestExecutionListener, org.springframework.boot.test.autoconfigure.web.servlet.MockMvcPrintOnlyOnFailureTestExecutionListener, org.springframework.boot.test.autoconfigure.web.servlet.WebDriverTestExecutionListener, org.springframework.boot.test.mock.mockito.MockitoTestExecutionListener, org.springframework.boot.test.mock.mockito.ResetMocksTestExecutionListener, org.springframework.test.context.web.ServletTestExecutionListener, org.springframework.test.context.support.DirtiesContextBeforeModesTestExecutionListener, org.springframework.test.context.support.DependencyInjectionTestExecutionListener, org.springframework.test.context.support.DirtiesContextTestExecutionListener, org.springframework.test.context.transaction.TransactionalTestExecutionListener, org.springframework.test.context.jdbc.SqlScriptsTestExecutionListener]
16:04:41.395 [Test worker] INFO org.springframework.boot.test.context.SpringBootTestContextBootstrapper - Using TestExecutionListeners: [org.springframework.test.context.web.ServletTestExecutionListener@784150aa, org.springframework.test.context.support.DirtiesContextBeforeModesTestExecutionListener@3cbcfc5a, org.springframework.boot.test.mock.mockito.MockitoTestExecutionListener@2a4a71ad, org.springframework.boot.test.autoconfigure.SpringBootDependencyInjectionTestExecutionListener@5af3e8c0, org.springframework.test.context.support.DirtiesContextTestExecutionListener@28c52734, org.springframework.test.context.transaction.TransactionalTestExecutionListener@7340405a, org.springframework.test.context.jdbc.SqlScriptsTestExecutionListener@a7e9086, org.springframework.security.test.context.support.WithSecurityContextTestExecutionListener@4f0edce1, org.springframework.security.test.context.support.ReactorContextTestExecutionListener@4e73aeb3, org.springframework.boot.test.autoconfigure.restdocs.RestDocsTestExecutionListener@3f4065b7, org.springframework.boot.test.autoconfigure.web.client.MockRestServiceServerResetTestExecutionListener@41c42879, org.springframework.boot.test.autoconfigure.web.servlet.MockMvcPrintOnlyOnFailureTestExecutionListener@78140d74, org.springframework.boot.test.autoconfigure.web.servlet.WebDriverTestExecutionListener@2b4122f3, org.springframework.boot.test.mock.mockito.ResetMocksTestExecutionListener@179087f1]
16:04:41.401 [Test worker] DEBUG org.springframework.test.annotation.ProfileValueUtils - Retrieved @ProfileValueSourceConfiguration [null] for test class [com.littlesight.springboot.domain.posts.PostsRepositoryTest]
16:04:41.402 [Test worker] DEBUG org.springframework.test.annotation.ProfileValueUtils - Retrieved ProfileValueSource type [class org.springframework.test.annotation.SystemProfileValueSource] for class [com.littlesight.springboot.domain.posts.PostsRepositoryTest]
16:04:41.412 [Test worker] DEBUG org.springframework.test.annotation.ProfileValueUtils - Retrieved @ProfileValueSourceConfiguration [null] for test class [com.littlesight.springboot.domain.posts.PostsRepositoryTest]
16:04:41.412 [Test worker] DEBUG org.springframework.test.annotation.ProfileValueUtils - Retrieved ProfileValueSource type [class org.springframework.test.annotation.SystemProfileValueSource] for class [com.littlesight.springboot.domain.posts.PostsRepositoryTest]
16:04:41.420 [Test worker] DEBUG org.springframework.test.context.support.AbstractDirtiesContextTestExecutionListener - Before test class: context [DefaultTestContext@58d1fe86 testClass = PostsRepositoryTest, testInstance = [null], testMethod = [null], testException = [null], mergedContextConfiguration = [WebMergedContextConfiguration@36249a87 testClass = PostsRepositoryTest, locations = '{}', classes = '{class com.littlesight.springboot.Application}', contextInitializerClasses = '[]', activeProfiles = '{}', propertySourceLocations = '{}', propertySourceProperties = '{org.springframework.boot.test.context.SpringBootTestContextBootstrapper=true}', contextCustomizers = set[org.springframework.boot.test.autoconfigure.properties.PropertyMappingContextCustomizer@0, org.springframework.boot.test.autoconfigure.web.servlet.WebDriverContextCustomizerFactory$Customizer@40cbb6fa, org.springframework.boot.test.context.filter.ExcludeFilterContextCustomizer@4a214500, org.springframework.boot.test.json.DuplicateJsonObjectContextCustomizerFactory$DuplicateJsonObjectContextCustomizer@f216f8d, org.springframework.boot.test.mock.mockito.MockitoContextCustomizer@0, org.springframework.boot.test.web.client.TestRestTemplateContextCustomizer@1ee972b7], resourceBasePath = 'src/main/webapp', contextLoader = 'org.springframework.boot.test.context.SpringBootContextLoader', parent = [null]], attributes = map['org.springframework.test.context.web.ServletTestExecutionListener.activateListener' -> true]], class annotated with @DirtiesContext [false] with mode [null].
16:04:41.421 [Test worker] DEBUG org.springframework.test.annotation.ProfileValueUtils - Retrieved @ProfileValueSourceConfiguration [null] for test class [com.littlesight.springboot.domain.posts.PostsRepositoryTest]
16:04:41.421 [Test worker] DEBUG org.springframework.test.annotation.ProfileValueUtils - Retrieved ProfileValueSource type [class org.springframework.test.annotation.SystemProfileValueSource] for class [com.littlesight.springboot.domain.posts.PostsRepositoryTest]
16:04:41.449 [Test worker] DEBUG org.springframework.test.context.support.TestPropertySourceUtils - Adding inlined properties to environment: {spring.jmx.enabled=false, org.springframework.boot.test.context.SpringBootTestContextBootstrapper=true, server.port=-1}

  .   ____          _            __ _ _
 /\\ / ___'_ __ _ _(_)_ __  __ _ \ \ \ \
( ( )\___ | '_ | '_| | '_ \/ _` | \ \ \ \
 \\/  ___)| |_)| | | | | || (_| |  ) ) ) )
  '  |____| .__|_| |_|_| |_\__, | / / / /
 =========|_|==============|___/=/_/_/_/
 :: Spring Boot ::        (v2.1.7.RELEASE)

2020-09-08 16:04:41.952  INFO 19308 --- [    Test worker] c.l.s.domain.posts.PostsRepositoryTest   : Starting PostsRepositoryTest on DESKTOP-Q41C016 with PID 19308 (started by SysLab in D:\MyCode\springboot)
2020-09-08 16:04:41.955  INFO 19308 --- [    Test worker] c.l.s.domain.posts.PostsRepositoryTest   : No active profile set, falling back to default profiles: default
2020-09-08 16:04:44.331  INFO 19308 --- [    Test worker] .s.d.r.c.RepositoryConfigurationDelegate : Bootstrapping Spring Data repositories in DEFAULT mode.
2020-09-08 16:04:44.472  INFO 19308 --- [    Test worker] .s.d.r.c.RepositoryConfigurationDelegate : Finished Spring Data repository scanning in 129ms. Found 2 repository interfaces.
2020-09-08 16:04:45.730  INFO 19308 --- [    Test worker] trationDelegate$BeanPostProcessorChecker : Bean 'org.springframework.transaction.annotation.ProxyTransactionManagementConfiguration' of type [org.springframework.transaction.annotation.ProxyTransactionManagementConfiguration$$EnhancerBySpringCGLIB$$d5cc9cfc] is not eligible for getting processed by all BeanPostProcessors (for example: not eligible for auto-proxying)
2020-09-08 16:04:46.447  INFO 19308 --- [    Test worker] com.zaxxer.hikari.HikariDataSource       : HikariPool-1 - Starting...
2020-09-08 16:04:46.751  INFO 19308 --- [    Test worker] com.zaxxer.hikari.HikariDataSource       : HikariPool-1 - Start completed.
2020-09-08 16:04:46.925  INFO 19308 --- [    Test worker] o.hibernate.jpa.internal.util.LogHelper  : HHH000204: Processing PersistenceUnitInfo [
	name: default
	...]
2020-09-08 16:04:47.035  INFO 19308 --- [    Test worker] org.hibernate.Version                    : HHH000412: Hibernate Core {5.3.10.Final}
2020-09-08 16:04:47.037  INFO 19308 --- [    Test worker] org.hibernate.cfg.Environment            : HHH000206: hibernate.properties not found
2020-09-08 16:04:47.275  INFO 19308 --- [    Test worker] o.hibernate.annotations.common.Version   : HCANN000001: Hibernate Commons Annotations {5.0.4.Final}
2020-09-08 16:04:47.528  INFO 19308 --- [    Test worker] org.hibernate.dialect.Dialect            : HHH000400: Using dialect: org.hibernate.dialect.H2Dialect
Hibernate: drop table posts if exists
Hibernate: drop table user if exists
Hibernate: create table posts (id bigint generated by default as identity, created_time timestamp, modified_time timestamp, author varchar(255), content TEXT not null, title varchar(500) not null, primary key (id))
Hibernate: create table user (id bigint generated by default as identity, created_time timestamp, modified_time timestamp, email varchar(255) not null, name varchar(255) not null, picture varchar(255), role varchar(255) not null, primary key (id))
2020-09-08 16:04:48.572  INFO 19308 --- [    Test worker] o.h.t.schema.internal.SchemaCreatorImpl  : HHH000476: Executing import script 'org.hibernate.tool.schema.internal.exec.ScriptSourceInputNonExistentImpl@599a2343'
2020-09-08 16:04:48.577  INFO 19308 --- [    Test worker] j.LocalContainerEntityManagerFactoryBean : Initialized JPA EntityManagerFactory for persistence unit 'default'
2020-09-08 16:04:49.471  INFO 19308 --- [    Test worker] o.h.h.i.QueryTranslatorFactoryInitiator  : HHH000397: Using ASTQueryTranslatorFactory
2020-09-08 16:04:50.370  INFO 19308 --- [    Test worker] o.s.s.web.DefaultSecurityFilterChain     : Creating filter chain: any request, [org.springframework.security.web.context.request.async.WebAsyncManagerIntegrationFilter@4748fee1, org.springframework.security.web.context.SecurityContextPersistenceFilter@77019954, org.springframework.security.web.header.HeaderWriterFilter@26ebf78, org.springframework.security.web.authentication.logout.LogoutFilter@56157d9a, org.springframework.security.oauth2.client.web.OAuth2AuthorizationRequestRedirectFilter@2a8925a0, org.springframework.security.oauth2.client.web.OAuth2LoginAuthenticationFilter@7ee0f405, org.springframework.security.web.authentication.ui.DefaultLoginPageGeneratingFilter@799d2cd5, org.springframework.security.web.authentication.ui.DefaultLogoutPageGeneratingFilter@6074b253, org.springframework.security.web.savedrequest.RequestCacheAwareFilter@2b7a7c98, org.springframework.security.web.servletapi.SecurityContextHolderAwareRequestFilter@380b3bf6, org.springframework.security.web.authentication.AnonymousAuthenticationFilter@edafb22, org.springframework.security.web.session.SessionManagementFilter@3f63571d, org.springframework.security.web.access.ExceptionTranslationFilter@7de0d642, org.springframework.security.web.access.intercept.FilterSecurityInterceptor@36a40327]
2020-09-08 16:04:51.159  INFO 19308 --- [    Test worker] o.s.s.concurrent.ThreadPoolTaskExecutor  : Initializing ExecutorService 'applicationTaskExecutor'
2020-09-08 16:04:51.239  WARN 19308 --- [    Test worker] aWebConfiguration$JpaWebMvcConfiguration : spring.jpa.open-in-view is enabled by default. Therefore, database queries may be performed during view rendering. Explicitly configure spring.jpa.open-in-view to disable this warning
2020-09-08 16:04:51.313  INFO 19308 --- [    Test worker] o.s.b.a.w.s.WelcomePageHandlerMapping    : Adding welcome page template: index
2020-09-08 16:04:52.492  INFO 19308 --- [    Test worker] s.a.ScheduledAnnotationBeanPostProcessor : No TaskScheduler/ScheduledExecutorService bean found for scheduled processing
2020-09-08 16:04:52.510  INFO 19308 --- [    Test worker] c.l.s.domain.posts.PostsRepositoryTest   : Started PostsRepositoryTest in 11.05 seconds (JVM running for 13.377)
Hibernate: insert into posts (id, created_time, modified_time, author, content, title) values (null, ?, ?, ?, ?, ?)
Hibernate: select posts0_.id as id1_0_, posts0_.created_time as created_2_0_, posts0_.modified_time as modified3_0_, posts0_.author as author4_0_, posts0_.content as content5_0_, posts0_.title as title6_0_ from posts posts0_
Hibernate: select posts0_.id as id1_0_, posts0_.created_time as created_2_0_, posts0_.modified_time as modified3_0_, posts0_.author as author4_0_, posts0_.content as content5_0_, posts0_.title as title6_0_ from posts posts0_
Hibernate: delete from posts where id=?
Hibernate: insert into posts (id, created_time, modified_time, author, content, title) values (null, ?, ?, ?, ?, ?)
Hibernate: select posts0_.id as id1_0_, posts0_.created_time as created_2_0_, posts0_.modified_time as modified3_0_, posts0_.author as author4_0_, posts0_.content as content5_0_, posts0_.title as title6_0_ from posts posts0_
CreateDate = 2020-09-08T16:04:53.090 modifiedDate = 2020-09-08T16:04:53.090
Hibernate: select posts0_.id as id1_0_, posts0_.created_time as created_2_0_, posts0_.modified_time as modified3_0_, posts0_.author as author4_0_, posts0_.content as content5_0_, posts0_.title as title6_0_ from posts posts0_
Hibernate: delete from posts where id=?
]]></system-out>
  <system-err><![CDATA[]]></system-err>
</testsuite>
